#
# A fatal error has been detected by the Java Runtime Environment:
#
#  EXCEPTION_ACCESS_VIOLATION (0xc0000005) at pc=0x00007fff6567bba1, pid=8232, tid=11580
#
# JRE version: OpenJDK Runtime Environment Temurin-17.0.7+7 (17.0.7+7) (build 17.0.7+7)
# Java VM: OpenJDK 64-Bit Server VM Temurin-17.0.7+7 (17.0.7+7, mixed mode, tiered, compressed oops, compressed class ptrs, g1 gc, windows-amd64)
# Problematic frame:
# V  [jvm.dll+0x2cbba1]
#
# No core dump will be written. Minidumps are not enabled by default on client versions of Windows
#
# If you would like to submit a bug report, please visit:
#   https://github.com/adoptium/adoptium-support/issues
#

---------------  S U M M A R Y ------------

Command Line: -ea -Dfile.encoding=UTF-8 -XX:+ShowCodeDetailsInExceptionMessages org.testng.remote.RemoteTestNG -serport 53057 -protocol json -d C:\Users\XSC-10286\eclipse-workspace\Intel_School_Live\test-output C:\Users\XSC-10~1\AppData\Local\Temp\testng-eclipse-179188309\testng-customsuite.xml

Host: Intel(R) Core(TM) i3-7020U CPU @ 2.30GHz, 4 cores, 7G,  Windows 10 , 64 bit Build 19041 (10.0.19041.2913)
Time: Mon Jun 12 11:13:17 2023 India Standard Time elapsed time: 12.483460 seconds (0d 0h 0m 12s)

---------------  T H R E A D  ---------------

Current thread (0x00000298aa4ad070):  JavaThread "Forwarding sendKeysToElement on session 1a4da72138365697f2e669ef46867a98 to remote" [_thread_in_vm, id=11580, stack(0x000000e7cb300000,0x000000e7cb400000)]

Stack: [0x000000e7cb300000,0x000000e7cb400000],  sp=0x000000e7cb3faaa0,  free space=1002k
Native frames: (J=compiled Java code, j=interpreted, Vv=VM code, C=native code)
V  [jvm.dll+0x2cbba1]
V  [jvm.dll+0x2cb8d5]
V  [jvm.dll+0x6e0676]
V  [jvm.dll+0x6e020b]
V  [jvm.dll+0x6e0482]
C  0x00000298b68c1a07

Java frames: (J=compiled Java code, j=interpreted, Vv=VM code)
C  0x0000000000100000

[error occurred during error reporting (printing Java stack), id 0xc0000005, EXCEPTION_ACCESS_VIOLATION (0xc0000005) at pc=0x00007fff6567bba1]


siginfo: EXCEPTION_ACCESS_VIOLATION (0xc0000005), reading address 0x0000000000000008


Register to memory mapping:

RIP=0x00007fff6567bba1 jvm.dll
RAX=0x00000298c58e8a10 points into unknown readable memory: 0x00000298aa4c47c0 | c0 47 4c aa 98 02 00 00
RBX=0x000000e7cb3fac00 is pointing into the stack for thread: 0x00000298aa4ad070
RCX=0x000000e7cb3fac00 is pointing into the stack for thread: 0x00000298aa4ad070
RDX=0x0 is NULL
RSP=0x000000e7cb3faaa0 is pointing into the stack for thread: 0x00000298aa4ad070
RBP=0x000000e7cb3fac10 is pointing into the stack for thread: 0x00000298aa4ad070
RSI=0x000000e7cb3fac60 is pointing into the stack for thread: 0x00000298aa4ad070
RDI=0x000000e7cb3fac30 is pointing into the stack for thread: 0x00000298aa4ad070
R8 =0x0 is NULL
R9 =0x0000000000000003 is an unknown value
R10=0x00000298aa2a32d0 points into unknown readable memory: 0x00000298aa4bb340 | 40 b3 4b aa 98 02 00 00
R11=0x00000298af66f240 is at entry_point+32 in (nmethod*)0x00000298af66f090
R12=0x000000e7cb3fd240 is pointing into the stack for thread: 0x00000298aa4ad070
R13=0x000000e7cb3fde40 is pointing into the stack for thread: 0x00000298aa4ad070
R14=0x00000298aa4ad540 points into unknown readable memory: 0x0000000000000000 | 00 00 00 00 00 00 00 00
R15=0x00000298aa4ad070 is a thread


Registers:
RAX=0x00000298c58e8a10, RBX=0x000000e7cb3fac00, RCX=0x000000e7cb3fac00, RDX=0x0000000000000000
RSP=0x000000e7cb3faaa0, RBP=0x000000e7cb3fac10, RSI=0x000000e7cb3fac60, RDI=0x000000e7cb3fac30
R8 =0x0000000000000000, R9 =0x0000000000000003, R10=0x00000298aa2a32d0, R11=0x00000298af66f240
R12=0x000000e7cb3fd240, R13=0x000000e7cb3fde40, R14=0x00000298aa4ad540, R15=0x00000298aa4ad070
RIP=0x00007fff6567bba1, EFLAGS=0x0000000000010246

Top of Stack: (sp=0x000000e7cb3faaa0)
0x000000e7cb3faaa0:   00000298aa2a8640 00007fff6567aefc
0x000000e7cb3faab0:   000000e7cb3fac30 000000e7cb3fac10
0x000000e7cb3faac0:   000000e7cb3fac60 00000298aa4ad070
0x000000e7cb3faad0:   000000e7cb3fac00 00007fff6567b8d5
0x000000e7cb3faae0:   000000e7cb3fac10 00000298aa4ad540
0x000000e7cb3faaf0:   0000000000000000 00000298ca681d50
0x000000e7cb3fab00:   00000298aa2a8640 00007fff65a90676
0x000000e7cb3fab10:   000000e7cb3fd290 00000298aa4ad070
0x000000e7cb3fab20:   00000298c7304408 000000e7c669fbf0
0x000000e7cb3fab30:   000000e7c6469e48 0000000000000005
0x000000e7cb3fab40:   0000000100000008 0000000100000000
0x000000e7cb3fab50:   0000000300000001 00000298c66d4cd0
0x000000e7cb3fab60:   00000298ca530000 00000000000003d8
0x000000e7cb3fab70:   00000298aa4ad550 00000298aa4ad928
0x000000e7cb3fab80:   000000e7c7413790 00000298c669fbb8
0x000000e7cb3fab90:   00000298c6f266c8 00000000c6568a48 

Instructions: (pc=0x00007fff6567bba1)
0x00007fff6567baa1:   48 8b ce e8 37 01 00 00 48 8b 47 20 48 8b 48 08
0x00007fff6567bab1:   48 8b 00 48 89 43 20 48 89 2b 4c 89 73 28 48 89
0x00007fff6567bac1:   4b 08 e8 d8 7d f3 ff 48 8b cb 48 89 43 10 e8 7c
0x00007fff6567bad1:   f4 ff ff 48 85 c0 0f 84 a7 00 00 00 b9 01 00 00
0x00007fff6567bae1:   00 48 89 43 08 89 4b 18 e9 c3 00 00 00 48 8b 57
0x00007fff6567baf1:   10 48 85 d2 0f 84 9f 00 00 00 80 be 68 12 00 00
0x00007fff6567bb01:   00 48 63 4a 1c 48 8b 47 28 48 8d 2c c8 4c 89 7c
0x00007fff6567bb11:   24 50 4c 8b 7d f8 74 2c 0f b6 42 58 88 86 58 12
0x00007fff6567bb21:   00 00 48 8b 47 10 48 83 78 50 00 74 0b 48 8b d6
0x00007fff6567bb31:   48 8b cf e8 57 97 39 00 48 8d 55 f0 48 8b ce e8
0x00007fff6567bb41:   9b 00 00 00 48 8b 45 f0 49 8b cf 48 89 43 20 48
0x00007fff6567bb51:   89 2b 48 89 6b 28 4c 89 7b 08 e8 40 7d f3 ff 48
0x00007fff6567bb61:   8b cb 48 89 43 10 e8 e4 f3 ff ff 4c 8b 7c 24 50
0x00007fff6567bb71:   48 85 c0 74 0e b9 01 00 00 00 48 89 43 08 89 4b
0x00007fff6567bb81:   18 eb 2d 48 8b 4b 10 48 8b 01 ff 50 20 33 c9 84
0x00007fff6567bb91:   c0 0f 95 c1 89 4b 18 eb 17 4c 8b 47 20 48 8b cb
0x00007fff6567bba1:   4d 8b 48 08 49 8d 50 10 4d 8b 00 e8 1f f3 ff ff
0x00007fff6567bbb1:   48 8b 6c 24 40 48 8b c3 4c 8b 74 24 48 48 83 c4
0x00007fff6567bbc1:   20 5f 5e 5b c3 cc cc cc cc cc cc cc cc cc cc 48
0x00007fff6567bbd1:   8b 41 20 48 89 50 f8 c3 cc cc cc cc cc cc cc 48
0x00007fff6567bbe1:   8b 05 e1 63 6e 00 4c 8b d2 48 3b 05 a7 63 6e 00
0x00007fff6567bbf1:   4c 8b c9 49 c7 c0 ff ff ff ff 75 05 49 8b c0 eb
0x00007fff6567bc01:   04 03 c0 48 98 4c 89 14 c1 48 99 83 e2 3f 48 03
0x00007fff6567bc11:   c2 48 8b c8 83 e0 3f 48 c1 f9 06 48 2b c2 48 63
0x00007fff6567bc21:   c9 49 8d 14 c9 48 8b 8a 08 12 00 00 48 0f ab c1
0x00007fff6567bc31:   48 89 8a 08 12 00 00 48 8b 05 89 63 6e 00 48 3b
0x00007fff6567bc41:   05 52 63 6e 00 74 05 03 c0 4c 63 c0 4f 89 54 c1
0x00007fff6567bc51:   08 49 8d 40 01 48 99 83 e2 3f 48 03 c2 48 8b c8
0x00007fff6567bc61:   83 e0 3f 48 c1 f9 06 48 2b c2 48 63 c9 49 8d 14
0x00007fff6567bc71:   c9 48 8b 8a 08 12 00 00 48 0f ab c1 48 89 8a 08
0x00007fff6567bc81:   12 00 00 c3 cc cc cc cc cc cc cc cc cc cc cc 4c
0x00007fff6567bc91:   8b c9 4c 3b 81 28 01 00 00 0f 86 8e 00 00 00 48 


Stack slot to memory mapping:
stack at sp + 0 slots: 0x00000298aa2a8640 points into unknown readable memory: 0x0000000000000002 | 02 00 00 00 00 00 00 00
stack at sp + 1 slots: 0x00007fff6567aefc jvm.dll
stack at sp + 2 slots: 0x000000e7cb3fac30 is pointing into the stack for thread: 0x00000298aa4ad070
stack at sp + 3 slots: 0x000000e7cb3fac10 is pointing into the stack for thread: 0x00000298aa4ad070
stack at sp + 4 slots: 0x000000e7cb3fac60 is pointing into the stack for thread: 0x00000298aa4ad070
stack at sp + 5 slots: 0x00000298aa4ad070 is a thread
stack at sp + 6 slots: 0x000000e7cb3fac00 is pointing into the stack for thread: 0x00000298aa4ad070
stack at sp + 7 slots: 0x00007fff6567b8d5 jvm.dll


---------------  P R O C E S S  ---------------

Threads class SMR info:
_java_thread_list=0x00000298cacab6d0, length=22, elements={
0x00000298aa4ad070, 0x00000298c5aa9a40, 0x00000298c5aa3cb0, 0x00000298c5ac29c0,
0x00000298c5ac3380, 0x00000298c5bfe640, 0x00000298c5c00f30, 0x00000298c5c07330,
0x00000298c5c07d20, 0x00000298c5c1ca40, 0x00000298c5c02c10, 0x00000298c5c01da0,
0x00000298c5c000c0, 0x00000298c5bff720, 0x00000298c5c01400, 0x00000298c5c018d0,
0x00000298c5c00590, 0x00000298c5bff250, 0x00000298c5bffbf0, 0x00000298c5c00a60,
0x00000298c5c02740, 0x00000298cad012a0
}

Java Threads: ( => current thread )
=>0x00000298aa4ad070 JavaThread "Forwarding sendKeysToElement on session 1a4da72138365697f2e669ef46867a98 to remote" [_thread_in_vm, id=11580, stack(0x000000e7cb300000,0x000000e7cb400000)]
  0x00000298c5aa9a40 JavaThread "Reference Handler" daemon [_thread_blocked, id=14952, stack(0x000000e7cba00000,0x000000e7cbb00000)]
  0x00000298c5aa3cb0 JavaThread "Finalizer" daemon [_thread_blocked, id=9756, stack(0x000000e7cbb00000,0x000000e7cbc00000)]
  0x00000298c5ac29c0 JavaThread "Signal Dispatcher" daemon [_thread_blocked, id=4476, stack(0x000000e7cbc00000,0x000000e7cbd00000)]
  0x00000298c5ac3380 JavaThread "Attach Listener" daemon [_thread_blocked, id=8636, stack(0x000000e7cbd00000,0x000000e7cbe00000)]
  0x00000298c5bfe640 JavaThread "Service Thread" daemon [_thread_blocked, id=5988, stack(0x000000e7cbe00000,0x000000e7cbf00000)]
  0x00000298c5c00f30 JavaThread "Monitor Deflation Thread" daemon [_thread_blocked, id=11500, stack(0x000000e7cbf00000,0x000000e7cc000000)]
  0x00000298c5c07330 JavaThread "C2 CompilerThread0" daemon [_thread_blocked, id=4524, stack(0x000000e7cc000000,0x000000e7cc100000)]
  0x00000298c5c07d20 JavaThread "C1 CompilerThread0" daemon [_thread_blocked, id=11244, stack(0x000000e7cc100000,0x000000e7cc200000)]
  0x00000298c5c1ca40 JavaThread "Sweeper thread" daemon [_thread_blocked, id=15796, stack(0x000000e7cc200000,0x000000e7cc300000)]
  0x00000298c5c02c10 JavaThread "Notification Thread" daemon [_thread_blocked, id=2544, stack(0x000000e7cc300000,0x000000e7cc400000)]
  0x00000298c5c01da0 JavaThread "Common-Cleaner" daemon [_thread_blocked, id=14740, stack(0x000000e7cc500000,0x000000e7cc600000)]
  0x00000298c5c000c0 JavaThread "ReaderThread" [_thread_in_native, id=7940, stack(0x000000e7cc700000,0x000000e7cc800000)]
  0x00000298c5bff720 JavaThread "ForkJoinPool.commonPool-worker-1" daemon [_thread_blocked, id=15772, stack(0x000000e7cc800000,0x000000e7cc900000)]
  0x00000298c5c01400 JavaThread "ForkJoinPool.commonPool-worker-2" daemon [_thread_blocked, id=11904, stack(0x000000e7ccc00000,0x000000e7ccd00000)]
  0x00000298c5c018d0 JavaThread "ForkJoinPool.commonPool-worker-3" daemon [_thread_blocked, id=7112, stack(0x000000e7ccd00000,0x000000e7cce00000)]
  0x00000298c5c00590 JavaThread "Exec Default Executor" daemon [_thread_in_native, id=4248, stack(0x000000e7ccf00000,0x000000e7cd000000)]
  0x00000298c5bff250 JavaThread "UrlChecker-2" daemon [_thread_blocked, id=11116, stack(0x000000e7cd000000,0x000000e7cd100000)]
  0x00000298c5bffbf0 JavaThread "Exec Stream Pumper" daemon [_thread_in_native, id=16040, stack(0x000000e7cd100000,0x000000e7cd200000)]
  0x00000298c5c00a60 JavaThread "Exec Stream Pumper" daemon [_thread_in_native, id=6912, stack(0x000000e7cd200000,0x000000e7cd300000)]
  0x00000298c5c02740 JavaThread "OkHttp ConnectionPool" daemon [_thread_blocked, id=1228, stack(0x000000e7cd400000,0x000000e7cd500000)]
  0x00000298cad012a0 JavaThread "Okio Watchdog" daemon [_thread_blocked, id=15216, stack(0x000000e7cd500000,0x000000e7cd600000)]

Other Threads:
  0x00000298c5a8efc0 VMThread "VM Thread" [stack: 0x000000e7cb900000,0x000000e7cba00000] [id=8024] _threads_hazard_ptr=0x00000298cacab6d0
  0x00000298aa521080 WatcherThread [stack: 0x000000e7cc400000,0x000000e7cc500000] [id=3068]
  0x00000298aa507d90 GCTaskThread "GC Thread#0" [stack: 0x000000e7cb400000,0x000000e7cb500000] [id=9552]
  0x00000298ca5c7cc0 GCTaskThread "GC Thread#1" [stack: 0x000000e7cc900000,0x000000e7cca00000] [id=14684]
  0x00000298ca22b030 GCTaskThread "GC Thread#2" [stack: 0x000000e7cca00000,0x000000e7ccb00000] [id=7028]
  0x00000298ca22b2e0 GCTaskThread "GC Thread#3" [stack: 0x000000e7ccb00000,0x000000e7ccc00000] [id=9696]
  0x00000298aa519070 ConcurrentGCThread "G1 Main Marker" [stack: 0x000000e7cb500000,0x000000e7cb600000] [id=7984]
  0x00000298aa519a80 ConcurrentGCThread "G1 Conc#0" [stack: 0x000000e7cb600000,0x000000e7cb700000] [id=15664]
  0x00000298aa57dad0 ConcurrentGCThread "G1 Refine#0" [stack: 0x000000e7cb700000,0x000000e7cb800000] [id=904]
  0x00000298aa57e4f0 ConcurrentGCThread "G1 Service" [stack: 0x000000e7cb800000,0x000000e7cb900000] [id=14472]

Threads with active compile tasks:

VM state: synchronizing (normal execution)

VM Mutex/Monitor currently owned by a thread:  ([mutex/lock_event])
[0x00000298aa4a7ee0] Threads_lock - owner thread: 0x00000298c5a8efc0

Heap address: 0x0000000082000000, size: 2016 MB, Compressed Oops mode: 32-bit

CDS archive(s) not mapped
Compressed class space mapped at: 0x0000000100000000-0x0000000140000000, reserved size: 1073741824
Narrow klass base: 0x0000000000000000, Narrow klass shift: 3, Narrow klass range: 0x140000000

GC Precious Log:
 CPUs: 4 total, 4 available
 Memory: 8058M
 Large Page Support: Disabled
 NUMA Support: Disabled
 Compressed Oops: Enabled (32-bit)
 Heap Region Size: 1M
 Heap Min Capacity: 8M
 Heap Initial Capacity: 126M
 Heap Max Capacity: 2016M
 Pre-touch: Disabled
 Parallel Workers: 4
 Concurrent Workers: 1
 Concurrent Refinement Workers: 4
 Periodic GC: Disabled

Heap:
 garbage-first heap   total 30720K, used 13784K [0x0000000082000000, 0x0000000100000000)
  region size 1024K, 12 young (12288K), 4 survivors (4096K)
 Metaspace       used 22992K, committed 23232K, reserved 1114112K
  class space    used 2517K, committed 2624K, reserved 1048576K

Heap Regions: E=young(eden), S=young(survivor), O=old, HS=humongous(starts), HC=humongous(continues), CS=collection set, F=free, OA=open archive, CA=closed archive, TAMS=top-at-mark-start (previous, next)
|   0|0x0000000082000000, 0x0000000082100000, 0x0000000082100000|100%|HS|  |TAMS 0x0000000082100000, 0x0000000082000000| Complete 
|   1|0x0000000082100000, 0x0000000082200000, 0x0000000082200000|100%| O|  |TAMS 0x0000000082200000, 0x0000000082100000| Untracked 
|   2|0x0000000082200000, 0x0000000082300000, 0x0000000082300000|100%| O|  |TAMS 0x0000000082300000, 0x0000000082200000| Untracked 
|   3|0x0000000082300000, 0x0000000082339600, 0x0000000082400000| 22%| O|  |TAMS 0x0000000082339600, 0x0000000082300000| Complete 
|   4|0x0000000082400000, 0x0000000082400000, 0x0000000082500000|  0%| F|  |TAMS 0x0000000082400000, 0x0000000082400000| Untracked 
|   5|0x0000000082500000, 0x0000000082500000, 0x0000000082600000|  0%| F|  |TAMS 0x0000000082500000, 0x0000000082500000| Untracked 
|   6|0x0000000082600000, 0x0000000082600000, 0x0000000082700000|  0%| F|  |TAMS 0x0000000082600000, 0x0000000082600000| Untracked 
|   7|0x0000000082700000, 0x0000000082700000, 0x0000000082800000|  0%| F|  |TAMS 0x0000000082700000, 0x0000000082700000| Untracked 
|   8|0x0000000082800000, 0x0000000082800000, 0x0000000082900000|  0%| F|  |TAMS 0x0000000082800000, 0x0000000082800000| Untracked 
|   9|0x0000000082900000, 0x0000000082900000, 0x0000000082a00000|  0%| F|  |TAMS 0x0000000082900000, 0x0000000082900000| Untracked 
|  10|0x0000000082a00000, 0x0000000082a00000, 0x0000000082b00000|  0%| F|  |TAMS 0x0000000082a00000, 0x0000000082a00000| Untracked 
|  11|0x0000000082b00000, 0x0000000082b00000, 0x0000000082c00000|  0%| F|  |TAMS 0x0000000082b00000, 0x0000000082b00000| Untracked 
|  12|0x0000000082c00000, 0x0000000082c00000, 0x0000000082d00000|  0%| F|  |TAMS 0x0000000082c00000, 0x0000000082c00000| Untracked 
|  13|0x0000000082d00000, 0x0000000082d00000, 0x0000000082e00000|  0%| F|  |TAMS 0x0000000082d00000, 0x0000000082d00000| Untracked 
|  14|0x0000000082e00000, 0x0000000082e00000, 0x0000000082f00000|  0%| F|  |TAMS 0x0000000082e00000, 0x0000000082e00000| Untracked 
|  15|0x0000000082f00000, 0x0000000082f00000, 0x0000000083000000|  0%| F|  |TAMS 0x0000000082f00000, 0x0000000082f00000| Untracked 
|  16|0x0000000083000000, 0x0000000083000000, 0x0000000083100000|  0%| F|  |TAMS 0x0000000083000000, 0x0000000083000000| Untracked 
|  17|0x0000000083100000, 0x0000000083100000, 0x0000000083200000|  0%| F|  |TAMS 0x0000000083100000, 0x0000000083100000| Untracked 
|  18|0x0000000083200000, 0x0000000083280800, 0x0000000083300000| 50%| E|  |TAMS 0x0000000083200000, 0x0000000083200000| Complete 
|  19|0x0000000083300000, 0x0000000083400000, 0x0000000083400000|100%| E|CS|TAMS 0x0000000083300000, 0x0000000083300000| Complete 
|  20|0x0000000083400000, 0x0000000083500000, 0x0000000083500000|100%| E|CS|TAMS 0x0000000083400000, 0x0000000083400000| Complete 
|  21|0x0000000083500000, 0x0000000083600000, 0x0000000083600000|100%| E|CS|TAMS 0x0000000083500000, 0x0000000083500000| Complete 
|  22|0x0000000083600000, 0x0000000083700000, 0x0000000083700000|100%| E|CS|TAMS 0x0000000083600000, 0x0000000083600000| Complete 
|  23|0x0000000083700000, 0x0000000083800000, 0x0000000083800000|100%| E|CS|TAMS 0x0000000083700000, 0x0000000083700000| Complete 
|  24|0x0000000083800000, 0x0000000083900000, 0x0000000083900000|100%| E|CS|TAMS 0x0000000083800000, 0x0000000083800000| Complete 
| 116|0x0000000089400000, 0x000000008943cbc0, 0x0000000089500000| 23%| S|CS|TAMS 0x0000000089400000, 0x0000000089400000| Complete 
| 117|0x0000000089500000, 0x0000000089600000, 0x0000000089600000|100%| S|CS|TAMS 0x0000000089500000, 0x0000000089500000| Complete 
| 118|0x0000000089600000, 0x0000000089700000, 0x0000000089700000|100%| S|CS|TAMS 0x0000000089600000, 0x0000000089600000| Complete 
| 119|0x0000000089700000, 0x0000000089800000, 0x0000000089800000|100%| S|CS|TAMS 0x0000000089700000, 0x0000000089700000| Complete 
| 125|0x0000000089d00000, 0x0000000089e00000, 0x0000000089e00000|100%| E|CS|TAMS 0x0000000089d00000, 0x0000000089d00000| Complete 

Card table byte_map: [0x00000298bed60000,0x00000298bf150000] _byte_map_base: 0x00000298be950000

Marking Bits (Prev, Next): (CMBitMap*) 0x00000298aa5083e0, (CMBitMap*) 0x00000298aa5083a0
 Prev Bits: [0x00000298c14c0000, 0x00000298c3440000)
 Next Bits: [0x00000298bf540000, 0x00000298c14c0000)

Polling page: 0x00000298af320000

Metaspace:

Usage:
  Non-class:     19.99 MB used.
      Class:      2.46 MB used.
       Both:     22.45 MB used.

Virtual space:
  Non-class space:       64.00 MB reserved,      20.12 MB ( 31%) committed,  1 nodes.
      Class space:        1.00 GB reserved,       2.56 MB ( <1%) committed,  1 nodes.
             Both:        1.06 GB reserved,      22.69 MB (  2%) committed. 

Chunk freelists:
   Non-Class:  11.23 MB
       Class:  13.33 MB
        Both:  24.56 MB

MaxMetaspaceSize: unlimited
CompressedClassSpaceSize: 1.00 GB
Initial GC threshold: 21.00 MB
Current GC threshold: 35.25 MB
CDS: off
MetaspaceReclaimPolicy: balanced
 - commit_granule_bytes: 65536.
 - commit_granule_words: 8192.
 - virtual_space_node_default_size: 8388608.
 - enlarge_chunks_in_place: 1.
 - new_chunks_are_fully_committed: 0.
 - uncommit_free_chunks: 1.
 - use_allocation_guard: 0.
 - handle_deallocations: 1.


Internal statistics:

num_allocs_failed_limit: 3.
num_arena_births: 176.
num_arena_deaths: 0.
num_vsnodes_births: 2.
num_vsnodes_deaths: 0.
num_space_committed: 363.
num_space_uncommitted: 0.
num_chunks_returned_to_freelist: 3.
num_chunks_taken_from_freelist: 528.
num_chunk_merges: 3.
num_chunk_splits: 336.
num_chunks_enlarged: 240.
num_inconsistent_stats: 0.

CodeHeap 'non-profiled nmethods': size=120000Kb used=563Kb max_used=563Kb free=119436Kb
 bounds [0x00000298b6e10000, 0x00000298b7080000, 0x00000298be340000]
CodeHeap 'profiled nmethods': size=120000Kb used=3274Kb max_used=3274Kb free=116726Kb
 bounds [0x00000298af340000, 0x00000298af680000, 0x00000298b6870000]
CodeHeap 'non-nmethods': size=5760Kb used=1217Kb max_used=1244Kb free=4542Kb
 bounds [0x00000298b6870000, 0x00000298b6ae0000, 0x00000298b6e10000]
 total_blobs=2319 nmethods=1793 adapters=439
 compilation: enabled
              stopped_count=0, restarted_count=0
 full_count=0

Compilation events (20 events):
Event: 11.661 Thread 0x00000298c5c07d20 1784       3       java.util.ArrayDeque::addFirst (51 bytes)
Event: 11.662 Thread 0x00000298c5c07d20 nmethod 1784 0x00000298af66df10 code [0x00000298af66e0e0, 0x00000298af66e578]
Event: 11.662 Thread 0x00000298c5c07d20 1786       3       com.google.common.collect.RegularImmutableMap::get (64 bytes)
Event: 11.662 Thread 0x00000298c5c07d20 nmethod 1786 0x00000298af66e710 code [0x00000298af66e920, 0x00000298af66eeb8]
Event: 11.662 Thread 0x00000298c5c07d20 1785       3       com.google.common.collect.RegularImmutableMap::get (13 bytes)
Event: 11.663 Thread 0x00000298c5c07d20 nmethod 1785 0x00000298af66f090 code [0x00000298af66f220, 0x00000298af66f368]
Event: 11.663 Thread 0x00000298c5c07d20 1787       3       java.util.regex.Pattern$BitClass::is (22 bytes)
Event: 11.663 Thread 0x00000298c5c07d20 nmethod 1787 0x00000298af66f410 code [0x00000298af66f5a0, 0x00000298af66f778]
Event: 11.663 Thread 0x00000298c5c07d20 1788       3       sun.nio.ch.Util$BufferCache::next (8 bytes)
Event: 11.663 Thread 0x00000298c5c07d20 nmethod 1788 0x00000298af66f890 code [0x00000298af66fa20, 0x00000298af66fb58]
Event: 11.663 Thread 0x00000298c5c07d20 1789       3       sun.nio.ch.Util::getTemporaryDirectBuffer (55 bytes)
Event: 11.664 Thread 0x00000298c5c07d20 nmethod 1789 0x00000298af66fc10 code [0x00000298af66fe80, 0x00000298af6708a8]
Event: 11.664 Thread 0x00000298c5c07d20 1790       3       sun.nio.ch.Util$BufferCache::get (164 bytes)
Event: 11.665 Thread 0x00000298c5c07d20 nmethod 1790 0x00000298af670b90 code [0x00000298af670dc0, 0x00000298af671798]
Event: 11.665 Thread 0x00000298c5c07d20 1791   !   3       java.nio.DirectByteBuffer::address (53 bytes)
Event: 11.666 Thread 0x00000298c5c07d20 nmethod 1791 0x00000298af671a90 code [0x00000298af671ca0, 0x00000298af672268]
Event: 11.710 Thread 0x00000298c5c07d20 1792       3       com.google.common.collect.AbstractMapEntry::<init> (5 bytes)
Event: 11.710 Thread 0x00000298c5c07d20 nmethod 1792 0x00000298af672490 code [0x00000298af672620, 0x00000298af672778]
Event: 11.712 Thread 0x00000298c5c07d20 1793       1       java.util.Formatter$FixedString::index (3 bytes)
Event: 11.712 Thread 0x00000298c5c07d20 nmethod 1793 0x00000298b6e9cb10 code [0x00000298b6e9cca0, 0x00000298b6e9cd78]

GC Heap History (6 events):
Event: 1.018 GC heap before
{Heap before GC invocations=0 (full 0):
 garbage-first heap   total 129024K, used 14336K [0x0000000082000000, 0x0000000100000000)
  region size 1024K, 13 young (13312K), 0 survivors (0K)
 Metaspace       used 14058K, committed 14208K, reserved 1114112K
  class space    used 1391K, committed 1472K, reserved 1048576K
}
Event: 1.024 GC heap after
{Heap after GC invocations=1 (full 0):
 garbage-first heap   total 129024K, used 3316K [0x0000000082000000, 0x0000000100000000)
  region size 1024K, 2 young (2048K), 2 survivors (2048K)
 Metaspace       used 14058K, committed 14208K, reserved 1114112K
  class space    used 1391K, committed 1472K, reserved 1048576K
}
Event: 1.843 GC heap before
{Heap before GC invocations=1 (full 0):
 garbage-first heap   total 129024K, used 19700K [0x0000000082000000, 0x0000000100000000)
  region size 1024K, 18 young (18432K), 2 survivors (2048K)
 Metaspace       used 20180K, committed 20416K, reserved 1114112K
  class space    used 2098K, committed 2176K, reserved 1048576K
}
Event: 1.853 GC heap after
{Heap after GC invocations=2 (full 0):
 garbage-first heap   total 129024K, used 6193K [0x0000000082000000, 0x0000000100000000)
  region size 1024K, 3 young (3072K), 3 survivors (3072K)
 Metaspace       used 20180K, committed 20416K, reserved 1114112K
  class space    used 2098K, committed 2176K, reserved 1048576K
}
Event: 2.001 GC heap before
{Heap before GC invocations=2 (full 0):
 garbage-first heap   total 129024K, used 11313K [0x0000000082000000, 0x0000000100000000)
  region size 1024K, 9 young (9216K), 3 survivors (3072K)
 Metaspace       used 21336K, committed 21504K, reserved 1114112K
  class space    used 2295K, committed 2368K, reserved 1048576K
}
Event: 2.006 GC heap after
{Heap after GC invocations=3 (full 0):
 garbage-first heap   total 129024K, used 6616K [0x0000000082000000, 0x0000000100000000)
  region size 1024K, 4 young (4096K), 4 survivors (4096K)
 Metaspace       used 21336K, committed 21504K, reserved 1114112K
  class space    used 2295K, committed 2368K, reserved 1048576K
}

Dll operation events (7 events):
Event: 0.023 Loaded shared library C:\Users\XSC-10286\.p2\pool\plugins\org.eclipse.justj.openjdk.hotspot.jre.full.win32.x86_64_17.0.7.v20230425-1502\jre\bin\java.dll
Event: 0.179 Loaded shared library C:\Users\XSC-10286\.p2\pool\plugins\org.eclipse.justj.openjdk.hotspot.jre.full.win32.x86_64_17.0.7.v20230425-1502\jre\bin\net.dll
Event: 0.181 Loaded shared library C:\Users\XSC-10286\.p2\pool\plugins\org.eclipse.justj.openjdk.hotspot.jre.full.win32.x86_64_17.0.7.v20230425-1502\jre\bin\nio.dll
Event: 0.194 Loaded shared library C:\Users\XSC-10286\.p2\pool\plugins\org.eclipse.justj.openjdk.hotspot.jre.full.win32.x86_64_17.0.7.v20230425-1502\jre\bin\zip.dll
Event: 0.357 Loaded shared library C:\Users\XSC-10286\.p2\pool\plugins\org.eclipse.justj.openjdk.hotspot.jre.full.win32.x86_64_17.0.7.v20230425-1502\jre\bin\jimage.dll
Event: 1.413 Loaded shared library C:\Users\XSC-10286\.p2\pool\plugins\org.eclipse.justj.openjdk.hotspot.jre.full.win32.x86_64_17.0.7.v20230425-1502\jre\bin\sunmscapi.dll
Event: 1.578 Loaded shared library C:\Users\XSC-10286\.p2\pool\plugins\org.eclipse.justj.openjdk.hotspot.jre.full.win32.x86_64_17.0.7.v20230425-1502\jre\bin\verify.dll

Deoptimization events (20 events):
Event: 3.426 Thread 0x00000298aa4ad070 Uncommon trap: trap_request=0xffffffde fr.pc=0x00000298b6e8dd94 relative=0x00000000000005b4
Event: 3.426 Thread 0x00000298aa4ad070 Uncommon trap: reason=class_check action=maybe_recompile pc=0x00000298b6e8dd94 method=org.openqa.selenium.json.Input.init()V @ 18 c2
Event: 3.426 Thread 0x00000298aa4ad070 DEOPT PACKING pc=0x00000298b6e8dd94 sp=0x000000e7cb3fd830
Event: 3.426 Thread 0x00000298aa4ad070 DEOPT UNPACKING pc=0x00000298b68c69a3 sp=0x000000e7cb3fd818 mode 2
Event: 3.426 Thread 0x00000298aa4ad070 Uncommon trap: trap_request=0xffffffde fr.pc=0x00000298b6e8dd94 relative=0x00000000000005b4
Event: 3.426 Thread 0x00000298aa4ad070 Uncommon trap: reason=class_check action=maybe_recompile pc=0x00000298b6e8dd94 method=org.openqa.selenium.json.Input.init()V @ 18 c2
Event: 3.426 Thread 0x00000298aa4ad070 DEOPT PACKING pc=0x00000298b6e8dd94 sp=0x000000e7cb3fd380
Event: 3.426 Thread 0x00000298aa4ad070 DEOPT UNPACKING pc=0x00000298b68c69a3 sp=0x000000e7cb3fd368 mode 2
Event: 3.426 Thread 0x00000298aa4ad070 Uncommon trap: trap_request=0xffffffde fr.pc=0x00000298b6e8dd94 relative=0x00000000000005b4
Event: 3.426 Thread 0x00000298aa4ad070 Uncommon trap: reason=class_check action=maybe_recompile pc=0x00000298b6e8dd94 method=org.openqa.selenium.json.Input.init()V @ 18 c2
Event: 3.426 Thread 0x00000298aa4ad070 DEOPT PACKING pc=0x00000298b6e8dd94 sp=0x000000e7cb3fcdb0
Event: 3.426 Thread 0x00000298aa4ad070 DEOPT UNPACKING pc=0x00000298b68c69a3 sp=0x000000e7cb3fcd98 mode 2
Event: 3.426 Thread 0x00000298aa4ad070 Uncommon trap: trap_request=0xffffffde fr.pc=0x00000298b6e8dd94 relative=0x00000000000005b4
Event: 3.426 Thread 0x00000298aa4ad070 Uncommon trap: reason=class_check action=maybe_recompile pc=0x00000298b6e8dd94 method=org.openqa.selenium.json.Input.init()V @ 18 c2
Event: 3.426 Thread 0x00000298aa4ad070 DEOPT PACKING pc=0x00000298b6e8dd94 sp=0x000000e7cb3fcdb0
Event: 3.426 Thread 0x00000298aa4ad070 DEOPT UNPACKING pc=0x00000298b68c69a3 sp=0x000000e7cb3fcd98 mode 2
Event: 3.464 Thread 0x00000298aa4ad070 Uncommon trap: trap_request=0xffffff45 fr.pc=0x00000298b6e68ce4 relative=0x0000000000000fc4
Event: 3.464 Thread 0x00000298aa4ad070 Uncommon trap: reason=unstable_if action=reinterpret pc=0x00000298b6e68ce4 method=java.util.concurrent.ConcurrentHashMap.putVal(Ljava/lang/Object;Ljava/lang/Object;Z)Ljava/lang/Object; @ 256 c2
Event: 3.464 Thread 0x00000298aa4ad070 DEOPT PACKING pc=0x00000298b6e68ce4 sp=0x000000e7cb3fd430
Event: 3.464 Thread 0x00000298aa4ad070 DEOPT UNPACKING pc=0x00000298b68c69a3 sp=0x000000e7cb3fd3a8 mode 2

Classes unloaded (0 events):
No events

Classes redefined (0 events):
No events

Internal exceptions (20 events):
Event: 1.634 Thread 0x00000298c5bff250 Exception <a 'java/net/ConnectException'{0x0000000088c25120}: Connection refused: no further information> (0x0000000088c25120) 
thrown [s\src\hotspot\share\prims\jni.cpp, line 535]
Event: 1.634 Thread 0x00000298c5bff250 Exception <a 'java/net/SocketException'{0x0000000088c25458}: Socket is not connected: shutdown> (0x0000000088c25458) 
thrown [s\src\hotspot\share\prims\jni.cpp, line 535]
Event: 1.665 Thread 0x00000298c5bff250 Exception <a 'java/net/ConnectException'{0x0000000088c263f0}: Connection refused: no further information> (0x0000000088c263f0) 
thrown [s\src\hotspot\share\prims\jni.cpp, line 535]
Event: 1.665 Thread 0x00000298c5bff250 Exception <a 'java/net/SocketException'{0x0000000088c26728}: Socket is not connected: shutdown> (0x0000000088c26728) 
thrown [s\src\hotspot\share\prims\jni.cpp, line 535]
Event: 1.712 Thread 0x00000298c5bff250 Exception <a 'java/net/ConnectException'{0x0000000088c276c0}: Connection refused: no further information> (0x0000000088c276c0) 
thrown [s\src\hotspot\share\prims\jni.cpp, line 535]
Event: 1.712 Thread 0x00000298c5bff250 Exception <a 'java/net/SocketException'{0x0000000088c279f8}: Socket is not connected: shutdown> (0x0000000088c279f8) 
thrown [s\src\hotspot\share\prims\jni.cpp, line 535]
Event: 1.841 Thread 0x00000298aa4ad070 Exception <a 'java/lang/NoSuchMethodError'{0x0000000088cf0b18}: 'java.lang.Object java.lang.invoke.DirectMethodHandle$Holder.invokeInterface(java.lang.Object, java.lang.Object, java.lang.Object)'> (0x0000000088cf0b18) 
thrown [s\src\hotspot\share\interpreter\linkResolver.cpp, line 759]
Event: 1.841 Thread 0x00000298aa4ad070 Exception <a 'java/lang/IncompatibleClassChangeError'{0x0000000088cf4680}: Found class java.lang.Object, but interface was expected> (0x0000000088cf4680) 
thrown [s\src\hotspot\share\interpreter\linkResolver.cpp, line 826]
Event: 1.843 Thread 0x00000298aa4ad070 Exception <a 'java/lang/NoSuchMethodError'{0x0000000088cfcde0}: 'int java.lang.invoke.DirectMethodHandle$Holder.invokeSpecialIFC(java.lang.Object, java.lang.Object, java.lang.Object, java.lang.Object)'> (0x0000000088cfcde0) 
thrown [s\src\hotspot\share\interpreter\linkResolver.cpp, line 759]
Event: 1.855 Thread 0x00000298aa4ad070 Exception <a 'java/lang/NoSuchMethodError'{0x0000000089d055c8}: 'java.lang.Object java.lang.invoke.DirectMethodHandle$Holder.invokeInterface(java.lang.Object, java.lang.Object, java.lang.Object, java.lang.Object)'> (0x0000000089d055c8) 
thrown [s\src\hotspot\share\interpreter\linkResolver.cpp, line 759]
Event: 1.860 Thread 0x00000298aa4ad070 Exception <a 'java/lang/NoSuchMethodError'{0x0000000089d2a870}: 'java.lang.Object java.lang.invoke.DirectMethodHandle$Holder.invokeVirtual(java.lang.Object, java.lang.Object, java.lang.Object)'> (0x0000000089d2a870) 
thrown [s\src\hotspot\share\interpreter\linkResolver.cpp, line 759]
Event: 1.872 Thread 0x00000298aa4ad070 Exception <a 'java/lang/NoSuchMethodError'{0x0000000089c12990}: 'void java.lang.invoke.DirectMethodHandle$Holder.invokeInterface(java.lang.Object, java.lang.Object, java.lang.Object)'> (0x0000000089c12990) 
thrown [s\src\hotspot\share\interpreter\linkResolver.cpp, line 759]
Event: 1.881 Thread 0x00000298aa4ad070 Exception <a 'java/lang/NoSuchMethodError'{0x0000000089c67bd0}: 'double java.lang.invoke.DirectMethodHandle$Holder.invokeVirtual(java.lang.Object, java.lang.Object)'> (0x0000000089c67bd0) 
thrown [s\src\hotspot\share\interpreter\linkResolver.cpp, line 759]
Event: 1.882 Thread 0x00000298aa4ad070 Exception <a 'java/lang/NoSuchMethodError'{0x0000000089c6e350}: 'float java.lang.invoke.DirectMethodHandle$Holder.invokeVirtual(java.lang.Object, java.lang.Object)'> (0x0000000089c6e350) 
thrown [s\src\hotspot\share\interpreter\linkResolver.cpp, line 759]
Event: 1.883 Thread 0x00000298aa4ad070 Exception <a 'java/lang/NoSuchMethodError'{0x0000000089c77310}: 'long java.lang.invoke.DirectMethodHandle$Holder.invokeVirtual(java.lang.Object, java.lang.Object)'> (0x0000000089c77310) 
thrown [s\src\hotspot\share\interpreter\linkResolver.cpp, line 759]
Event: 1.920 Thread 0x00000298aa4ad070 Exception <a 'java/lang/NoSuchMethodError'{0x0000000089bb1500}: 'void java.lang.invoke.DirectMethodHandle$Holder.invokeSpecial(java.lang.Object, java.lang.Object, java.lang.Object, java.lang.Object, java.lang.Object)'> (0x0000000089bb1500) 
thrown [s\src\hotspot\share\interpreter\linkResolver.cpp, line 759]
Event: 1.942 Thread 0x00000298aa4ad070 Exception <a 'java/lang/NoSuchMethodError'{0x0000000089a65538}: 'java.lang.Object java.lang.invoke.DirectMethodHandle$Holder.newInvokeSpecial(java.lang.Object, java.lang.Object, java.lang.Object, java.lang.Object, java.lang.Object)'> (0x0000000089a65538) 
thrown [s\src\hotspot\share\interpreter\linkResolver.cpp, line 759]
Event: 3.443 Thread 0x00000298aa4ad070 Exception <a 'java/lang/NoSuchMethodError'{0x0000000083446398}: 'java.lang.Object java.lang.invoke.DirectMethodHandle$Holder.invokeSpecialIFC(java.lang.Object, java.lang.Object, java.lang.Object)'> (0x0000000083446398) 
thrown [s\src\hotspot\share\interpreter\linkResolver.cpp, line 759]
Event: 3.467 Thread 0x00000298aa4ad070 Exception <a 'java/lang/NoSuchMethodError'{0x00000000834beec0}: 'void java.lang.invoke.DirectMethodHandle$Holder.invokeSpecial(java.lang.Object, java.lang.Object, java.lang.Object)'> (0x00000000834beec0) 
thrown [s\src\hotspot\share\interpreter\linkResolver.cpp, line 759]
Event: 3.477 Thread 0x00000298aa4ad070 Exception <a 'java/lang/ClassNotFoundException'{0x00000000834e2a70}: sun/util/logging/resources/spi/loggingProvider> (0x00000000834e2a70) 
thrown [s\src\hotspot\share\classfile\systemDictionary.cpp, line 256]

VM Operations (20 events):
Event: 1.812 Executing VM operation: HandshakeAllThreads
Event: 1.812 Executing VM operation: HandshakeAllThreads done
Event: 1.816 Executing VM operation: HandshakeAllThreads
Event: 1.816 Executing VM operation: HandshakeAllThreads done
Event: 1.843 Executing VM operation: G1CollectForAllocation
Event: 1.853 Executing VM operation: G1CollectForAllocation done
Event: 1.973 Executing VM operation: HandshakeAllThreads
Event: 1.973 Executing VM operation: HandshakeAllThreads done
Event: 2.001 Executing VM operation: CollectForMetadataAllocation
Event: 2.006 Executing VM operation: CollectForMetadataAllocation done
Event: 2.018 Executing VM operation: G1Concurrent
Event: 2.020 Executing VM operation: G1Concurrent done
Event: 2.024 Executing VM operation: G1Concurrent
Event: 2.024 Executing VM operation: G1Concurrent done
Event: 3.040 Executing VM operation: Cleanup
Event: 3.040 Executing VM operation: Cleanup done
Event: 3.460 Executing VM operation: HandshakeAllThreads
Event: 3.460 Executing VM operation: HandshakeAllThreads done
Event: 4.463 Executing VM operation: Cleanup
Event: 4.463 Executing VM operation: Cleanup done

Events (20 events):
Event: 3.478 loading class sun/util/logging/resources/logging_en done
Event: 3.478 loading class sun/util/logging/resources/logging_en_IN
Event: 3.478 loading class sun/util/logging/resources/logging_en_IN done
Event: 3.478 loading class sun/util/logging/resources/logging_en_IN
Event: 3.478 loading class sun/util/logging/resources/logging_en_IN done
Event: 3.479 loading class java/util/Formatter$DateTime
Event: 3.479 loading class java/util/Formatter$DateTime done
Event: 3.479 loading class java/time/ZonedDateTime$1
Event: 3.479 loading class java/time/ZonedDateTime$1 done
Event: 3.479 loading class java/time/LocalDate$1
Event: 3.479 loading class java/time/LocalDate$1 done
Event: 3.479 loading class java/text/DateFormatSymbols
Event: 3.480 loading class java/text/DateFormatSymbols done
Event: 3.480 loading class java/text/spi/DateFormatSymbolsProvider
Event: 3.480 loading class java/text/spi/DateFormatSymbolsProvider done
Event: 3.480 loading class sun/util/locale/provider/DateFormatSymbolsProviderImpl
Event: 3.480 loading class sun/util/locale/provider/DateFormatSymbolsProviderImpl done
Event: 3.481 loading class java/time/LocalTime$1
Event: 3.481 loading class java/time/LocalTime$1 done
Event: 6.828 Thread 0x00000298c5c02270 Thread exited: 0x00000298c5c02270


Dynamic libraries:
0x00007ff70f060000 - 0x00007ff70f06e000 	C:\Users\XSC-10286\.p2\pool\plugins\org.eclipse.justj.openjdk.hotspot.jre.full.win32.x86_64_17.0.7.v20230425-1502\jre\bin\javaw.exe
0x00007fffc5ab0000 - 0x00007fffc5ca8000 	C:\WINDOWS\SYSTEM32\ntdll.dll
0x00007fffc5600000 - 0x00007fffc56bf000 	C:\WINDOWS\System32\KERNEL32.DLL
0x00007fffc36f0000 - 0x00007fffc39e6000 	C:\WINDOWS\System32\KERNELBASE.dll
0x00007fffc3250000 - 0x00007fffc3350000 	C:\WINDOWS\System32\ucrtbase.dll
0x00007fffb54f0000 - 0x00007fffb5509000 	C:\Users\XSC-10286\.p2\pool\plugins\org.eclipse.justj.openjdk.hotspot.jre.full.win32.x86_64_17.0.7.v20230425-1502\jre\bin\VCRUNTIME140.dll
0x00007fffb9aa0000 - 0x00007fffb9ab7000 	C:\Users\XSC-10286\.p2\pool\plugins\org.eclipse.justj.openjdk.hotspot.jre.full.win32.x86_64_17.0.7.v20230425-1502\jre\bin\jli.dll
0x00007fffc3c40000 - 0x00007fffc3ddd000 	C:\WINDOWS\System32\USER32.dll
0x00007fffc3220000 - 0x00007fffc3242000 	C:\WINDOWS\System32\win32u.dll
0x00007fffc55d0000 - 0x00007fffc55fc000 	C:\WINDOWS\System32\GDI32.dll
0x00007fffc3350000 - 0x00007fffc3465000 	C:\WINDOWS\System32\gdi32full.dll
0x00007fffc2520000 - 0x00007fffc27ba000 	C:\WINDOWS\WinSxS\amd64_microsoft.windows.common-controls_6595b64144ccf1df_6.0.19041.1110_none_60b5254171f9507e\COMCTL32.dll
0x00007fffc3650000 - 0x00007fffc36ed000 	C:\WINDOWS\System32\msvcp_win.dll
0x00007fffc5700000 - 0x00007fffc579e000 	C:\WINDOWS\System32\msvcrt.dll
0x00007fffc56d0000 - 0x00007fffc5700000 	C:\WINDOWS\System32\IMM32.DLL
0x00007fffbcb90000 - 0x00007fffbcb9c000 	C:\Users\XSC-10286\.p2\pool\plugins\org.eclipse.justj.openjdk.hotspot.jre.full.win32.x86_64_17.0.7.v20230425-1502\jre\bin\vcruntime140_1.dll
0x00007fffabce0000 - 0x00007fffabd71000 	C:\Users\XSC-10286\.p2\pool\plugins\org.eclipse.justj.openjdk.hotspot.jre.full.win32.x86_64_17.0.7.v20230425-1502\jre\bin\msvcp140.dll
0x00007fff653b0000 - 0x00007fff65ff8000 	C:\Users\XSC-10286\.p2\pool\plugins\org.eclipse.justj.openjdk.hotspot.jre.full.win32.x86_64_17.0.7.v20230425-1502\jre\bin\server\jvm.dll
0x00007fffc57a0000 - 0x00007fffc584f000 	C:\WINDOWS\System32\ADVAPI32.dll
0x00007fffc5850000 - 0x00007fffc58ec000 	C:\WINDOWS\System32\sechost.dll
0x00007fffc5240000 - 0x00007fffc5366000 	C:\WINDOWS\System32\RPCRT4.dll
0x00007fffb3c00000 - 0x00007fffb3c27000 	C:\WINDOWS\SYSTEM32\WINMM.dll
0x00007fffaf990000 - 0x00007fffaf999000 	C:\WINDOWS\SYSTEM32\WSOCK32.dll
0x00007fffc4940000 - 0x00007fffc49ab000 	C:\WINDOWS\System32\WS2_32.dll
0x00007fffc0f50000 - 0x00007fffc0f5a000 	C:\WINDOWS\SYSTEM32\VERSION.dll
0x00007fffc0bc0000 - 0x00007fffc0bd2000 	C:\WINDOWS\SYSTEM32\kernel.appcore.dll
0x00007fffc0fb0000 - 0x00007fffc0fba000 	C:\Users\XSC-10286\.p2\pool\plugins\org.eclipse.justj.openjdk.hotspot.jre.full.win32.x86_64_17.0.7.v20230425-1502\jre\bin\jimage.dll
0x00007fffc2ba0000 - 0x00007fffc2d84000 	C:\WINDOWS\SYSTEM32\DBGHELP.DLL
0x00007fffc2940000 - 0x00007fffc2974000 	C:\WINDOWS\SYSTEM32\dbgcore.DLL
0x00007fffc3190000 - 0x00007fffc3212000 	C:\WINDOWS\System32\bcryptPrimitives.dll
0x00007fffb8fa0000 - 0x00007fffb8fc5000 	C:\Users\XSC-10286\.p2\pool\plugins\org.eclipse.justj.openjdk.hotspot.jre.full.win32.x86_64_17.0.7.v20230425-1502\jre\bin\java.dll
0x00007fffb9130000 - 0x00007fffb9148000 	C:\Users\XSC-10286\.p2\pool\plugins\org.eclipse.justj.openjdk.hotspot.jre.full.win32.x86_64_17.0.7.v20230425-1502\jre\bin\zip.dll
0x00007fffc49b0000 - 0x00007fffc50f4000 	C:\WINDOWS\System32\SHELL32.dll
0x00007fffc0250000 - 0x00007fffc09e3000 	C:\WINDOWS\SYSTEM32\windows.storage.dll
0x00007fffc45d0000 - 0x00007fffc4924000 	C:\WINDOWS\System32\combase.dll
0x00007fffc24f0000 - 0x00007fffc251e000 	C:\WINDOWS\SYSTEM32\Wldp.dll
0x00007fffc5370000 - 0x00007fffc541d000 	C:\WINDOWS\System32\SHCORE.dll
0x00007fffc3f70000 - 0x00007fffc3fc5000 	C:\WINDOWS\System32\shlwapi.dll
0x00007fffc30d0000 - 0x00007fffc30ef000 	C:\WINDOWS\SYSTEM32\profapi.dll
0x00007fffb8f10000 - 0x00007fffb8f29000 	C:\Users\XSC-10286\.p2\pool\plugins\org.eclipse.justj.openjdk.hotspot.jre.full.win32.x86_64_17.0.7.v20230425-1502\jre\bin\net.dll
0x00007fffb4d10000 - 0x00007fffb4e1a000 	C:\WINDOWS\SYSTEM32\WINHTTP.dll
0x00007fffc23d0000 - 0x00007fffc243a000 	C:\WINDOWS\system32\mswsock.dll
0x00007fffb5530000 - 0x00007fffb5545000 	C:\Users\XSC-10286\.p2\pool\plugins\org.eclipse.justj.openjdk.hotspot.jre.full.win32.x86_64_17.0.7.v20230425-1502\jre\bin\nio.dll
0x00007fffc1e30000 - 0x00007fffc1efb000 	C:\WINDOWS\SYSTEM32\DNSAPI.dll
0x00007fffc2130000 - 0x00007fffc216c000 	C:\WINDOWS\SYSTEM32\IPHLPAPI.DLL
0x00007fffc56c0000 - 0x00007fffc56c8000 	C:\WINDOWS\System32\NSI.dll
0x00007fffb3b90000 - 0x00007fffb3b9a000 	C:\Windows\System32\rasadhlp.dll
0x00007fffb3ff0000 - 0x00007fffb4072000 	C:\WINDOWS\System32\fwpuclnt.dll
0x00007fffc3470000 - 0x00007fffc3497000 	C:\WINDOWS\System32\bcrypt.dll
0x00007fffc2eb0000 - 0x00007fffc2ec8000 	C:\WINDOWS\SYSTEM32\CRYPTSP.dll
0x00007fffc1ba0000 - 0x00007fffc1bd4000 	C:\WINDOWS\system32\rsaenh.dll
0x00007fffc3050000 - 0x00007fffc307e000 	C:\WINDOWS\SYSTEM32\USERENV.dll
0x00007fffc2320000 - 0x00007fffc232c000 	C:\WINDOWS\SYSTEM32\CRYPTBASE.dll
0x00007fffb5290000 - 0x00007fffb52a7000 	C:\WINDOWS\SYSTEM32\dhcpcsvc6.DLL
0x00007fffb5360000 - 0x00007fffb537d000 	C:\WINDOWS\SYSTEM32\dhcpcsvc.DLL
0x00007fffb54e0000 - 0x00007fffb54ee000 	C:\Users\XSC-10286\.p2\pool\plugins\org.eclipse.justj.openjdk.hotspot.jre.full.win32.x86_64_17.0.7.v20230425-1502\jre\bin\sunmscapi.dll
0x00007fffc34f0000 - 0x00007fffc364e000 	C:\WINDOWS\System32\CRYPT32.dll
0x00007fffc2800000 - 0x00007fffc2828000 	C:\WINDOWS\SYSTEM32\ncrypt.dll
0x00007fffc27c0000 - 0x00007fffc27fb000 	C:\WINDOWS\SYSTEM32\NTASN1.dll
0x00007fffba040000 - 0x00007fffba050000 	C:\Users\XSC-10286\.p2\pool\plugins\org.eclipse.justj.openjdk.hotspot.jre.full.win32.x86_64_17.0.7.v20230425-1502\jre\bin\verify.dll

dbghelp: loaded successfully - version: 4.0.5 - missing functions: none
symbol engine: initialized successfully - sym options: 0x614 - pdb path: .;C:\Users\XSC-10286\.p2\pool\plugins\org.eclipse.justj.openjdk.hotspot.jre.full.win32.x86_64_17.0.7.v20230425-1502\jre\bin;C:\WINDOWS\SYSTEM32;C:\WINDOWS\WinSxS\amd64_microsoft.windows.common-controls_6595b64144ccf1df_6.0.19041.1110_none_60b5254171f9507e;C:\Users\XSC-10286\.p2\pool\plugins\org.eclipse.justj.openjdk.hotspot.jre.full.win32.x86_64_17.0.7.v20230425-1502\jre\bin\server

VM Arguments:
jvm_args: -ea -Dfile.encoding=UTF-8 -XX:+ShowCodeDetailsInExceptionMessages 
java_command: org.testng.remote.RemoteTestNG -serport 53057 -protocol json -d C:\Users\XSC-10286\eclipse-workspace\Intel_School_Live\test-output C:\Users\XSC-10~1\AppData\Local\Temp\testng-eclipse-179188309\testng-customsuite.xml
java_class_path (initial): C:\Users\XSC-10286\eclipse\java-2023-032\eclipse\configuration\org.eclipse.osgi\446\0\.cp\lib\testng-remote.jar;C:\Users\XSC-10286\eclipse-workspace\Intel_School_Live\bin;C:\Users\XSC-10286\Desktop\Selenium\selenium-server-standalone-3.141.5.jar;C:\Users\XSC-10286\.p2\pool\plugins\org.testng_7.4.0.r202105021533.jar;C:\Users\XSC-10286\.p2\pool\plugins\com.beust.jcommander_1.78.0.jar;C:\Users\XSC-10286\.p2\pool\plugins\org.apache-extras.beanshell.bsh_2.0.0.b6.jar;C:\Users\XSC-10286\.p2\pool\plugins\org.yaml.snakeyaml_1.27.0.v20221112-0806.jar;C:\Users\XSC-10286\.p2\pool\plugins\org.webjars.jquery_3.5.1.jar;C:\Users\XSC-10286\.m2\repository\org\seleniumhq\selenium\selenium-support\4.9.1\selenium-support-4.9.1.jar
Launcher Type: SUN_STANDARD

[Global flags]
     intx CICompilerCount                          = 3                                         {product} {ergonomic}
     uint ConcGCThreads                            = 1                                         {product} {ergonomic}
     uint G1ConcRefinementThreads                  = 4                                         {product} {ergonomic}
   size_t G1HeapRegionSize                         = 1048576                                   {product} {ergonomic}
    uintx GCDrainStackTargetSize                   = 64                                        {product} {ergonomic}
   size_t InitialHeapSize                          = 132120576                                 {product} {ergonomic}
   size_t MarkStackSize                            = 4194304                                   {product} {ergonomic}
   size_t MaxHeapSize                              = 2113929216                                {product} {ergonomic}
   size_t MaxNewSize                               = 1267728384                                {product} {ergonomic}
   size_t MinHeapDeltaBytes                        = 1048576                                   {product} {ergonomic}
   size_t MinHeapSize                              = 8388608                                   {product} {ergonomic}
    uintx NonNMethodCodeHeapSize                   = 5832780                                {pd product} {ergonomic}
    uintx NonProfiledCodeHeapSize                  = 122912730                              {pd product} {ergonomic}
    uintx ProfiledCodeHeapSize                     = 122912730                              {pd product} {ergonomic}
    uintx ReservedCodeCacheSize                    = 251658240                              {pd product} {ergonomic}
     bool SegmentedCodeCache                       = true                                      {product} {ergonomic}
     bool ShowCodeDetailsInExceptionMessages       = true                                   {manageable} {command line}
   size_t SoftMaxHeapSize                          = 2113929216                             {manageable} {ergonomic}
     bool UseCompressedClassPointers               = true                           {product lp64_product} {ergonomic}
     bool UseCompressedOops                        = true                           {product lp64_product} {ergonomic}
     bool UseG1GC                                  = true                                      {product} {ergonomic}
     bool UseLargePagesIndividualAllocation        = false                                  {pd product} {ergonomic}

Logging:
Log output configuration:
 #0: stdout all=warning uptime,level,tags
 #1: stderr all=off uptime,level,tags

Environment Variables:
PATH=C:/Users/XSC-10286/.p2/pool/plugins/org.eclipse.justj.openjdk.hotspot.jre.full.win32.x86_64_17.0.7.v20230425-1502/jre/bin/server;C:/Users/XSC-10286/.p2/pool/plugins/org.eclipse.justj.openjdk.hotspot.jre.full.win32.x86_64_17.0.7.v20230425-1502/jre/bin;C:\Program Files (x86)\Common Files\Oracle\Java\javapath;C:\Program Files (x86)\Intel\Intel(R) Management Engine Components\iCLS\;C:\Program Files\Intel\Intel(R) Management Engine Components\iCLS\;C:\WINDOWS\system32;C:\WINDOWS;C:\WINDOWS\System32\Wbem;C:\WINDOWS\System32\WindowsPowerShell\v1.0\;C:\WINDOWS\System32\OpenSSH\;C:\Program Files (x86)\Intel\Intel(R) Management Engine Components\DAL;C:\Program Files\Intel\Intel(R) Management Engine Components\DAL;C:\Program Files (x86)\Intel\Intel(R) Management Engine Components\IPT;C:\Program Files\Intel\Intel(R) Management Engine Components\IPT;C:\Program Files\Intel\WiFi\bin\;C:\Program Files\Common Files\Intel\WirelessCommon\;C:\Program Files\PuTTY\;C:\Users\XSC-10286\AppData\Local\Microsoft\WindowsApps;;C:\WINDOWS\system32;
USERNAME=XSC-10286
OS=Windows_NT
PROCESSOR_IDENTIFIER=Intel64 Family 6 Model 142 Stepping 9, GenuineIntel
TMP=C:\Users\XSC-10~1\AppData\Local\Temp
TEMP=C:\Users\XSC-10~1\AppData\Local\Temp



---------------  S Y S T E M  ---------------

OS:
 Windows 10 , 64 bit Build 19041 (10.0.19041.2913)
OS uptime: 0 days 1:37 hours

CPU: total 4 (initial active 4) (2 cores per cpu, 2 threads per core) family 6 model 142 stepping 9 microcode 0xb4, cx8, cmov, fxsr, ht, mmx, 3dnowpref, sse, sse2, sse3, ssse3, sse4.1, sse4.2, popcnt, lzcnt, tsc, tscinvbit, avx, avx2, aes, erms, clmul, bmi1, bmi2, adx, fma, vzeroupper, clflush, clflushopt

Memory: 4k page, system-wide physical 8058M (847M free)
TotalPageFile size 16250M (AvailPageFile size 6887M)
current process WorkingSet (physical memory assigned to process): 80M, peak: 90M
current process commit charge ("private bytes"): 121M, peak: 221M

vm_info: OpenJDK 64-Bit Server VM (17.0.7+7) for windows-amd64 JRE (17.0.7+7), built on Apr 18 2023 22:10:42 by "temurin" with MS VC++ 16.7 (VS2019)

END.
