#
# A fatal error has been detected by the Java Runtime Environment:
#
#  EXCEPTION_ACCESS_VIOLATION (0xc0000005) at pc=0x0000012ebf46c570, pid=6716, tid=18424
#
# JRE version: OpenJDK Runtime Environment Temurin-17.0.7+7 (17.0.7+7) (build 17.0.7+7)
# Java VM: OpenJDK 64-Bit Server VM Temurin-17.0.7+7 (17.0.7+7, mixed mode, tiered, compressed oops, compressed class ptrs, g1 gc, windows-amd64)
# Problematic frame:
# C  0x0000012ebf46c570
#
# No core dump will be written. Minidumps are not enabled by default on client versions of Windows
#
# If you would like to submit a bug report, please visit:
#   https://github.com/adoptium/adoptium-support/issues
#

---------------  S U M M A R Y ------------

Command Line: -ea -Dfile.encoding=UTF-8 -XX:+ShowCodeDetailsInExceptionMessages org.testng.remote.RemoteTestNG -serport 49641 -protocol json -d C:\Users\XSC-10286\eclipse-workspace\Intel_School_Live\test-output C:\Users\XSC-10~1\AppData\Local\Temp\testng-eclipse-404517591\testng-customsuite.xml

Host: Intel(R) Core(TM) i3-7020U CPU @ 2.30GHz, 4 cores, 7G,  Windows 10 , 64 bit Build 19041 (10.0.19041.2913)
Time: Tue Jun 13 14:20:09 2023 India Standard Time elapsed time: 3.856687 seconds (0d 0h 0m 3s)

---------------  T H R E A D  ---------------

Current thread (0x0000012ea5f3b8e0):  JavaThread "Forwarding newSession on session null to remote" [_thread_in_Java, id=18424, stack(0x00000003c6000000,0x00000003c6100000)]

Stack: [0x00000003c6000000,0x00000003c6100000],  sp=0x00000003c60fd5b8,  free space=1013k
Native frames: (J=compiled Java code, j=interpreted, Vv=VM code, C=native code)
C  0x0000012ebf46c570


siginfo: EXCEPTION_ACCESS_VIOLATION (0xc0000005), data execution prevention violation at address 0x0000012ebf46c570


Register to memory mapping:

RIP=0x0000012ebf46c570 points into unknown readable memory: 0x004900016605ffff | ff ff 05 66 01 00 49 00
RAX=0x0000000100105e00 is a pointer to class: 
java.security.MessageDigest$Delegate$CloneableDelegate {0x0000000100105e08}
 - instance size:     4
 - klass size:        84
 - access:            final synchronized 
 - state:             fully_initialized
 - name:              'java/security/MessageDigest$Delegate$CloneableDelegate'
 - super:             'java/security/MessageDigest$Delegate'
 - sub:               
 - arrays:            NULL
 - methods:           Array<T>(0x0000012ec0855500)
 - method ordering:   Array<T>(0x0000012ec0000018)
 - default_methods:   Array<T>(0x0000000000000000)
 - local interfaces:  Array<T>(0x0000012ec08554e0)
 - trans. interfaces: Array<T>(0x0000012ec08555f8)
 - constants:         constant pool [30] {0x0000012ec0855388} for 'java/security/MessageDigest$Delegate$CloneableDelegate' cache=0x0000012ec0855610
 - class loader data:  loader data: 0x0000012ea600ef20 of 'bootstrap'
 - source file:       'MessageDigest.java'
 - class annotations:       Array<T>(0x0000000000000000)
 - class type annotations:  Array<T>(0x0000000000000000)
 - field annotations:       Array<T>(0x0000000000000000)
 - field type annotations:  Array<T>(0x0000000000000000)
 - inner classes:     Array<T>(0x0000012ec08555d8)
 - nest members:     Array<T>(0x0000012ec0000028)
 - permitted subclasses:     Array<T>(0x0000012ec0000028)
 - java mirror:       a 'java/lang/Class'{0x000000008231c070} = 'java/security/MessageDigest$Delegate$CloneableDelegate'
 - vtable length      20  (start addr: 0x0000000100105fc8)
 - itable length      5 (start addr: 0x0000000100106068)
 - ---- static fields (0 words):
 - ---- non-static fields (5 words):
 - private 'tempArray' '[B' @12 
 - private 'state' 'I' @16 
 - private 'algorithm' 'Ljava/lang/String;' @20 
 - private 'provider' 'Ljava/security/Provider;' @24 
 - private final 'digestSpi' 'Ljava/security/MessageDigestSpi;' @28 
 - non-static oop maps: 12-12 20-28 
RBX=0x0000012ec084def0 is pointing into metadata
RCX=0x000000008231a418 is an oop: java.security.MessageDigest$Delegate$CloneableDelegate 
{0x000000008231a418} - klass: 'java/security/MessageDigest$Delegate$CloneableDelegate'
 - ---- fields (total size 4 words):
 - private 'tempArray' '[B' @12  NULL (0)
 - private 'state' 'I' @16  0
 - private 'algorithm' 'Ljava/lang/String;' @20  "SHA-256"{0x0000000082161af8} (82161af8)
 - private 'provider' 'Ljava/security/Provider;' @24  a 'sun/security/provider/Sun'{0x0000000082275bb0} (82275bb0)
 - private final 'digestSpi' 'Ljava/security/MessageDigestSpi;' @28  a 'sun/security/provider/SHA2$SHA256'{0x000000008231a438} (8231a438)
RDX=0x0 is NULL
RSP=0x00000003c60fd5b8 is pointing into the stack for thread: 0x0000012ea5f3b8e0
RBP=0x00000003c60fd628 is pointing into the stack for thread: 0x0000012ea5f3b8e0
RSI=0x0000000000000010 is an unknown value
RDI=0x0 is NULL
R8 =0x0 is NULL
R9 =0x00000000833193f0 is an oop: java.security.DrbgParameters$NextBytes 
{0x00000000833193f0} - klass: 'java/security/DrbgParameters$NextBytes'
 - ---- fields (total size 3 words):
 - private final 'strength' 'I' @12  -1 (ffffffff)
 - private final 'predictionResistance' 'Z' @16  false
 - private final 'additionalInput' '[B' @20  NULL (0)
R10=0x00007ff990afdbc0 jvm.dll
R11=0x0 is NULL
R12=0x0 is NULL
R13=0x00000003c60fd5c0 is pointing into the stack for thread: 0x0000012ea5f3b8e0
R14=0x0 is NULL
R15=0x0000012ea5f3b8e0 is a thread


Registers:
RAX=0x0000000100105e00, RBX=0x0000012ec084def0, RCX=0x000000008231a418, RDX=0x0000000000000000
RSP=0x00000003c60fd5b8, RBP=0x00000003c60fd628, RSI=0x0000000000000010, RDI=0x0000000000000000
R8 =0x0000000000000000, R9 =0x00000000833193f0, R10=0x00007ff990afdbc0, R11=0x0000000000000000
R12=0x0000000000000000, R13=0x00000003c60fd5c0, R14=0x0000000000000000, R15=0x0000012ea5f3b8e0
RIP=0x0000012ebf46c570, EFLAGS=0x0000000000010246

Top of Stack: (sp=0x00000003c60fd5b8)
0x00000003c60fd5b8:   0000012eb0b394ec 0000000000000003
0x00000003c60fd5c8:   000000008231a418 0000000000000009
0x00000003c60fd5d8:   000000008231a388 00000003c60fd5d0
0x00000003c60fd5e8:   0000012ec0843445 00000003c60fd658
0x00000003c60fd5f8:   0000012ec0847a78 0000000000000000
0x00000003c60fd608:   000000008224a0a8 0000012ec0843510
0x00000003c60fd618:   00000003c60fd5c0 00000003c60fd648
0x00000003c60fd628:   00000003c60fd6a8 0000012eb0b394ec
0x00000003c60fd638:   0000000000000000 0000000000000000
0x00000003c60fd648:   0000000000000000 00000000833193d0
0x00000003c60fd658:   000000008231a388 00000003c60fd660
0x00000003c60fd668:   0000012ec0845c41 00000003c60fd6f0
0x00000003c60fd678:   0000012ec0846c90 0000000000000000
0x00000003c60fd688:   000000008231cca8 0000012ec0845ce8
0x00000003c60fd698:   00000003c60fd648 00000003c60fd6e0
0x00000003c60fd6a8:   00000003c60fd740 0000012eb0b394ec 

Instructions: (pc=0x0000012ebf46c570)
0x0000012ebf46c470:   ff ff c3 68 04 00 28 49 29 56 00 00 00 00 00 00
0x0000012ebf46c480:   ff ff 2f 00 04 00 28 49 29 49 00 00 00 00 00 00
0x0000012ebf46c490:   ff ff 83 49 04 00 28 43 29 43 00 00 00 00 00 00
0x0000012ebf46c4a0:   ff ff 99 61 04 00 28 53 29 53 00 00 00 00 00 00
0x0000012ebf46c4b0:   ff ff 0c b0 04 00 28 49 29 5a 00 00 00 00 00 00
0x0000012ebf46c4c0:   ff ff 96 f2 04 00 28 46 29 49 00 00 00 00 00 00
0x0000012ebf46c4d0:   ff ff 68 94 04 00 28 44 29 4a 00 00 00 00 00 00
0x0000012ebf46c4e0:   ff ff 8f 5a 04 00 28 44 29 44 00 00 00 00 00 00
0x0000012ebf46c4f0:   ff ff d8 a2 04 00 28 46 29 46 00 00 00 00 00 00
0x0000012ebf46c500:   ff ff 52 3d 04 00 28 49 29 46 00 00 00 00 00 00
0x0000012ebf46c510:   ff ff 6f fa 04 00 28 4a 29 49 00 00 00 00 00 00
0x0000012ebf46c520:   ff ff 4b ce 04 00 28 4a 29 4a 00 00 00 00 00 00
0x0000012ebf46c530:   ff ff b0 c1 04 00 28 4a 29 44 00 00 00 00 00 00
0x0000012ebf46c540:   ff ff 24 1f 04 00 28 4a 29 56 00 00 00 00 00 00
0x0000012ebf46c550:   ff ff 18 aa 01 00 42 00 ff ff 26 2d 01 00 43 00
0x0000012ebf46c560:   ff ff c5 29 01 00 44 00 ff ff 9b 69 01 00 46 00
0x0000012ebf46c570:   ff ff 05 66 01 00 49 00 ff ff e1 eb 01 00 4a 00
0x0000012ebf46c580:   ff ff b8 11 01 00 53 00 ff ff c1 4e 01 00 5a 00
0x0000012ebf46c590:   ff ff 8f 74 01 00 56 00 ff ff 23 8e 15 00 28 4c
0x0000012ebf46c5a0:   6a 61 76 61 2f 6c 61 6e 67 2f 4f 62 6a 65 63 74
0x0000012ebf46c5b0:   3b 29 56 00 00 00 00 00 ff ff f4 a8 15 00 28 4c
0x0000012ebf46c5c0:   6a 61 76 61 2f 6c 61 6e 67 2f 4f 62 6a 65 63 74
0x0000012ebf46c5d0:   3b 29 49 00 00 00 00 00 ff ff 35 62 16 00 28 4a
0x0000012ebf46c5e0:   4c 6a 61 76 61 2f 6c 61 6e 67 2f 4f 62 6a 65 63
0x0000012ebf46c5f0:   74 3b 29 4a 00 00 00 00 ff ff 12 a2 15 00 28 4c
0x0000012ebf46c600:   6a 61 76 61 2f 6c 61 6e 67 2f 4f 62 6a 65 63 74
0x0000012ebf46c610:   3b 29 5a 00 00 00 00 00 ff ff 79 5f 26 00 28 4c
0x0000012ebf46c620:   6a 61 76 61 2f 6c 61 6e 67 2f 4f 62 6a 65 63 74
0x0000012ebf46c630:   3b 29 4c 6a 61 76 61 2f 6c 61 6e 67 2f 4f 62 6a
0x0000012ebf46c640:   65 63 74 3b 00 00 00 00 ff ff 9a 1e 15 00 28 4c
0x0000012ebf46c650:   6a 61 76 61 2f 6c 61 6e 67 2f 53 74 72 69 6e 67
0x0000012ebf46c660:   3b 29 56 00 00 00 00 00 ff ff 3a 27 15 00 28 4c 


Stack slot to memory mapping:
stack at sp + 0 slots: 0x0000012eb0b394ec is at code_begin+1100 in an Interpreter codelet
return entry points  [0x0000012eb0b390a0, 0x0000012eb0b39b80]  2784 bytes
stack at sp + 1 slots: 0x0000000000000003 is an unknown value
stack at sp + 2 slots: 0x000000008231a418 is an oop: java.security.MessageDigest$Delegate$CloneableDelegate 
{0x000000008231a418} - klass: 'java/security/MessageDigest$Delegate$CloneableDelegate'
 - ---- fields (total size 4 words):
 - private 'tempArray' '[B' @12  NULL (0)
 - private 'state' 'I' @16  0
 - private 'algorithm' 'Ljava/lang/String;' @20  "SHA-256"{0x0000000082161af8} (82161af8)
 - private 'provider' 'Ljava/security/Provider;' @24  a 'sun/security/provider/Sun'{0x0000000082275bb0} (82275bb0)
 - private final 'digestSpi' 'Ljava/security/MessageDigestSpi;' @28  a 'sun/security/provider/SHA2$SHA256'{0x000000008231a438} (8231a438)
stack at sp + 3 slots: 0x0000000000000009 is an unknown value
stack at sp + 4 slots: 0x000000008231a388 is an oop: sun.security.provider.HashDrbg 
{0x000000008231a388} - klass: 'sun/security/provider/HashDrbg'
 - ---- fields (total size 14 words):
 - protected volatile 'reseedCounter' 'I' @12  2
 - protected 'highestSupportedSecurityStrength' 'I' @16  256 (100)
 - protected 'minLength' 'I' @20  16 (10)
 - protected 'maxLength' 'I' @24  2147483647 (7fffffff)
 - protected 'maxPersonalizationStringLength' 'I' @28  2147483647 (7fffffff)
 - protected 'maxAdditionalInputLength' 'I' @32  2147483647 (7fffffff)
 - protected 'maxNumberOfBytesPerRequest' 'I' @36  2147483647 (7fffffff)
 - protected 'reseedInterval' 'I' @40  2147483647 (7fffffff)
 - protected 'securityStrength' 'I' @44  128 (80)
 - protected 'requestedInstantiationSecurityStrength' 'I' @48  -1 (ffffffff)
 - private 'instantiated' 'Z' @52  true
 - protected 'supportPredictionResistance' 'Z' @53  true
 - protected 'supportReseeding' 'Z' @54  true
 - private 'predictionResistanceFlag' 'Z' @55  false
 - protected 'usedf' 'Z' @56  true
 - protected 'mechName' 'Ljava/lang/String;' @60  "Hash_DRBG"{0x000000008230fbd0} (8230fbd0)
 - protected 'algorithm' 'Ljava/lang/String;' @64  "SHA-256"{0x0000000082161af8} (82161af8)
 - protected 'personalizationString' '[B' @68  NULL (0)
 - protected 'nonce' '[B' @72  [B{0x000000008231a3f8} (8231a3f8)
 - private 'requestedNonce' '[B' @76  NULL (0)
 - protected 'requestedAlgorithm' 'Ljava/lang/String;' @80  NULL (0)
 - private 'es' 'Lsun/security/provider/EntropySource;' @84  NULL (0)
 - protected 'outLen' 'I' @88  32 (20)
 - protected 'seedLen' 'I' @92  55 (37)
 - private 'digest' 'Ljava/security/MessageDigest;' @96  a 'java/security/MessageDigest$Delegate$CloneableDelegate'{0x000000008231a418} (8231a418)
 - private 'v' '[B' @100  [B{0x000000008231a620} (8231a620)
 - private 'c' '[B' @104  [B{0x000000008232f538} (8232f538)
stack at sp + 5 slots: 0x00000003c60fd5d0 is pointing into the stack for thread: 0x0000012ea5f3b8e0
stack at sp + 6 slots: 0x0000012ec0843445 is pointing into metadata
stack at sp + 7 slots: 0x00000003c60fd658 is pointing into the stack for thread: 0x0000012ea5f3b8e0


---------------  P R O C E S S  ---------------

Threads class SMR info:
_java_thread_list=0x0000012ec46b3650, length=20, elements={
0x0000012ea5f3b8e0, 0x0000012ebf5bf8e0, 0x0000012ebf5c08e0, 0x0000012ebf5eb020,
0x0000012ebf5ec7f0, 0x0000012ebf5ef950, 0x0000012ebf71e830, 0x0000012ebf720bd0,
0x0000012ebf721c70, 0x0000012ebf724580, 0x0000012ebf88cc00, 0x0000012ebf8aed90,
0x0000012ec416c620, 0x0000012ec4765f50, 0x0000012ec47797e0, 0x0000012ec475c450,
0x0000012ec475c920, 0x0000012ec47c2810, 0x0000012ec4836600, 0x0000012ec47ba0e0
}

Java Threads: ( => current thread )
=>0x0000012ea5f3b8e0 JavaThread "Forwarding newSession on session null to remote" [_thread_in_Java, id=18424, stack(0x00000003c6000000,0x00000003c6100000)]
  0x0000012ebf5bf8e0 JavaThread "Reference Handler" daemon [_thread_blocked, id=12988, stack(0x00000003c6700000,0x00000003c6800000)]
  0x0000012ebf5c08e0 JavaThread "Finalizer" daemon [_thread_blocked, id=1384, stack(0x00000003c6800000,0x00000003c6900000)]
  0x0000012ebf5eb020 JavaThread "Signal Dispatcher" daemon [_thread_blocked, id=11632, stack(0x00000003c6900000,0x00000003c6a00000)]
  0x0000012ebf5ec7f0 JavaThread "Attach Listener" daemon [_thread_blocked, id=17028, stack(0x00000003c6a00000,0x00000003c6b00000)]
  0x0000012ebf5ef950 JavaThread "Service Thread" daemon [_thread_blocked, id=18968, stack(0x00000003c6b00000,0x00000003c6c00000)]
  0x0000012ebf71e830 JavaThread "Monitor Deflation Thread" daemon [_thread_blocked, id=11232, stack(0x00000003c6c00000,0x00000003c6d00000)]
  0x0000012ebf720bd0 JavaThread "C2 CompilerThread0" daemon [_thread_blocked, id=15784, stack(0x00000003c6d00000,0x00000003c6e00000)]
  0x0000012ebf721c70 JavaThread "C1 CompilerThread0" daemon [_thread_blocked, id=12504, stack(0x00000003c6e00000,0x00000003c6f00000)]
  0x0000012ebf724580 JavaThread "Sweeper thread" daemon [_thread_blocked, id=8692, stack(0x00000003c6f00000,0x00000003c7000000)]
  0x0000012ebf88cc00 JavaThread "Notification Thread" daemon [_thread_blocked, id=1300, stack(0x00000003c7000000,0x00000003c7100000)]
  0x0000012ebf8aed90 JavaThread "Common-Cleaner" daemon [_thread_blocked, id=2636, stack(0x00000003c7200000,0x00000003c7300000)]
  0x0000012ec416c620 JavaThread "ReaderThread" [_thread_in_native, id=2660, stack(0x00000003c7400000,0x00000003c7500000)]
  0x0000012ec4765f50 JavaThread "Exec Default Executor" daemon [_thread_in_native, id=15876, stack(0x00000003c7900000,0x00000003c7a00000)]
  0x0000012ec47797e0 JavaThread "UrlChecker-2" daemon [_thread_blocked, id=17148, stack(0x00000003c7a00000,0x00000003c7b00000)]
  0x0000012ec475c450 JavaThread "Exec Stream Pumper" daemon [_thread_in_native, id=11212, stack(0x00000003c7b00000,0x00000003c7c00000)]
  0x0000012ec475c920 JavaThread "Exec Stream Pumper" daemon [_thread_in_native, id=8584, stack(0x00000003c7c00000,0x00000003c7d00000)]
  0x0000012ec47c2810 JavaThread "Keep-Alive-Timer" daemon [_thread_blocked, id=18556, stack(0x00000003c7d00000,0x00000003c7e00000)]
  0x0000012ec4836600 JavaThread "OkHttp ConnectionPool" daemon [_thread_blocked, id=14240, stack(0x00000003c7800000,0x00000003c7900000)]
  0x0000012ec47ba0e0 JavaThread "Okio Watchdog" daemon [_thread_blocked, id=2740, stack(0x00000003c7e00000,0x00000003c7f00000)]

Other Threads:
  0x0000012ebf5565d0 VMThread "VM Thread" [stack: 0x00000003c6600000,0x00000003c6700000] [id=15228]
  0x0000012ebf897d30 WatcherThread [stack: 0x00000003c7100000,0x00000003c7200000] [id=2804]
  0x0000012ea5f97750 GCTaskThread "GC Thread#0" [stack: 0x00000003c6100000,0x00000003c6200000] [id=3444]
  0x0000012ec4387b20 GCTaskThread "GC Thread#1" [stack: 0x00000003c7500000,0x00000003c7600000] [id=15564]
  0x0000012ec4387dd0 GCTaskThread "GC Thread#2" [stack: 0x00000003c7600000,0x00000003c7700000] [id=8324]
  0x0000012ec4388490 GCTaskThread "GC Thread#3" [stack: 0x00000003c7700000,0x00000003c7800000] [id=17180]
  0x0000012ea5fa8a30 ConcurrentGCThread "G1 Main Marker" [stack: 0x00000003c6200000,0x00000003c6300000] [id=4004]
  0x0000012ea5fa9440 ConcurrentGCThread "G1 Conc#0" [stack: 0x00000003c6300000,0x00000003c6400000] [id=7128]
  0x0000012ea600de00 ConcurrentGCThread "G1 Refine#0" [stack: 0x00000003c6400000,0x00000003c6500000] [id=15168]
  0x0000012ea600e820 ConcurrentGCThread "G1 Service" [stack: 0x00000003c6500000,0x00000003c6600000] [id=1532]

Threads with active compile tasks:

VM state: not at safepoint (normal execution)

VM Mutex/Monitor currently owned by a thread: None

Heap address: 0x0000000082000000, size: 2016 MB, Compressed Oops mode: 32-bit

CDS archive(s) not mapped
Compressed class space mapped at: 0x0000000100000000-0x0000000140000000, reserved size: 1073741824
Narrow klass base: 0x0000000000000000, Narrow klass shift: 3, Narrow klass range: 0x140000000

GC Precious Log:
 CPUs: 4 total, 4 available
 Memory: 8058M
 Large Page Support: Disabled
 NUMA Support: Disabled
 Compressed Oops: Enabled (32-bit)
 Heap Region Size: 1M
 Heap Min Capacity: 8M
 Heap Initial Capacity: 126M
 Heap Max Capacity: 2016M
 Pre-touch: Disabled
 Parallel Workers: 4
 Concurrent Workers: 1
 Concurrent Refinement Workers: 4
 Periodic GC: Disabled

Heap:
 garbage-first heap   total 30720K, used 11726K [0x0000000082000000, 0x0000000100000000)
  region size 1024K, 11 young (11264K), 4 survivors (4096K)
 Metaspace       used 22787K, committed 23040K, reserved 1114112K
  class space    used 2497K, committed 2624K, reserved 1048576K

Heap Regions: E=young(eden), S=young(survivor), O=old, HS=humongous(starts), HC=humongous(continues), CS=collection set, F=free, OA=open archive, CA=closed archive, TAMS=top-at-mark-start (previous, next)
|   0|0x0000000082000000, 0x0000000082100000, 0x0000000082100000|100%|HS|  |TAMS 0x0000000082100000, 0x0000000082000000| Complete 
|   1|0x0000000082100000, 0x0000000082200000, 0x0000000082200000|100%| O|  |TAMS 0x0000000082200000, 0x0000000082100000| Untracked 
|   2|0x0000000082200000, 0x0000000082300000, 0x0000000082300000|100%| O|  |TAMS 0x0000000082300000, 0x0000000082200000| Untracked 
|   3|0x0000000082300000, 0x0000000082336600, 0x0000000082400000| 21%| O|  |TAMS 0x0000000082336600, 0x0000000082300000| Complete 
|   4|0x0000000082400000, 0x0000000082400000, 0x0000000082500000|  0%| F|  |TAMS 0x0000000082400000, 0x0000000082400000| Untracked 
|   5|0x0000000082500000, 0x0000000082500000, 0x0000000082600000|  0%| F|  |TAMS 0x0000000082500000, 0x0000000082500000| Untracked 
|   6|0x0000000082600000, 0x0000000082600000, 0x0000000082700000|  0%| F|  |TAMS 0x0000000082600000, 0x0000000082600000| Untracked 
|   7|0x0000000082700000, 0x0000000082700000, 0x0000000082800000|  0%| F|  |TAMS 0x0000000082700000, 0x0000000082700000| Untracked 
|   8|0x0000000082800000, 0x0000000082800000, 0x0000000082900000|  0%| F|  |TAMS 0x0000000082800000, 0x0000000082800000| Untracked 
|   9|0x0000000082900000, 0x0000000082900000, 0x0000000082a00000|  0%| F|  |TAMS 0x0000000082900000, 0x0000000082900000| Untracked 
|  10|0x0000000082a00000, 0x0000000082a00000, 0x0000000082b00000|  0%| F|  |TAMS 0x0000000082a00000, 0x0000000082a00000| Untracked 
|  11|0x0000000082b00000, 0x0000000082b00000, 0x0000000082c00000|  0%| F|  |TAMS 0x0000000082b00000, 0x0000000082b00000| Untracked 
|  12|0x0000000082c00000, 0x0000000082c00000, 0x0000000082d00000|  0%| F|  |TAMS 0x0000000082c00000, 0x0000000082c00000| Untracked 
|  13|0x0000000082d00000, 0x0000000082d00000, 0x0000000082e00000|  0%| F|  |TAMS 0x0000000082d00000, 0x0000000082d00000| Untracked 
|  14|0x0000000082e00000, 0x0000000082e00000, 0x0000000082f00000|  0%| F|  |TAMS 0x0000000082e00000, 0x0000000082e00000| Untracked 
|  15|0x0000000082f00000, 0x0000000082f00000, 0x0000000083000000|  0%| F|  |TAMS 0x0000000082f00000, 0x0000000082f00000| Untracked 
|  16|0x0000000083000000, 0x0000000083000000, 0x0000000083100000|  0%| F|  |TAMS 0x0000000083000000, 0x0000000083000000| Untracked 
|  17|0x0000000083100000, 0x0000000083100000, 0x0000000083200000|  0%| F|  |TAMS 0x0000000083100000, 0x0000000083100000| Untracked 
|  18|0x0000000083200000, 0x0000000083200000, 0x0000000083300000|  0%| F|  |TAMS 0x0000000083200000, 0x0000000083200000| Untracked 
|  19|0x0000000083300000, 0x0000000083380800, 0x0000000083400000| 50%| E|  |TAMS 0x0000000083300000, 0x0000000083300000| Complete 
|  20|0x0000000083400000, 0x0000000083500000, 0x0000000083500000|100%| E|CS|TAMS 0x0000000083400000, 0x0000000083400000| Complete 
|  21|0x0000000083500000, 0x0000000083600000, 0x0000000083600000|100%| E|CS|TAMS 0x0000000083500000, 0x0000000083500000| Complete 
|  22|0x0000000083600000, 0x0000000083700000, 0x0000000083700000|100%| E|CS|TAMS 0x0000000083600000, 0x0000000083600000| Complete 
|  23|0x0000000083700000, 0x0000000083800000, 0x0000000083800000|100%| E|  |TAMS 0x0000000083700000, 0x0000000083700000| Complete 
|  24|0x0000000083800000, 0x0000000083900000, 0x0000000083900000|100%| E|CS|TAMS 0x0000000083800000, 0x0000000083800000| Complete 
| 117|0x0000000089500000, 0x000000008953d4d0, 0x0000000089600000| 23%| S|CS|TAMS 0x0000000089500000, 0x0000000089500000| Complete 
| 118|0x0000000089600000, 0x0000000089700000, 0x0000000089700000|100%| S|CS|TAMS 0x0000000089600000, 0x0000000089600000| Complete 
| 119|0x0000000089700000, 0x0000000089800000, 0x0000000089800000|100%| S|CS|TAMS 0x0000000089700000, 0x0000000089700000| Complete 
| 120|0x0000000089800000, 0x0000000089900000, 0x0000000089900000|100%| S|CS|TAMS 0x0000000089800000, 0x0000000089800000| Complete 
| 125|0x0000000089d00000, 0x0000000089e00000, 0x0000000089e00000|100%| E|CS|TAMS 0x0000000089d00000, 0x0000000089d00000| Complete 

Card table byte_map: [0x0000012eb89f0000,0x0000012eb8de0000] _byte_map_base: 0x0000012eb85e0000

Marking Bits (Prev, Next): (CMBitMap*) 0x0000012ea5f97da0, (CMBitMap*) 0x0000012ea5f97d60
 Prev Bits: [0x0000012ebb150000, 0x0000012ebd0d0000)
 Next Bits: [0x0000012eb91d0000, 0x0000012ebb150000)

Polling page: 0x0000012ea3d50000

Metaspace:

Usage:
  Non-class:     19.81 MB used.
      Class:      2.44 MB used.
       Both:     22.25 MB used.

Virtual space:
  Non-class space:       64.00 MB reserved,      19.94 MB ( 31%) committed,  1 nodes.
      Class space:        1.00 GB reserved,       2.56 MB ( <1%) committed,  1 nodes.
             Both:        1.06 GB reserved,      22.50 MB (  2%) committed. 

Chunk freelists:
   Non-Class:  11.86 MB
       Class:  13.35 MB
        Both:  25.21 MB

MaxMetaspaceSize: unlimited
CompressedClassSpaceSize: 1.00 GB
Initial GC threshold: 21.00 MB
Current GC threshold: 35.31 MB
CDS: off
MetaspaceReclaimPolicy: balanced
 - commit_granule_bytes: 65536.
 - commit_granule_words: 8192.
 - virtual_space_node_default_size: 8388608.
 - enlarge_chunks_in_place: 1.
 - new_chunks_are_fully_committed: 0.
 - uncommit_free_chunks: 1.
 - use_allocation_guard: 0.
 - handle_deallocations: 1.


Internal statistics:

num_allocs_failed_limit: 3.
num_arena_births: 176.
num_arena_deaths: 0.
num_vsnodes_births: 2.
num_vsnodes_deaths: 0.
num_space_committed: 360.
num_space_uncommitted: 0.
num_chunks_returned_to_freelist: 3.
num_chunks_taken_from_freelist: 522.
num_chunk_merges: 3.
num_chunk_splits: 327.
num_chunks_enlarged: 235.
num_inconsistent_stats: 0.

CodeHeap 'non-profiled nmethods': size=120000Kb used=553Kb max_used=553Kb free=119446Kb
 bounds [0x0000012eb10d0000, 0x0000012eb1340000, 0x0000012eb8600000]
CodeHeap 'profiled nmethods': size=120000Kb used=3085Kb max_used=3085Kb free=116914Kb
 bounds [0x0000012ea9600000, 0x0000012ea9910000, 0x0000012eb0b30000]
CodeHeap 'non-nmethods': size=5760Kb used=1215Kb max_used=1236Kb free=4544Kb
 bounds [0x0000012eb0b30000, 0x0000012eb0da0000, 0x0000012eb10d0000]
 total_blobs=2249 nmethods=1723 adapters=439
 compilation: enabled
              stopped_count=0, restarted_count=0
 full_count=0

Compilation events (20 events):
Event: 3.572 Thread 0x0000012ebf721c70 1714       3       java.util.stream.AbstractPipeline::<init> (55 bytes)
Event: 3.573 Thread 0x0000012ebf721c70 nmethod 1714 0x0000012ea9900690 code [0x0000012ea9900840, 0x0000012ea9900b18]
Event: 3.573 Thread 0x0000012ebf721c70 1715       3       java.lang.StringBuilder::length (5 bytes)
Event: 3.573 Thread 0x0000012ebf721c70 nmethod 1715 0x0000012ea9900c10 code [0x0000012ea9900da0, 0x0000012ea9900eb8]
Event: 3.580 Thread 0x0000012ebf721c70 1716       3       com.google.common.base.CharMatcher$Is::matches (14 bytes)
Event: 3.580 Thread 0x0000012ebf721c70 nmethod 1716 0x0000012ea9900f90 code [0x0000012ea9901120, 0x0000012ea9901298]
Event: 3.580 Thread 0x0000012ebf721c70 1718       3       com.google.common.base.Preconditions::checkPositionIndex (8 bytes)
Event: 3.580 Thread 0x0000012ebf721c70 nmethod 1718 0x0000012ea9901310 code [0x0000012ea99014a0, 0x0000012ea99015c8]
Event: 3.580 Thread 0x0000012ebf721c70 1717       1       com.google.common.base.CharMatcher$None::matches (2 bytes)
Event: 3.580 Thread 0x0000012ebf721c70 nmethod 1717 0x0000012eb115a210 code [0x0000012eb115a3a0, 0x0000012eb115a478]
Event: 3.580 Thread 0x0000012ebf721c70 1719       3       com.google.common.base.Preconditions::checkState (13 bytes)
Event: 3.580 Thread 0x0000012ebf721c70 nmethod 1719 0x0000012ea9901690 code [0x0000012ea9901840, 0x0000012ea9901a28]
Event: 3.580 Thread 0x0000012ebf721c70 1720       3       com.google.common.base.AbstractIterator::hasNext (65 bytes)
Event: 3.581 Thread 0x0000012ebf721c70 nmethod 1720 0x0000012ea9901b10 code [0x0000012ea9901d00, 0x0000012ea9902118]
Event: 3.581 Thread 0x0000012ebf721c70 1721       3       com.google.common.base.CharMatcher::indexIn (48 bytes)
Event: 3.581 Thread 0x0000012ebf721c70 nmethod 1721 0x0000012ea9902290 code [0x0000012ea9902480, 0x0000012ea99029b8]
Event: 3.581 Thread 0x0000012ebf721c70 1723       3       com.google.common.base.Preconditions::checkPositionIndex (25 bytes)
Event: 3.581 Thread 0x0000012ebf721c70 nmethod 1723 0x0000012ea9902b90 code [0x0000012ea9902d40, 0x0000012ea9902f98]
Event: 3.581 Thread 0x0000012ebf721c70 1722       3       com.google.common.base.Splitter$1$1::separatorStart (16 bytes)
Event: 3.581 Thread 0x0000012ebf721c70 nmethod 1722 0x0000012ea9903090 code [0x0000012ea9903240, 0x0000012ea9903428]

GC Heap History (6 events):
Event: 1.088 GC heap before
{Heap before GC invocations=0 (full 0):
 garbage-first heap   total 129024K, used 14336K [0x0000000082000000, 0x0000000100000000)
  region size 1024K, 13 young (13312K), 0 survivors (0K)
 Metaspace       used 14051K, committed 14272K, reserved 1114112K
  class space    used 1391K, committed 1472K, reserved 1048576K
}
Event: 1.094 GC heap after
{Heap after GC invocations=1 (full 0):
 garbage-first heap   total 129024K, used 3361K [0x0000000082000000, 0x0000000100000000)
  region size 1024K, 2 young (2048K), 2 survivors (2048K)
 Metaspace       used 14051K, committed 14272K, reserved 1114112K
  class space    used 1391K, committed 1472K, reserved 1048576K
}
Event: 1.758 GC heap before
{Heap before GC invocations=1 (full 0):
 garbage-first heap   total 129024K, used 18721K [0x0000000082000000, 0x0000000100000000)
  region size 1024K, 18 young (18432K), 2 survivors (2048K)
 Metaspace       used 20353K, committed 20544K, reserved 1114112K
  class space    used 2125K, committed 2240K, reserved 1048576K
}
Event: 1.765 GC heap after
{Heap after GC invocations=2 (full 0):
 garbage-first heap   total 129024K, used 6141K [0x0000000082000000, 0x0000000100000000)
  region size 1024K, 3 young (3072K), 3 survivors (3072K)
 Metaspace       used 20353K, committed 20544K, reserved 1114112K
  class space    used 2125K, committed 2240K, reserved 1048576K
}
Event: 1.894 GC heap before
{Heap before GC invocations=2 (full 0):
 garbage-first heap   total 129024K, used 10237K [0x0000000082000000, 0x0000000100000000)
  region size 1024K, 8 young (8192K), 3 survivors (3072K)
 Metaspace       used 21361K, committed 21504K, reserved 1114112K
  class space    used 2303K, committed 2368K, reserved 1048576K
}
Event: 1.898 GC heap after
{Heap after GC invocations=3 (full 0):
 garbage-first heap   total 129024K, used 6606K [0x0000000082000000, 0x0000000100000000)
  region size 1024K, 4 young (4096K), 4 survivors (4096K)
 Metaspace       used 21361K, committed 21504K, reserved 1114112K
  class space    used 2303K, committed 2368K, reserved 1048576K
}

Dll operation events (7 events):
Event: 0.018 Loaded shared library C:\Users\XSC-10286\.p2\pool\plugins\org.eclipse.justj.openjdk.hotspot.jre.full.win32.x86_64_17.0.7.v20230425-1502\jre\bin\java.dll
Event: 0.166 Loaded shared library C:\Users\XSC-10286\.p2\pool\plugins\org.eclipse.justj.openjdk.hotspot.jre.full.win32.x86_64_17.0.7.v20230425-1502\jre\bin\net.dll
Event: 0.169 Loaded shared library C:\Users\XSC-10286\.p2\pool\plugins\org.eclipse.justj.openjdk.hotspot.jre.full.win32.x86_64_17.0.7.v20230425-1502\jre\bin\nio.dll
Event: 0.178 Loaded shared library C:\Users\XSC-10286\.p2\pool\plugins\org.eclipse.justj.openjdk.hotspot.jre.full.win32.x86_64_17.0.7.v20230425-1502\jre\bin\zip.dll
Event: 0.332 Loaded shared library C:\Users\XSC-10286\.p2\pool\plugins\org.eclipse.justj.openjdk.hotspot.jre.full.win32.x86_64_17.0.7.v20230425-1502\jre\bin\jimage.dll
Event: 1.315 Loaded shared library C:\Users\XSC-10286\.p2\pool\plugins\org.eclipse.justj.openjdk.hotspot.jre.full.win32.x86_64_17.0.7.v20230425-1502\jre\bin\sunmscapi.dll
Event: 1.590 Loaded shared library C:\Users\XSC-10286\.p2\pool\plugins\org.eclipse.justj.openjdk.hotspot.jre.full.win32.x86_64_17.0.7.v20230425-1502\jre\bin\verify.dll

Deoptimization events (20 events):
Event: 3.535 Thread 0x0000012ea5f3b8e0 Uncommon trap: trap_request=0xffffffde fr.pc=0x0000012eb1150414 relative=0x00000000000005b4
Event: 3.535 Thread 0x0000012ea5f3b8e0 Uncommon trap: reason=class_check action=maybe_recompile pc=0x0000012eb1150414 method=org.openqa.selenium.json.Input.init()V @ 18 c2
Event: 3.536 Thread 0x0000012ea5f3b8e0 DEOPT PACKING pc=0x0000012eb1150414 sp=0x00000003c60fd360
Event: 3.536 Thread 0x0000012ea5f3b8e0 DEOPT UNPACKING pc=0x0000012eb0b869a3 sp=0x00000003c60fd348 mode 2
Event: 3.536 Thread 0x0000012ea5f3b8e0 Uncommon trap: trap_request=0xffffffde fr.pc=0x0000012eb1150414 relative=0x00000000000005b4
Event: 3.536 Thread 0x0000012ea5f3b8e0 Uncommon trap: reason=class_check action=maybe_recompile pc=0x0000012eb1150414 method=org.openqa.selenium.json.Input.init()V @ 18 c2
Event: 3.536 Thread 0x0000012ea5f3b8e0 DEOPT PACKING pc=0x0000012eb1150414 sp=0x00000003c60fceb0
Event: 3.536 Thread 0x0000012ea5f3b8e0 DEOPT UNPACKING pc=0x0000012eb0b869a3 sp=0x00000003c60fce98 mode 2
Event: 3.536 Thread 0x0000012ea5f3b8e0 Uncommon trap: trap_request=0xffffffde fr.pc=0x0000012eb1150414 relative=0x00000000000005b4
Event: 3.536 Thread 0x0000012ea5f3b8e0 Uncommon trap: reason=class_check action=maybe_recompile pc=0x0000012eb1150414 method=org.openqa.selenium.json.Input.init()V @ 18 c2
Event: 3.536 Thread 0x0000012ea5f3b8e0 DEOPT PACKING pc=0x0000012eb1150414 sp=0x00000003c60fc8d0
Event: 3.536 Thread 0x0000012ea5f3b8e0 DEOPT UNPACKING pc=0x0000012eb0b869a3 sp=0x00000003c60fc8b8 mode 2
Event: 3.536 Thread 0x0000012ea5f3b8e0 Uncommon trap: trap_request=0xffffffde fr.pc=0x0000012eb1150414 relative=0x00000000000005b4
Event: 3.536 Thread 0x0000012ea5f3b8e0 Uncommon trap: reason=class_check action=maybe_recompile pc=0x0000012eb1150414 method=org.openqa.selenium.json.Input.init()V @ 18 c2
Event: 3.536 Thread 0x0000012ea5f3b8e0 DEOPT PACKING pc=0x0000012eb1150414 sp=0x00000003c60fc8d0
Event: 3.536 Thread 0x0000012ea5f3b8e0 DEOPT UNPACKING pc=0x0000012eb0b869a3 sp=0x00000003c60fc8b8 mode 2
Event: 3.561 Thread 0x0000012ea5f3b8e0 Uncommon trap: trap_request=0xffffff45 fr.pc=0x0000012eb1125344 relative=0x0000000000001024
Event: 3.561 Thread 0x0000012ea5f3b8e0 Uncommon trap: reason=unstable_if action=reinterpret pc=0x0000012eb1125344 method=java.util.concurrent.ConcurrentHashMap.putVal(Ljava/lang/Object;Ljava/lang/Object;Z)Ljava/lang/Object; @ 256 c2
Event: 3.561 Thread 0x0000012ea5f3b8e0 DEOPT PACKING pc=0x0000012eb1125344 sp=0x00000003c60fcf60
Event: 3.561 Thread 0x0000012ea5f3b8e0 DEOPT UNPACKING pc=0x0000012eb0b869a3 sp=0x00000003c60fced8 mode 2

Classes unloaded (0 events):
No events

Classes redefined (0 events):
No events

Internal exceptions (20 events):
Event: 1.628 Thread 0x0000012ec47797e0 Exception <a 'java/net/ConnectException'{0x0000000088d78f28}: Connection refused: no further information> (0x0000000088d78f28) 
thrown [s\src\hotspot\share\prims\jni.cpp, line 535]
Event: 1.628 Thread 0x0000012ec47797e0 Exception <a 'java/net/SocketException'{0x0000000088d79260}: Socket is not connected: shutdown> (0x0000000088d79260) 
thrown [s\src\hotspot\share\prims\jni.cpp, line 535]
Event: 1.641 Thread 0x0000012ec47797e0 Exception <a 'java/net/ConnectException'{0x0000000088d7a2c8}: Connection refused: no further information> (0x0000000088d7a2c8) 
thrown [s\src\hotspot\share\prims\jni.cpp, line 535]
Event: 1.641 Thread 0x0000012ec47797e0 Exception <a 'java/net/SocketException'{0x0000000088d7a600}: Socket is not connected: shutdown> (0x0000000088d7a600) 
thrown [s\src\hotspot\share\prims\jni.cpp, line 535]
Event: 1.673 Thread 0x0000012ec47797e0 Exception <a 'java/net/ConnectException'{0x0000000088d7b598}: Connection refused: no further information> (0x0000000088d7b598) 
thrown [s\src\hotspot\share\prims\jni.cpp, line 535]
Event: 1.673 Thread 0x0000012ec47797e0 Exception <a 'java/net/SocketException'{0x0000000088d7b8d0}: Socket is not connected: shutdown> (0x0000000088d7b8d0) 
thrown [s\src\hotspot\share\prims\jni.cpp, line 535]
Event: 1.738 Thread 0x0000012ea5f3b8e0 Exception <a 'java/lang/NoSuchMethodError'{0x0000000088c40678}: 'java.lang.Object java.lang.invoke.DirectMethodHandle$Holder.invokeInterface(java.lang.Object, java.lang.Object, java.lang.Object)'> (0x0000000088c40678) 
thrown [s\src\hotspot\share\interpreter\linkResolver.cpp, line 759]
Event: 1.738 Thread 0x0000012ea5f3b8e0 Exception <a 'java/lang/IncompatibleClassChangeError'{0x0000000088c441e0}: Found class java.lang.Object, but interface was expected> (0x0000000088c441e0) 
thrown [s\src\hotspot\share\interpreter\linkResolver.cpp, line 826]
Event: 1.740 Thread 0x0000012ea5f3b8e0 Exception <a 'java/lang/NoSuchMethodError'{0x0000000088c4c940}: 'int java.lang.invoke.DirectMethodHandle$Holder.invokeSpecialIFC(java.lang.Object, java.lang.Object, java.lang.Object, java.lang.Object)'> (0x0000000088c4c940) 
thrown [s\src\hotspot\share\interpreter\linkResolver.cpp, line 759]
Event: 1.741 Thread 0x0000012ea5f3b8e0 Exception <a 'java/lang/NoSuchMethodError'{0x0000000088c54ed0}: 'java.lang.Object java.lang.invoke.DirectMethodHandle$Holder.invokeInterface(java.lang.Object, java.lang.Object, java.lang.Object, java.lang.Object)'> (0x0000000088c54ed0) 
thrown [s\src\hotspot\share\interpreter\linkResolver.cpp, line 759]
Event: 1.746 Thread 0x0000012ea5f3b8e0 Exception <a 'java/lang/NoSuchMethodError'{0x0000000088c7a078}: 'java.lang.Object java.lang.invoke.DirectMethodHandle$Holder.invokeVirtual(java.lang.Object, java.lang.Object, java.lang.Object)'> (0x0000000088c7a078) 
thrown [s\src\hotspot\share\interpreter\linkResolver.cpp, line 759]
Event: 1.756 Thread 0x0000012ea5f3b8e0 Exception <a 'java/lang/NoSuchMethodError'{0x0000000088ce8e10}: 'void java.lang.invoke.DirectMethodHandle$Holder.invokeInterface(java.lang.Object, java.lang.Object, java.lang.Object)'> (0x0000000088ce8e10) 
thrown [s\src\hotspot\share\interpreter\linkResolver.cpp, line 759]
Event: 1.773 Thread 0x0000012ea5f3b8e0 Exception <a 'java/lang/NoSuchMethodError'{0x0000000089d3f938}: 'double java.lang.invoke.DirectMethodHandle$Holder.invokeVirtual(java.lang.Object, java.lang.Object)'> (0x0000000089d3f938) 
thrown [s\src\hotspot\share\interpreter\linkResolver.cpp, line 759]
Event: 1.774 Thread 0x0000012ea5f3b8e0 Exception <a 'java/lang/NoSuchMethodError'{0x0000000089d460b8}: 'float java.lang.invoke.DirectMethodHandle$Holder.invokeVirtual(java.lang.Object, java.lang.Object)'> (0x0000000089d460b8) 
thrown [s\src\hotspot\share\interpreter\linkResolver.cpp, line 759]
Event: 1.775 Thread 0x0000012ea5f3b8e0 Exception <a 'java/lang/NoSuchMethodError'{0x0000000089d4f078}: 'long java.lang.invoke.DirectMethodHandle$Holder.invokeVirtual(java.lang.Object, java.lang.Object)'> (0x0000000089d4f078) 
thrown [s\src\hotspot\share\interpreter\linkResolver.cpp, line 759]
Event: 1.809 Thread 0x0000012ea5f3b8e0 Exception <a 'java/lang/NoSuchMethodError'{0x0000000089b028f8}: 'void java.lang.invoke.DirectMethodHandle$Holder.invokeSpecial(java.lang.Object, java.lang.Object, java.lang.Object, java.lang.Object, java.lang.Object)'> (0x0000000089b028f8) 
thrown [s\src\hotspot\share\interpreter\linkResolver.cpp, line 759]
Event: 1.835 Thread 0x0000012ea5f3b8e0 Exception <a 'java/lang/NoSuchMethodError'{0x0000000089bb6440}: 'java.lang.Object java.lang.invoke.DirectMethodHandle$Holder.newInvokeSpecial(java.lang.Object, java.lang.Object, java.lang.Object, java.lang.Object, java.lang.Object)'> (0x0000000089bb6440) 
thrown [s\src\hotspot\share\interpreter\linkResolver.cpp, line 759]
Event: 3.545 Thread 0x0000012ea5f3b8e0 Exception <a 'java/lang/NoSuchMethodError'{0x0000000083423478}: 'java.lang.Object java.lang.invoke.DirectMethodHandle$Holder.invokeSpecialIFC(java.lang.Object, java.lang.Object, java.lang.Object)'> (0x0000000083423478) 
thrown [s\src\hotspot\share\interpreter\linkResolver.cpp, line 759]
Event: 3.564 Thread 0x0000012ea5f3b8e0 Exception <a 'java/lang/NoSuchMethodError'{0x000000008349bf28}: 'void java.lang.invoke.DirectMethodHandle$Holder.invokeSpecial(java.lang.Object, java.lang.Object, java.lang.Object)'> (0x000000008349bf28) 
thrown [s\src\hotspot\share\interpreter\linkResolver.cpp, line 759]
Event: 3.569 Thread 0x0000012ea5f3b8e0 Exception <a 'java/lang/ClassNotFoundException'{0x00000000834bfad8}: sun/util/logging/resources/spi/loggingProvider> (0x00000000834bfad8) 
thrown [s\src\hotspot\share\classfile\systemDictionary.cpp, line 256]

VM Operations (20 events):
Event: 1.302 Executing VM operation: HandshakeAllThreads
Event: 1.302 Executing VM operation: HandshakeAllThreads done
Event: 1.477 Executing VM operation: HandshakeAllThreads
Event: 1.477 Executing VM operation: HandshakeAllThreads done
Event: 1.723 Executing VM operation: HandshakeAllThreads
Event: 1.723 Executing VM operation: HandshakeAllThreads done
Event: 1.725 Executing VM operation: HandshakeAllThreads
Event: 1.725 Executing VM operation: HandshakeAllThreads done
Event: 1.758 Executing VM operation: G1CollectForAllocation
Event: 1.766 Executing VM operation: G1CollectForAllocation done
Event: 1.894 Executing VM operation: CollectForMetadataAllocation
Event: 1.898 Executing VM operation: CollectForMetadataAllocation done
Event: 1.910 Executing VM operation: G1Concurrent
Event: 1.911 Executing VM operation: G1Concurrent done
Event: 1.916 Executing VM operation: G1Concurrent
Event: 1.916 Executing VM operation: G1Concurrent done
Event: 2.925 Executing VM operation: Cleanup
Event: 2.925 Executing VM operation: Cleanup done
Event: 3.557 Executing VM operation: HandshakeAllThreads
Event: 3.557 Executing VM operation: HandshakeAllThreads done

Events (20 events):
Event: 3.569 loading class sun/util/logging/resources/logging_en
Event: 3.569 loading class sun/util/logging/resources/logging_en done
Event: 3.569 loading class sun/util/logging/resources/logging_en_IN
Event: 3.569 loading class sun/util/logging/resources/logging_en_IN done
Event: 3.569 loading class sun/util/logging/resources/logging_en_IN
Event: 3.569 loading class sun/util/logging/resources/logging_en_IN done
Event: 3.569 loading class java/util/Formatter$DateTime
Event: 3.569 loading class java/util/Formatter$DateTime done
Event: 3.570 loading class java/time/ZonedDateTime$1
Event: 3.570 loading class java/time/ZonedDateTime$1 done
Event: 3.570 loading class java/time/LocalDate$1
Event: 3.570 loading class java/time/LocalDate$1 done
Event: 3.570 loading class java/text/DateFormatSymbols
Event: 3.571 loading class java/text/DateFormatSymbols done
Event: 3.571 loading class java/text/spi/DateFormatSymbolsProvider
Event: 3.571 loading class java/text/spi/DateFormatSymbolsProvider done
Event: 3.571 loading class sun/util/locale/provider/DateFormatSymbolsProviderImpl
Event: 3.572 loading class sun/util/locale/provider/DateFormatSymbolsProviderImpl done
Event: 3.572 loading class java/time/LocalTime$1
Event: 3.572 loading class java/time/LocalTime$1 done


Dynamic libraries:
0x00007ff7bf820000 - 0x00007ff7bf82e000 	C:\Users\XSC-10286\.p2\pool\plugins\org.eclipse.justj.openjdk.hotspot.jre.full.win32.x86_64_17.0.7.v20230425-1502\jre\bin\javaw.exe
0x00007ff9f24b0000 - 0x00007ff9f26a8000 	C:\WINDOWS\SYSTEM32\ntdll.dll
0x00007ff9f1b70000 - 0x00007ff9f1c2f000 	C:\WINDOWS\System32\KERNEL32.DLL
0x00007ff9effe0000 - 0x00007ff9f02d6000 	C:\WINDOWS\System32\KERNELBASE.dll
0x00007ff9efeb0000 - 0x00007ff9effb0000 	C:\WINDOWS\System32\ucrtbase.dll
0x00007ff9e8ee0000 - 0x00007ff9e8ef7000 	C:\Users\XSC-10286\.p2\pool\plugins\org.eclipse.justj.openjdk.hotspot.jre.full.win32.x86_64_17.0.7.v20230425-1502\jre\bin\jli.dll
0x00007ff9f15f0000 - 0x00007ff9f178d000 	C:\WINDOWS\System32\USER32.dll
0x00007ff9effb0000 - 0x00007ff9effd2000 	C:\WINDOWS\System32\win32u.dll
0x00007ff9f13c0000 - 0x00007ff9f13ec000 	C:\WINDOWS\System32\GDI32.dll
0x00007ff9efd90000 - 0x00007ff9efea5000 	C:\WINDOWS\System32\gdi32full.dll
0x00007ff9f02e0000 - 0x00007ff9f037d000 	C:\WINDOWS\System32\msvcp_win.dll
0x00007ff9eeee0000 - 0x00007ff9ef17a000 	C:\WINDOWS\WinSxS\amd64_microsoft.windows.common-controls_6595b64144ccf1df_6.0.19041.1110_none_60b5254171f9507e\COMCTL32.dll
0x00007ff9f1a50000 - 0x00007ff9f1aee000 	C:\WINDOWS\System32\msvcrt.dll
0x00007ff9e2490000 - 0x00007ff9e24a9000 	C:\Users\XSC-10286\.p2\pool\plugins\org.eclipse.justj.openjdk.hotspot.jre.full.win32.x86_64_17.0.7.v20230425-1502\jre\bin\VCRUNTIME140.dll
0x00007ff9f1a00000 - 0x00007ff9f1a30000 	C:\WINDOWS\System32\IMM32.DLL
0x00007ff9e24d0000 - 0x00007ff9e24dc000 	C:\Users\XSC-10286\.p2\pool\plugins\org.eclipse.justj.openjdk.hotspot.jre.full.win32.x86_64_17.0.7.v20230425-1502\jre\bin\vcruntime140_1.dll
0x00007ff9d7250000 - 0x00007ff9d72e1000 	C:\Users\XSC-10286\.p2\pool\plugins\org.eclipse.justj.openjdk.hotspot.jre.full.win32.x86_64_17.0.7.v20230425-1502\jre\bin\msvcp140.dll
0x00007ff98ff70000 - 0x00007ff990bb8000 	C:\Users\XSC-10286\.p2\pool\plugins\org.eclipse.justj.openjdk.hotspot.jre.full.win32.x86_64_17.0.7.v20230425-1502\jre\bin\server\jvm.dll
0x00007ff9f0510000 - 0x00007ff9f05bf000 	C:\WINDOWS\System32\ADVAPI32.dll
0x00007ff9f1870000 - 0x00007ff9f190c000 	C:\WINDOWS\System32\sechost.dll
0x00007ff9f1290000 - 0x00007ff9f13b6000 	C:\WINDOWS\System32\RPCRT4.dll
0x00007ff9db880000 - 0x00007ff9db889000 	C:\WINDOWS\SYSTEM32\WSOCK32.dll
0x00007ff9f1580000 - 0x00007ff9f15eb000 	C:\WINDOWS\System32\WS2_32.dll
0x00007ff9e0610000 - 0x00007ff9e0637000 	C:\WINDOWS\SYSTEM32\WINMM.dll
0x00007ff9ecc50000 - 0x00007ff9ecc5a000 	C:\WINDOWS\SYSTEM32\VERSION.dll
0x00007ff9ed5e0000 - 0x00007ff9ed5f2000 	C:\WINDOWS\SYSTEM32\kernel.appcore.dll
0x00007ff995a50000 - 0x00007ff995a5a000 	C:\Users\XSC-10286\.p2\pool\plugins\org.eclipse.justj.openjdk.hotspot.jre.full.win32.x86_64_17.0.7.v20230425-1502\jre\bin\jimage.dll
0x00007ff9ef260000 - 0x00007ff9ef444000 	C:\WINDOWS\SYSTEM32\DBGHELP.DLL
0x00007ff9ef1f0000 - 0x00007ff9ef224000 	C:\WINDOWS\SYSTEM32\dbgcore.DLL
0x00007ff9f0480000 - 0x00007ff9f0502000 	C:\WINDOWS\System32\bcryptPrimitives.dll
0x00007ff98fb80000 - 0x00007ff98fba5000 	C:\Users\XSC-10286\.p2\pool\plugins\org.eclipse.justj.openjdk.hotspot.jre.full.win32.x86_64_17.0.7.v20230425-1502\jre\bin\java.dll
0x00007ff98fb60000 - 0x00007ff98fb78000 	C:\Users\XSC-10286\.p2\pool\plugins\org.eclipse.justj.openjdk.hotspot.jre.full.win32.x86_64_17.0.7.v20230425-1502\jre\bin\zip.dll
0x00007ff9f0630000 - 0x00007ff9f0d74000 	C:\WINDOWS\System32\SHELL32.dll
0x00007ff9ecc60000 - 0x00007ff9ed3f3000 	C:\WINDOWS\SYSTEM32\windows.storage.dll
0x00007ff9f0f30000 - 0x00007ff9f1284000 	C:\WINDOWS\System32\combase.dll
0x00007ff9ef180000 - 0x00007ff9ef1ae000 	C:\WINDOWS\SYSTEM32\Wldp.dll
0x00007ff9f1c90000 - 0x00007ff9f1d3d000 	C:\WINDOWS\System32\SHCORE.dll
0x00007ff9f05c0000 - 0x00007ff9f0615000 	C:\WINDOWS\System32\shlwapi.dll
0x00007ff9efad0000 - 0x00007ff9efaef000 	C:\WINDOWS\SYSTEM32\profapi.dll
0x00007ff98fb40000 - 0x00007ff98fb59000 	C:\Users\XSC-10286\.p2\pool\plugins\org.eclipse.justj.openjdk.hotspot.jre.full.win32.x86_64_17.0.7.v20230425-1502\jre\bin\net.dll
0x00007ff9e1b10000 - 0x00007ff9e1c1a000 	C:\WINDOWS\SYSTEM32\WINHTTP.dll
0x00007ff9eec00000 - 0x00007ff9eec6a000 	C:\WINDOWS\system32\mswsock.dll
0x00007ff98fb20000 - 0x00007ff98fb35000 	C:\Users\XSC-10286\.p2\pool\plugins\org.eclipse.justj.openjdk.hotspot.jre.full.win32.x86_64_17.0.7.v20230425-1502\jre\bin\nio.dll
0x00007ff9ee930000 - 0x00007ff9ee9fb000 	C:\WINDOWS\SYSTEM32\DNSAPI.dll
0x00007ff9ee8f0000 - 0x00007ff9ee92c000 	C:\WINDOWS\SYSTEM32\IPHLPAPI.DLL
0x00007ff9f0620000 - 0x00007ff9f0628000 	C:\WINDOWS\System32\NSI.dll
0x00007ff9e03a0000 - 0x00007ff9e03aa000 	C:\Windows\System32\rasadhlp.dll
0x00007ff9e09e0000 - 0x00007ff9e0a62000 	C:\WINDOWS\System32\fwpuclnt.dll
0x00007ff9efb90000 - 0x00007ff9efbb7000 	C:\WINDOWS\System32\bcrypt.dll
0x00007ff9ef870000 - 0x00007ff9ef888000 	C:\WINDOWS\SYSTEM32\CRYPTSP.dll
0x00007ff9ee560000 - 0x00007ff9ee594000 	C:\WINDOWS\system32\rsaenh.dll
0x00007ff9efa50000 - 0x00007ff9efa7e000 	C:\WINDOWS\SYSTEM32\USERENV.dll
0x00007ff9ef7e0000 - 0x00007ff9ef7ec000 	C:\WINDOWS\SYSTEM32\CRYPTBASE.dll
0x00007ff9e22a0000 - 0x00007ff9e22b7000 	C:\WINDOWS\SYSTEM32\dhcpcsvc6.DLL
0x00007ff9e2390000 - 0x00007ff9e23ad000 	C:\WINDOWS\SYSTEM32\dhcpcsvc.DLL
0x00007ff994ae0000 - 0x00007ff994aee000 	C:\Users\XSC-10286\.p2\pool\plugins\org.eclipse.justj.openjdk.hotspot.jre.full.win32.x86_64_17.0.7.v20230425-1502\jre\bin\sunmscapi.dll
0x00007ff9efc30000 - 0x00007ff9efd8e000 	C:\WINDOWS\System32\CRYPT32.dll
0x00007ff9ef230000 - 0x00007ff9ef258000 	C:\WINDOWS\SYSTEM32\ncrypt.dll
0x00007ff9ef1b0000 - 0x00007ff9ef1eb000 	C:\WINDOWS\SYSTEM32\NTASN1.dll
0x00007ff9d99d0000 - 0x00007ff9d99e0000 	C:\Users\XSC-10286\.p2\pool\plugins\org.eclipse.justj.openjdk.hotspot.jre.full.win32.x86_64_17.0.7.v20230425-1502\jre\bin\verify.dll

dbghelp: loaded successfully - version: 4.0.5 - missing functions: none
symbol engine: initialized successfully - sym options: 0x614 - pdb path: .;C:\Users\XSC-10286\.p2\pool\plugins\org.eclipse.justj.openjdk.hotspot.jre.full.win32.x86_64_17.0.7.v20230425-1502\jre\bin;C:\WINDOWS\SYSTEM32;C:\WINDOWS\WinSxS\amd64_microsoft.windows.common-controls_6595b64144ccf1df_6.0.19041.1110_none_60b5254171f9507e;C:\Users\XSC-10286\.p2\pool\plugins\org.eclipse.justj.openjdk.hotspot.jre.full.win32.x86_64_17.0.7.v20230425-1502\jre\bin\server

VM Arguments:
jvm_args: -ea -Dfile.encoding=UTF-8 -XX:+ShowCodeDetailsInExceptionMessages 
java_command: org.testng.remote.RemoteTestNG -serport 49641 -protocol json -d C:\Users\XSC-10286\eclipse-workspace\Intel_School_Live\test-output C:\Users\XSC-10~1\AppData\Local\Temp\testng-eclipse-404517591\testng-customsuite.xml
java_class_path (initial): C:\Users\XSC-10286\eclipse\java-2023-032\eclipse\configuration\org.eclipse.osgi\446\0\.cp\lib\testng-remote.jar;C:\Users\XSC-10286\eclipse-workspace\Intel_School_Live\bin;C:\Users\XSC-10286\Desktop\Selenium\selenium-server-standalone-3.141.5.jar;C:\Users\XSC-10286\.p2\pool\plugins\org.testng_7.4.0.r202105021533.jar;C:\Users\XSC-10286\.p2\pool\plugins\com.beust.jcommander_1.78.0.jar;C:\Users\XSC-10286\.p2\pool\plugins\org.apache-extras.beanshell.bsh_2.0.0.b6.jar;C:\Users\XSC-10286\.p2\pool\plugins\org.yaml.snakeyaml_1.27.0.v20221112-0806.jar;C:\Users\XSC-10286\.p2\pool\plugins\org.webjars.jquery_3.5.1.jar;C:\Users\XSC-10286\.m2\repository\org\seleniumhq\selenium\selenium-support\4.9.1\selenium-support-4.9.1.jar
Launcher Type: SUN_STANDARD

[Global flags]
     intx CICompilerCount                          = 3                                         {product} {ergonomic}
     uint ConcGCThreads                            = 1                                         {product} {ergonomic}
     uint G1ConcRefinementThreads                  = 4                                         {product} {ergonomic}
   size_t G1HeapRegionSize                         = 1048576                                   {product} {ergonomic}
    uintx GCDrainStackTargetSize                   = 64                                        {product} {ergonomic}
   size_t InitialHeapSize                          = 132120576                                 {product} {ergonomic}
   size_t MarkStackSize                            = 4194304                                   {product} {ergonomic}
   size_t MaxHeapSize                              = 2113929216                                {product} {ergonomic}
   size_t MaxNewSize                               = 1267728384                                {product} {ergonomic}
   size_t MinHeapDeltaBytes                        = 1048576                                   {product} {ergonomic}
   size_t MinHeapSize                              = 8388608                                   {product} {ergonomic}
    uintx NonNMethodCodeHeapSize                   = 5832780                                {pd product} {ergonomic}
    uintx NonProfiledCodeHeapSize                  = 122912730                              {pd product} {ergonomic}
    uintx ProfiledCodeHeapSize                     = 122912730                              {pd product} {ergonomic}
    uintx ReservedCodeCacheSize                    = 251658240                              {pd product} {ergonomic}
     bool SegmentedCodeCache                       = true                                      {product} {ergonomic}
     bool ShowCodeDetailsInExceptionMessages       = true                                   {manageable} {command line}
   size_t SoftMaxHeapSize                          = 2113929216                             {manageable} {ergonomic}
     bool UseCompressedClassPointers               = true                           {product lp64_product} {ergonomic}
     bool UseCompressedOops                        = true                           {product lp64_product} {ergonomic}
     bool UseG1GC                                  = true                                      {product} {ergonomic}
     bool UseLargePagesIndividualAllocation        = false                                  {pd product} {ergonomic}

Logging:
Log output configuration:
 #0: stdout all=warning uptime,level,tags
 #1: stderr all=off uptime,level,tags

Environment Variables:
PATH=C:/Users/XSC-10286/.p2/pool/plugins/org.eclipse.justj.openjdk.hotspot.jre.full.win32.x86_64_17.0.7.v20230425-1502/jre/bin/server;C:/Users/XSC-10286/.p2/pool/plugins/org.eclipse.justj.openjdk.hotspot.jre.full.win32.x86_64_17.0.7.v20230425-1502/jre/bin;C:\Program Files (x86)\Common Files\Oracle\Java\javapath;C:\Program Files (x86)\Intel\Intel(R) Management Engine Components\iCLS\;C:\Program Files\Intel\Intel(R) Management Engine Components\iCLS\;C:\WINDOWS\system32;C:\WINDOWS;C:\WINDOWS\System32\Wbem;C:\WINDOWS\System32\WindowsPowerShell\v1.0\;C:\WINDOWS\System32\OpenSSH\;C:\Program Files (x86)\Intel\Intel(R) Management Engine Components\DAL;C:\Program Files\Intel\Intel(R) Management Engine Components\DAL;C:\Program Files (x86)\Intel\Intel(R) Management Engine Components\IPT;C:\Program Files\Intel\Intel(R) Management Engine Components\IPT;C:\Program Files\Intel\WiFi\bin\;C:\Program Files\Common Files\Intel\WirelessCommon\;C:\Program Files\PuTTY\;C:\Users\XSC-10286\AppData\Local\Microsoft\WindowsApps;;C:\WINDOWS\system32;
USERNAME=XSC-10286
OS=Windows_NT
PROCESSOR_IDENTIFIER=Intel64 Family 6 Model 142 Stepping 9, GenuineIntel
TMP=C:\Users\XSC-10~1\AppData\Local\Temp
TEMP=C:\Users\XSC-10~1\AppData\Local\Temp



---------------  S Y S T E M  ---------------

OS:
 Windows 10 , 64 bit Build 19041 (10.0.19041.2913)
OS uptime: 0 days 4:07 hours

CPU: total 4 (initial active 4) (2 cores per cpu, 2 threads per core) family 6 model 142 stepping 9 microcode 0xb4, cx8, cmov, fxsr, ht, mmx, 3dnowpref, sse, sse2, sse3, ssse3, sse4.1, sse4.2, popcnt, lzcnt, tsc, tscinvbit, avx, avx2, aes, erms, clmul, bmi1, bmi2, adx, fma, vzeroupper, clflush, clflushopt

Memory: 4k page, system-wide physical 8058M (1692M free)
TotalPageFile size 16250M (AvailPageFile size 7861M)
current process WorkingSet (physical memory assigned to process): 82M, peak: 90M
current process commit charge ("private bytes"): 123M, peak: 221M

vm_info: OpenJDK 64-Bit Server VM (17.0.7+7) for windows-amd64 JRE (17.0.7+7), built on Apr 18 2023 22:10:42 by "temurin" with MS VC++ 16.7 (VS2019)

END.
