#
# A fatal error has been detected by the Java Runtime Environment:
#
#  EXCEPTION_ACCESS_VIOLATION (0xc0000005) at pc=0x00007fff65687592, pid=16720, tid=16588
#
# JRE version: OpenJDK Runtime Environment Temurin-17.0.7+7 (17.0.7+7) (build 17.0.7+7)
# Java VM: OpenJDK 64-Bit Server VM Temurin-17.0.7+7 (17.0.7+7, mixed mode, tiered, compressed oops, compressed class ptrs, g1 gc, windows-amd64)
# Problematic frame:
# V  [jvm.dll+0x2d7592]
#
# No core dump will be written. Minidumps are not enabled by default on client versions of Windows
#
# If you would like to submit a bug report, please visit:
#   https://github.com/adoptium/adoptium-support/issues
#

---------------  S U M M A R Y ------------

Command Line: -ea -Dfile.encoding=UTF-8 -XX:+ShowCodeDetailsInExceptionMessages org.testng.remote.RemoteTestNG -serport 50069 -protocol json -d C:\Users\XSC-10286\eclipse-workspace\Intel_School_Live\test-output C:\Users\XSC-10~1\AppData\Local\Temp\testng-eclipse--1821165928\testng-customsuite.xml

Host: Intel(R) Core(TM) i3-7020U CPU @ 2.30GHz, 4 cores, 7G,  Windows 10 , 64 bit Build 19041 (10.0.19041.2913)
Time: Mon Jun 12 15:21:27 2023 India Standard Time elapsed time: 1.918774 seconds (0d 0h 0m 1s)

---------------  T H R E A D  ---------------

Current thread (0x0000017331898e00):  ConcurrentGCThread "G1 Conc#0" [stack: 0x00000032de900000,0x00000032dea00000] [id=16588]

Stack: [0x00000032de900000,0x00000032dea00000],  sp=0x00000032de9ff6a0,  free space=1021k
Native frames: (J=compiled Java code, j=interpreted, Vv=VM code, C=native code)
V  [jvm.dll+0x2d7592]
V  [jvm.dll+0x2d72df]
V  [jvm.dll+0x2d572d]
V  [jvm.dll+0x2d5151]
V  [jvm.dll+0x2eacee]
V  [jvm.dll+0x2e7451]
V  [jvm.dll+0x2e8dac]
V  [jvm.dll+0x2e7d84]
V  [jvm.dll+0x2eb916]
V  [jvm.dll+0x860ffb]
V  [jvm.dll+0x861046]
V  [jvm.dll+0x7e4e7a]
V  [jvm.dll+0x676395]
C  [ucrtbase.dll+0x21bb2]
C  [KERNEL32.DLL+0x17614]
C  [ntdll.dll+0x526a1]


siginfo: EXCEPTION_ACCESS_VIOLATION (0xc0000005), reading address 0x00000000000000c0


Register to memory mapping:

RIP=0x00007fff65687592 jvm.dll
RAX=0x0000017331855b00 points into unknown readable memory: 0x0000000000000000 | 00 00 00 00 00 00 00 00
RBX=0x000001733189a270 points into unknown readable memory: 0x00007fff65d03818 | 18 38 d0 65 ff 7f 00 00
RCX=0x0000000000000014 is an unknown value
RDX=0x0 is NULL
RSP=0x00000032de9ff6a0 points into unknown readable memory: 0x000001733189a270 | 70 a2 89 31 73 01 00 00
RBP=0x0 is NULL
RSI=0x0000017331887800 points into unknown readable memory: 0x00000173318984e0 | e0 84 89 31 73 01 00 00
RDI=0x0000000000001000 is an unknown value
R8 =0x0000000000001000 is an unknown value
R9 =0x0 is NULL
R10=0x0000000000000003 is an unknown value
R11=0x0000000000000002 is an unknown value
R12=0x0 is NULL
R13=0xaaaaaaaaaaaaaaab is an unknown value
R14=0x000000008232d030 is an oop: java.lang.Class 
{0x000000008232d030} - klass: 'java/lang/Class'
 - ---- fields (total size 15 words):
 - private volatile transient 'classRedefinedCount' 'I' @12  0
 - private volatile transient 'cachedConstructor' 'Ljava/lang/reflect/Constructor;' @40  NULL (0)
 - private transient 'name' 'Ljava/lang/String;' @44  NULL (0)
 - private transient 'module' 'Ljava/lang/Module;' @48  a 'java/lang/Module'{0x000000008218ce00} (8218ce00)
 - private final 'classLoader' 'Ljava/lang/ClassLoader;' @52  NULL (0)
 - private transient 'classData' 'Ljava/lang/Object;' @56  NULL (0)
 - private transient 'packageName' 'Ljava/lang/String;' @60  NULL (0)
 - private final 'componentType' 'Ljava/lang/Class;' @64  [I{0x0000000082327fe8} (82327fe8)
 - private volatile transient 'reflectionData' 'Ljava/lang/ref/SoftReference;' @68  NULL (0)
 - private volatile transient 'genericInfo' 'Lsun/reflect/generics/repository/ClassRepository;' @72  
[error occurred during error reporting (printing register info), id 0xc0000005, EXCEPTION_ACCESS_VIOLATION (0xc0000005) at pc=0x00007fff6574239e]

Registers:
RAX=0x0000017331855b00, RBX=0x000001733189a270, RCX=0x0000000000000014, RDX=0x0000000000000000
RSP=0x00000032de9ff6a0, RBP=0x0000000000000000, RSI=0x0000017331887800, RDI=0x0000000000001000
R8 =0x0000000000001000, R9 =0x0000000000000000, R10=0x0000000000000003, R11=0x0000000000000002
R12=0x0000000000000000, R13=0xaaaaaaaaaaaaaaab, R14=0x000000008232d030, R15=0x0000000100042ac0
RIP=0x00007fff65687592, EFLAGS=0x0000000000010246

Top of Stack: (sp=0x00000032de9ff6a0)
0x00000032de9ff6a0:   000001733189a270 00007fff65687658
0x00000032de9ff6b0:   000000010004a158 00000032de9ff870
0x00000032de9ff6c0:   0000000000001000 00007fff656872df
0x00000032de9ff6d0:   000001733189a270 00000032de9ff870
0x00000032de9ff6e0:   0000000100042ab8 00000032de9ff870
0x00000032de9ff6f0:   000000008232d09c 00007fff6568572d
0x00000032de9ff700:   000000008232d078 00007fff65685b2d
0x00000032de9ff710:   000000008232cd08 0000000082303330
0x00000032de9ff720:   0000000000000001 00000001000427c8
0x00000032de9ff730:   00000032de9ff870 00007fff65685151
0x00000032de9ff740:   000000008232d030 00000032de9ff830
0x00000032de9ff750:   000000000000000f 0000000000000000
0x00000032de9ff760:   000001733189a270 00007fff6569acee
0x00000032de9ff770:   000000008232d030 0000017331887850
0x00000032de9ff780:   00000032de9ff830 0000017331887850
0x00000032de9ff790:   000000008232d030 00007fff65697451 

Instructions: (pc=0x00007fff65687592)
0x00007fff65687492:   48 3b c8 75 ee 32 db 48 8b 6c 24 38 0f b6 c3 48
0x00007fff656874a2:   8b 5c 24 30 48 8b 74 24 40 48 83 c4 20 5f c3 80
0x00007fff656874b2:   3d d7 40 89 00 00 b3 01 74 15 8b 57 08 8b 0d 33
0x00007fff656874c2:   7e 82 00 48 d3 e2 48 03 15 21 7e 82 00 eb 04 48
0x00007fff656874d2:   8b 57 08 48 8b cf e8 b3 54 d3 ff 4c 63 d8 48 8b
0x00007fff656874e2:   86 08 03 00 00 4c 8b 04 e8 49 8b 40 18 8b 88 c0
0x00007fff656874f2:   01 00 00 48 8b 90 b8 01 00 00 48 d3 e2 8b 0d cb
0x00007fff65687502:   49 89 00 48 2b fa 41 8b 50 60 48 d3 ef 44 8b d7
0x00007fff65687512:   49 23 d2 48 c1 e2 04 49 03 50 40 8b 02 3b c7 74
0x00007fff65687522:   2d 4c 8b 4a 08 4d 85 c9 74 0c 8b c8 49 8b 40 38
0x00007fff65687532:   f0 4c 0f c1 0c c8 48 c7 42 08 00 00 00 00 44 89
0x00007fff65687542:   12 49 ff 40 58 4c 01 5a 08 e9 49 ff ff ff 49 ff
0x00007fff65687552:   40 50 4c 01 5a 08 e9 3c ff ff ff cc cc cc 48 89
0x00007fff65687562:   6c 24 10 48 89 74 24 18 57 48 83 ec 20 48 8b 41
0x00007fff65687572:   08 48 8b f1 4d 8b c8 8b ea 49 8b f8 8b 88 c0 01
0x00007fff65687582:   00 00 48 8b 80 b0 01 00 00 49 d3 e9 4e 8b 0c c8
0x00007fff65687592:   4d 3b 81 c0 00 00 00 72 12 32 c0 48 8b 6c 24 38
0x00007fff656875a2:   48 8b 74 24 40 48 83 c4 20 5f c3 48 89 5c 24 30
0x00007fff656875b2:   48 8b d7 48 8b 9e 98 00 00 00 48 8b cb 48 8b 03
0x00007fff656875c2:   ff 10 8b 4b 18 48 8b d7 48 2b 53 08 48 8b 43 20
0x00007fff656875d2:   48 c1 ea 03 48 d3 ea 48 8b ca 48 c1 e9 06 4c 8d
0x00007fff656875e2:   04 c8 0f b6 ca 49 8b 00 80 e1 3f ba 01 00 00 00
0x00007fff656875f2:   48 d3 e2 48 8b c8 48 0b ca 48 3b c8 74 12 f0 49
0x00007fff65687602:   0f b1 08 74 25 48 8b c8 48 0b ca 48 3b c8 75 ee
0x00007fff65687612:   32 db 48 8b 6c 24 38 0f b6 c3 48 8b 5c 24 30 48
0x00007fff65687622:   8b 74 24 40 48 83 c4 20 5f c3 80 3d 5c 3f 89 00
0x00007fff65687632:   00 b3 01 74 15 8b 57 08 8b 0d b8 7c 82 00 48 d3
0x00007fff65687642:   e2 48 03 15 a6 7c 82 00 eb 04 48 8b 57 08 48 8b
0x00007fff65687652:   cf e8 38 53 d3 ff 4c 63 d8 48 8b 86 08 03 00 00
0x00007fff65687662:   4c 8b 04 e8 49 8b 40 18 8b 88 c0 01 00 00 48 8b
0x00007fff65687672:   90 b8 01 00 00 48 d3 e2 8b 0d 50 48 89 00 48 2b
0x00007fff65687682:   fa 41 8b 50 60 48 d3 ef 44 8b d7 49 23 d2 48 c1 


Stack slot to memory mapping:
stack at sp + 0 slots: 0x000001733189a270 points into unknown readable memory: 0x00007fff65d03818 | 18 38 d0 65 ff 7f 00 00
stack at sp + 1 slots: 0x00007fff65687658 jvm.dll
stack at sp + 2 slots: 0x000000010004a158 is pointing into metadata
stack at sp + 3 slots: 0x00000032de9ff870 points into unknown readable memory: 0x00007fff65d03838 | 38 38 d0 65 ff 7f 00 00
stack at sp + 4 slots: 0x0000000000001000 is an unknown value
stack at sp + 5 slots: 0x00007fff656872df jvm.dll
stack at sp + 6 slots: 0x000001733189a270 points into unknown readable memory: 0x00007fff65d03818 | 18 38 d0 65 ff 7f 00 00
stack at sp + 7 slots: 0x00000032de9ff870 points into unknown readable memory: 0x00007fff65d03838 | 38 38 d0 65 ff 7f 00 00


---------------  P R O C E S S  ---------------

Threads class SMR info:
_java_thread_list=0x000001734fabcdc0, length=18, elements={
0x000001733182bdf0, 0x000001734aea5fb0, 0x000001734aea6fb0, 0x000001734aef0020,
0x000001734aef08e0, 0x000001734aef19b0, 0x000001734f022a00, 0x000001734f028bd0,
0x000001734f0294d0, 0x000001734f042580, 0x000001734f0246e0, 0x000001734f025080,
0x000001734f025a20, 0x000001734f022060, 0x000001734f024bb0, 0x000001734f023d40,
0x000001734f022530, 0x000001734f025550
}

Java Threads: ( => current thread )
  0x000001733182bdf0 JavaThread "Forwarding newSession on session null to remote" [_thread_blocked, id=11664, stack(0x00000032de600000,0x00000032de700000)]
  0x000001734aea5fb0 JavaThread "Reference Handler" daemon [_thread_blocked, id=11448, stack(0x00000032ded00000,0x00000032dee00000)]
  0x000001734aea6fb0 JavaThread "Finalizer" daemon [_thread_blocked, id=16856, stack(0x00000032dee00000,0x00000032def00000)]
  0x000001734aef0020 JavaThread "Signal Dispatcher" daemon [_thread_blocked, id=9112, stack(0x00000032df000000,0x00000032df100000)]
  0x000001734aef08e0 JavaThread "Attach Listener" daemon [_thread_blocked, id=12904, stack(0x00000032df100000,0x00000032df200000)]
  0x000001734aef19b0 JavaThread "Service Thread" daemon [_thread_blocked, id=14056, stack(0x00000032df200000,0x00000032df300000)]
  0x000001734f022a00 JavaThread "Monitor Deflation Thread" daemon [_thread_blocked, id=15128, stack(0x00000032df300000,0x00000032df400000)]
  0x000001734f028bd0 JavaThread "C2 CompilerThread0" daemon [_thread_blocked, id=8924, stack(0x00000032df400000,0x00000032df500000)]
  0x000001734f0294d0 JavaThread "C1 CompilerThread0" daemon [_thread_blocked, id=11460, stack(0x00000032df500000,0x00000032df600000)]
  0x000001734f042580 JavaThread "Sweeper thread" daemon [_thread_blocked, id=8224, stack(0x00000032df600000,0x00000032df700000)]
  0x000001734f0246e0 JavaThread "Notification Thread" daemon [_thread_blocked, id=16548, stack(0x00000032df700000,0x00000032df800000)]
  0x000001734f025080 JavaThread "Common-Cleaner" daemon [_thread_blocked, id=10604, stack(0x00000032df900000,0x00000032dfa00000)]
  0x000001734f025a20 JavaThread "ReaderThread" [_thread_in_native, id=14572, stack(0x00000032dfb00000,0x00000032dfc00000)]
  0x000001734f022060 JavaThread "Exec Default Executor" daemon [_thread_in_native, id=4024, stack(0x00000032e0000000,0x00000032e0100000)]
  0x000001734f024bb0 JavaThread "UrlChecker-2" daemon [_thread_blocked, id=15820, stack(0x00000032e0100000,0x00000032e0200000)]
  0x000001734f023d40 JavaThread "Exec Stream Pumper" daemon [_thread_in_native, id=14824, stack(0x00000032e0200000,0x00000032e0300000)]
  0x000001734f022530 JavaThread "Exec Stream Pumper" daemon [_thread_in_native, id=16760, stack(0x00000032e0300000,0x00000032e0400000)]
  0x000001734f025550 JavaThread "Keep-Alive-Timer" daemon [_thread_blocked, id=14316, stack(0x00000032dff00000,0x00000032e0000000)]

Other Threads:
  0x000001734aed0a30 VMThread "VM Thread" [stack: 0x00000032dec00000,0x00000032ded00000] [id=10792]
  0x00000173318a33d0 WatcherThread [stack: 0x00000032df800000,0x00000032df900000] [id=11668]
  0x00000173318872f0 GCTaskThread "GC Thread#0" [stack: 0x00000032de700000,0x00000032de800000] [id=16604]
  0x000001734f9b1770 GCTaskThread "GC Thread#1" [stack: 0x00000032dfc00000,0x00000032dfd00000] [id=15696]
  0x000001734f8bc6f0 GCTaskThread "GC Thread#2" [stack: 0x00000032dfd00000,0x00000032dfe00000] [id=5264]
  0x000001734f8bc9a0 GCTaskThread "GC Thread#3" [stack: 0x00000032dfe00000,0x00000032dff00000] [id=14264]
  0x00000173318984e0 ConcurrentGCThread "G1 Main Marker" [stack: 0x00000032de800000,0x00000032de900000] [id=9000]
=>0x0000017331898e00 ConcurrentGCThread "G1 Conc#0" [stack: 0x00000032de900000,0x00000032dea00000] [id=16588]
  0x00000173318f2170 ConcurrentGCThread "G1 Refine#0" [stack: 0x00000032dea00000,0x00000032deb00000] [id=12400]
  0x00000173318f2aa0 ConcurrentGCThread "G1 Service" [stack: 0x00000032deb00000,0x00000032dec00000] [id=8612]

Threads with active compile tasks:

VM state: not at safepoint (normal execution)

VM Mutex/Monitor currently owned by a thread:  ([mutex/lock_event])
[0x0000017331828c90] Heap_lock - owner thread: 0x000001733182bdf0

Heap address: 0x0000000082000000, size: 2016 MB, Compressed Oops mode: 32-bit

CDS archive(s) not mapped
Compressed class space mapped at: 0x0000000100000000-0x0000000140000000, reserved size: 1073741824
Narrow klass base: 0x0000000000000000, Narrow klass shift: 3, Narrow klass range: 0x140000000

GC Precious Log:
 CPUs: 4 total, 4 available
 Memory: 8058M
 Large Page Support: Disabled
 NUMA Support: Disabled
 Compressed Oops: Enabled (32-bit)
 Heap Region Size: 1M
 Heap Min Capacity: 8M
 Heap Initial Capacity: 126M
 Heap Max Capacity: 2016M
 Pre-touch: Disabled
 Parallel Workers: 4
 Concurrent Workers: 1
 Concurrent Refinement Workers: 4
 Periodic GC: Disabled

Heap:
 garbage-first heap   total 129024K, used 7633K [0x0000000082000000, 0x0000000100000000)
  region size 1024K, 6 young (6144K), 4 survivors (4096K)
 Metaspace       used 21660K, committed 21824K, reserved 1114112K
  class space    used 2341K, committed 2432K, reserved 1048576K

Heap Regions: E=young(eden), S=young(survivor), O=old, HS=humongous(starts), HC=humongous(continues), CS=collection set, F=free, OA=open archive, CA=closed archive, TAMS=top-at-mark-start (previous, next)
|   0|0x0000000082000000, 0x0000000082100000, 0x0000000082100000|100%|HS|  |TAMS 0x0000000082000000, 0x0000000082100000| Complete 
|   1|0x0000000082100000, 0x0000000082200000, 0x0000000082200000|100%| O|  |TAMS 0x0000000082100000, 0x0000000082200000| Untracked 
|   2|0x0000000082200000, 0x0000000082300000, 0x0000000082300000|100%| O|  |TAMS 0x0000000082200000, 0x0000000082300000| Untracked 
|   3|0x0000000082300000, 0x0000000082336a00, 0x0000000082400000| 21%| O|  |TAMS 0x0000000082300000, 0x0000000082336a00| Untracked 
|   4|0x0000000082400000, 0x0000000082400000, 0x0000000082500000|  0%| F|  |TAMS 0x0000000082400000, 0x0000000082400000| Untracked 
|   5|0x0000000082500000, 0x0000000082500000, 0x0000000082600000|  0%| F|  |TAMS 0x0000000082500000, 0x0000000082500000| Untracked 
|   6|0x0000000082600000, 0x0000000082600000, 0x0000000082700000|  0%| F|  |TAMS 0x0000000082600000, 0x0000000082600000| Untracked 
|   7|0x0000000082700000, 0x0000000082700000, 0x0000000082800000|  0%| F|  |TAMS 0x0000000082700000, 0x0000000082700000| Untracked 
|   8|0x0000000082800000, 0x0000000082800000, 0x0000000082900000|  0%| F|  |TAMS 0x0000000082800000, 0x0000000082800000| Untracked 
|   9|0x0000000082900000, 0x0000000082900000, 0x0000000082a00000|  0%| F|  |TAMS 0x0000000082900000, 0x0000000082900000| Untracked 
|  10|0x0000000082a00000, 0x0000000082a00000, 0x0000000082b00000|  0%| F|  |TAMS 0x0000000082a00000, 0x0000000082a00000| Untracked 
|  11|0x0000000082b00000, 0x0000000082b00000, 0x0000000082c00000|  0%| F|  |TAMS 0x0000000082b00000, 0x0000000082b00000| Untracked 
|  12|0x0000000082c00000, 0x0000000082c00000, 0x0000000082d00000|  0%| F|  |TAMS 0x0000000082c00000, 0x0000000082c00000| Untracked 
|  13|0x0000000082d00000, 0x0000000082d00000, 0x0000000082e00000|  0%| F|  |TAMS 0x0000000082d00000, 0x0000000082d00000| Untracked 
|  14|0x0000000082e00000, 0x0000000082e00000, 0x0000000082f00000|  0%| F|  |TAMS 0x0000000082e00000, 0x0000000082e00000| Untracked 
|  15|0x0000000082f00000, 0x0000000082f00000, 0x0000000083000000|  0%| F|  |TAMS 0x0000000082f00000, 0x0000000082f00000| Untracked 
|  16|0x0000000083000000, 0x0000000083000000, 0x0000000083100000|  0%| F|  |TAMS 0x0000000083000000, 0x0000000083000000| Untracked 
|  17|0x0000000083100000, 0x0000000083100000, 0x0000000083200000|  0%| F|  |TAMS 0x0000000083100000, 0x0000000083100000| Untracked 
|  18|0x0000000083200000, 0x0000000083200000, 0x0000000083300000|  0%| F|  |TAMS 0x0000000083200000, 0x0000000083200000| Untracked 
|  19|0x0000000083300000, 0x0000000083300000, 0x0000000083400000|  0%| F|  |TAMS 0x0000000083300000, 0x0000000083300000| Untracked 
|  20|0x0000000083400000, 0x0000000083400000, 0x0000000083500000|  0%| F|  |TAMS 0x0000000083400000, 0x0000000083400000| Untracked 
|  21|0x0000000083500000, 0x0000000083500000, 0x0000000083600000|  0%| F|  |TAMS 0x0000000083500000, 0x0000000083500000| Untracked 
|  22|0x0000000083600000, 0x0000000083600000, 0x0000000083700000|  0%| F|  |TAMS 0x0000000083600000, 0x0000000083600000| Untracked 
|  23|0x0000000083700000, 0x0000000083700000, 0x0000000083800000|  0%| F|  |TAMS 0x0000000083700000, 0x0000000083700000| Untracked 
|  24|0x0000000083800000, 0x0000000083800000, 0x0000000083900000|  0%| F|  |TAMS 0x0000000083800000, 0x0000000083800000| Untracked 
|  25|0x0000000083900000, 0x0000000083900000, 0x0000000083a00000|  0%| F|  |TAMS 0x0000000083900000, 0x0000000083900000| Untracked 
|  26|0x0000000083a00000, 0x0000000083a00000, 0x0000000083b00000|  0%| F|  |TAMS 0x0000000083a00000, 0x0000000083a00000| Untracked 
|  27|0x0000000083b00000, 0x0000000083b00000, 0x0000000083c00000|  0%| F|  |TAMS 0x0000000083b00000, 0x0000000083b00000| Untracked 
|  28|0x0000000083c00000, 0x0000000083c00000, 0x0000000083d00000|  0%| F|  |TAMS 0x0000000083c00000, 0x0000000083c00000| Untracked 
|  29|0x0000000083d00000, 0x0000000083d00000, 0x0000000083e00000|  0%| F|  |TAMS 0x0000000083d00000, 0x0000000083d00000| Untracked 
|  30|0x0000000083e00000, 0x0000000083e00000, 0x0000000083f00000|  0%| F|  |TAMS 0x0000000083e00000, 0x0000000083e00000| Untracked 
|  31|0x0000000083f00000, 0x0000000083f00000, 0x0000000084000000|  0%| F|  |TAMS 0x0000000083f00000, 0x0000000083f00000| Untracked 
|  32|0x0000000084000000, 0x0000000084000000, 0x0000000084100000|  0%| F|  |TAMS 0x0000000084000000, 0x0000000084000000| Untracked 
|  33|0x0000000084100000, 0x0000000084100000, 0x0000000084200000|  0%| F|  |TAMS 0x0000000084100000, 0x0000000084100000| Untracked 
|  34|0x0000000084200000, 0x0000000084200000, 0x0000000084300000|  0%| F|  |TAMS 0x0000000084200000, 0x0000000084200000| Untracked 
|  35|0x0000000084300000, 0x0000000084300000, 0x0000000084400000|  0%| F|  |TAMS 0x0000000084300000, 0x0000000084300000| Untracked 
|  36|0x0000000084400000, 0x0000000084400000, 0x0000000084500000|  0%| F|  |TAMS 0x0000000084400000, 0x0000000084400000| Untracked 
|  37|0x0000000084500000, 0x0000000084500000, 0x0000000084600000|  0%| F|  |TAMS 0x0000000084500000, 0x0000000084500000| Untracked 
|  38|0x0000000084600000, 0x0000000084600000, 0x0000000084700000|  0%| F|  |TAMS 0x0000000084600000, 0x0000000084600000| Untracked 
|  39|0x0000000084700000, 0x0000000084700000, 0x0000000084800000|  0%| F|  |TAMS 0x0000000084700000, 0x0000000084700000| Untracked 
|  40|0x0000000084800000, 0x0000000084800000, 0x0000000084900000|  0%| F|  |TAMS 0x0000000084800000, 0x0000000084800000| Untracked 
|  41|0x0000000084900000, 0x0000000084900000, 0x0000000084a00000|  0%| F|  |TAMS 0x0000000084900000, 0x0000000084900000| Untracked 
|  42|0x0000000084a00000, 0x0000000084a00000, 0x0000000084b00000|  0%| F|  |TAMS 0x0000000084a00000, 0x0000000084a00000| Untracked 
|  43|0x0000000084b00000, 0x0000000084b00000, 0x0000000084c00000|  0%| F|  |TAMS 0x0000000084b00000, 0x0000000084b00000| Untracked 
|  44|0x0000000084c00000, 0x0000000084c00000, 0x0000000084d00000|  0%| F|  |TAMS 0x0000000084c00000, 0x0000000084c00000| Untracked 
|  45|0x0000000084d00000, 0x0000000084d00000, 0x0000000084e00000|  0%| F|  |TAMS 0x0000000084d00000, 0x0000000084d00000| Untracked 
|  46|0x0000000084e00000, 0x0000000084e00000, 0x0000000084f00000|  0%| F|  |TAMS 0x0000000084e00000, 0x0000000084e00000| Untracked 
|  47|0x0000000084f00000, 0x0000000084f00000, 0x0000000085000000|  0%| F|  |TAMS 0x0000000084f00000, 0x0000000084f00000| Untracked 
|  48|0x0000000085000000, 0x0000000085000000, 0x0000000085100000|  0%| F|  |TAMS 0x0000000085000000, 0x0000000085000000| Untracked 
|  49|0x0000000085100000, 0x0000000085100000, 0x0000000085200000|  0%| F|  |TAMS 0x0000000085100000, 0x0000000085100000| Untracked 
|  50|0x0000000085200000, 0x0000000085200000, 0x0000000085300000|  0%| F|  |TAMS 0x0000000085200000, 0x0000000085200000| Untracked 
|  51|0x0000000085300000, 0x0000000085300000, 0x0000000085400000|  0%| F|  |TAMS 0x0000000085300000, 0x0000000085300000| Untracked 
|  52|0x0000000085400000, 0x0000000085400000, 0x0000000085500000|  0%| F|  |TAMS 0x0000000085400000, 0x0000000085400000| Untracked 
|  53|0x0000000085500000, 0x0000000085500000, 0x0000000085600000|  0%| F|  |TAMS 0x0000000085500000, 0x0000000085500000| Untracked 
|  54|0x0000000085600000, 0x0000000085600000, 0x0000000085700000|  0%| F|  |TAMS 0x0000000085600000, 0x0000000085600000| Untracked 
|  55|0x0000000085700000, 0x0000000085700000, 0x0000000085800000|  0%| F|  |TAMS 0x0000000085700000, 0x0000000085700000| Untracked 
|  56|0x0000000085800000, 0x0000000085800000, 0x0000000085900000|  0%| F|  |TAMS 0x0000000085800000, 0x0000000085800000| Untracked 
|  57|0x0000000085900000, 0x0000000085900000, 0x0000000085a00000|  0%| F|  |TAMS 0x0000000085900000, 0x0000000085900000| Untracked 
|  58|0x0000000085a00000, 0x0000000085a00000, 0x0000000085b00000|  0%| F|  |TAMS 0x0000000085a00000, 0x0000000085a00000| Untracked 
|  59|0x0000000085b00000, 0x0000000085b00000, 0x0000000085c00000|  0%| F|  |TAMS 0x0000000085b00000, 0x0000000085b00000| Untracked 
|  60|0x0000000085c00000, 0x0000000085c00000, 0x0000000085d00000|  0%| F|  |TAMS 0x0000000085c00000, 0x0000000085c00000| Untracked 
|  61|0x0000000085d00000, 0x0000000085d00000, 0x0000000085e00000|  0%| F|  |TAMS 0x0000000085d00000, 0x0000000085d00000| Untracked 
|  62|0x0000000085e00000, 0x0000000085e00000, 0x0000000085f00000|  0%| F|  |TAMS 0x0000000085e00000, 0x0000000085e00000| Untracked 
|  63|0x0000000085f00000, 0x0000000085f00000, 0x0000000086000000|  0%| F|  |TAMS 0x0000000085f00000, 0x0000000085f00000| Untracked 
|  64|0x0000000086000000, 0x0000000086000000, 0x0000000086100000|  0%| F|  |TAMS 0x0000000086000000, 0x0000000086000000| Untracked 
|  65|0x0000000086100000, 0x0000000086100000, 0x0000000086200000|  0%| F|  |TAMS 0x0000000086100000, 0x0000000086100000| Untracked 
|  66|0x0000000086200000, 0x0000000086200000, 0x0000000086300000|  0%| F|  |TAMS 0x0000000086200000, 0x0000000086200000| Untracked 
|  67|0x0000000086300000, 0x0000000086300000, 0x0000000086400000|  0%| F|  |TAMS 0x0000000086300000, 0x0000000086300000| Untracked 
|  68|0x0000000086400000, 0x0000000086400000, 0x0000000086500000|  0%| F|  |TAMS 0x0000000086400000, 0x0000000086400000| Untracked 
|  69|0x0000000086500000, 0x0000000086500000, 0x0000000086600000|  0%| F|  |TAMS 0x0000000086500000, 0x0000000086500000| Untracked 
|  70|0x0000000086600000, 0x0000000086600000, 0x0000000086700000|  0%| F|  |TAMS 0x0000000086600000, 0x0000000086600000| Untracked 
|  71|0x0000000086700000, 0x0000000086700000, 0x0000000086800000|  0%| F|  |TAMS 0x0000000086700000, 0x0000000086700000| Untracked 
|  72|0x0000000086800000, 0x0000000086800000, 0x0000000086900000|  0%| F|  |TAMS 0x0000000086800000, 0x0000000086800000| Untracked 
|  73|0x0000000086900000, 0x0000000086900000, 0x0000000086a00000|  0%| F|  |TAMS 0x0000000086900000, 0x0000000086900000| Untracked 
|  74|0x0000000086a00000, 0x0000000086a00000, 0x0000000086b00000|  0%| F|  |TAMS 0x0000000086a00000, 0x0000000086a00000| Untracked 
|  75|0x0000000086b00000, 0x0000000086b00000, 0x0000000086c00000|  0%| F|  |TAMS 0x0000000086b00000, 0x0000000086b00000| Untracked 
|  76|0x0000000086c00000, 0x0000000086c00000, 0x0000000086d00000|  0%| F|  |TAMS 0x0000000086c00000, 0x0000000086c00000| Untracked 
|  77|0x0000000086d00000, 0x0000000086d00000, 0x0000000086e00000|  0%| F|  |TAMS 0x0000000086d00000, 0x0000000086d00000| Untracked 
|  78|0x0000000086e00000, 0x0000000086e00000, 0x0000000086f00000|  0%| F|  |TAMS 0x0000000086e00000, 0x0000000086e00000| Untracked 
|  79|0x0000000086f00000, 0x0000000086f00000, 0x0000000087000000|  0%| F|  |TAMS 0x0000000086f00000, 0x0000000086f00000| Untracked 
|  80|0x0000000087000000, 0x0000000087000000, 0x0000000087100000|  0%| F|  |TAMS 0x0000000087000000, 0x0000000087000000| Untracked 
|  81|0x0000000087100000, 0x0000000087100000, 0x0000000087200000|  0%| F|  |TAMS 0x0000000087100000, 0x0000000087100000| Untracked 
|  82|0x0000000087200000, 0x0000000087200000, 0x0000000087300000|  0%| F|  |TAMS 0x0000000087200000, 0x0000000087200000| Untracked 
|  83|0x0000000087300000, 0x0000000087300000, 0x0000000087400000|  0%| F|  |TAMS 0x0000000087300000, 0x0000000087300000| Untracked 
|  84|0x0000000087400000, 0x0000000087400000, 0x0000000087500000|  0%| F|  |TAMS 0x0000000087400000, 0x0000000087400000| Untracked 
|  85|0x0000000087500000, 0x0000000087500000, 0x0000000087600000|  0%| F|  |TAMS 0x0000000087500000, 0x0000000087500000| Untracked 
|  86|0x0000000087600000, 0x0000000087600000, 0x0000000087700000|  0%| F|  |TAMS 0x0000000087600000, 0x0000000087600000| Untracked 
|  87|0x0000000087700000, 0x0000000087700000, 0x0000000087800000|  0%| F|  |TAMS 0x0000000087700000, 0x0000000087700000| Untracked 
|  88|0x0000000087800000, 0x0000000087800000, 0x0000000087900000|  0%| F|  |TAMS 0x0000000087800000, 0x0000000087800000| Untracked 
|  89|0x0000000087900000, 0x0000000087900000, 0x0000000087a00000|  0%| F|  |TAMS 0x0000000087900000, 0x0000000087900000| Untracked 
|  90|0x0000000087a00000, 0x0000000087a00000, 0x0000000087b00000|  0%| F|  |TAMS 0x0000000087a00000, 0x0000000087a00000| Untracked 
|  91|0x0000000087b00000, 0x0000000087b00000, 0x0000000087c00000|  0%| F|  |TAMS 0x0000000087b00000, 0x0000000087b00000| Untracked 
|  92|0x0000000087c00000, 0x0000000087c00000, 0x0000000087d00000|  0%| F|  |TAMS 0x0000000087c00000, 0x0000000087c00000| Untracked 
|  93|0x0000000087d00000, 0x0000000087d00000, 0x0000000087e00000|  0%| F|  |TAMS 0x0000000087d00000, 0x0000000087d00000| Untracked 
|  94|0x0000000087e00000, 0x0000000087e00000, 0x0000000087f00000|  0%| F|  |TAMS 0x0000000087e00000, 0x0000000087e00000| Untracked 
|  95|0x0000000087f00000, 0x0000000087f00000, 0x0000000088000000|  0%| F|  |TAMS 0x0000000087f00000, 0x0000000087f00000| Untracked 
|  96|0x0000000088000000, 0x0000000088000000, 0x0000000088100000|  0%| F|  |TAMS 0x0000000088000000, 0x0000000088000000| Untracked 
|  97|0x0000000088100000, 0x0000000088100000, 0x0000000088200000|  0%| F|  |TAMS 0x0000000088100000, 0x0000000088100000| Untracked 
|  98|0x0000000088200000, 0x0000000088200000, 0x0000000088300000|  0%| F|  |TAMS 0x0000000088200000, 0x0000000088200000| Untracked 
|  99|0x0000000088300000, 0x0000000088300000, 0x0000000088400000|  0%| F|  |TAMS 0x0000000088300000, 0x0000000088300000| Untracked 
| 100|0x0000000088400000, 0x0000000088400000, 0x0000000088500000|  0%| F|  |TAMS 0x0000000088400000, 0x0000000088400000| Untracked 
| 101|0x0000000088500000, 0x0000000088500000, 0x0000000088600000|  0%| F|  |TAMS 0x0000000088500000, 0x0000000088500000| Untracked 
| 102|0x0000000088600000, 0x0000000088600000, 0x0000000088700000|  0%| F|  |TAMS 0x0000000088600000, 0x0000000088600000| Untracked 
| 103|0x0000000088700000, 0x0000000088700000, 0x0000000088800000|  0%| F|  |TAMS 0x0000000088700000, 0x0000000088700000| Untracked 
| 104|0x0000000088800000, 0x0000000088800000, 0x0000000088900000|  0%| F|  |TAMS 0x0000000088800000, 0x0000000088800000| Untracked 
| 105|0x0000000088900000, 0x0000000088900000, 0x0000000088a00000|  0%| F|  |TAMS 0x0000000088900000, 0x0000000088900000| Untracked 
| 106|0x0000000088a00000, 0x0000000088a00000, 0x0000000088b00000|  0%| F|  |TAMS 0x0000000088a00000, 0x0000000088a00000| Untracked 
| 107|0x0000000088b00000, 0x0000000088b00000, 0x0000000088c00000|  0%| F|  |TAMS 0x0000000088b00000, 0x0000000088b00000| Untracked 
| 108|0x0000000088c00000, 0x0000000088c00000, 0x0000000088d00000|  0%| F|  |TAMS 0x0000000088c00000, 0x0000000088c00000| Untracked 
| 109|0x0000000088d00000, 0x0000000088d00000, 0x0000000088e00000|  0%| F|  |TAMS 0x0000000088d00000, 0x0000000088d00000| Untracked 
| 110|0x0000000088e00000, 0x0000000088e00000, 0x0000000088f00000|  0%| F|  |TAMS 0x0000000088e00000, 0x0000000088e00000| Untracked 
| 111|0x0000000088f00000, 0x0000000088f00000, 0x0000000089000000|  0%| F|  |TAMS 0x0000000088f00000, 0x0000000088f00000| Untracked 
| 112|0x0000000089000000, 0x0000000089000000, 0x0000000089100000|  0%| F|  |TAMS 0x0000000089000000, 0x0000000089000000| Untracked 
| 113|0x0000000089100000, 0x0000000089100000, 0x0000000089200000|  0%| F|  |TAMS 0x0000000089100000, 0x0000000089100000| Untracked 
| 114|0x0000000089200000, 0x0000000089200000, 0x0000000089300000|  0%| F|  |TAMS 0x0000000089200000, 0x0000000089200000| Untracked 
| 115|0x0000000089300000, 0x0000000089300000, 0x0000000089400000|  0%| F|  |TAMS 0x0000000089300000, 0x0000000089300000| Untracked 
| 116|0x0000000089400000, 0x0000000089400000, 0x0000000089500000|  0%| F|  |TAMS 0x0000000089400000, 0x0000000089400000| Untracked 
| 117|0x0000000089500000, 0x000000008953dd00, 0x0000000089600000| 24%| S|CS|TAMS 0x0000000089500000, 0x0000000089500000| Complete 
| 118|0x0000000089600000, 0x0000000089700000, 0x0000000089700000|100%| S|CS|TAMS 0x0000000089600000, 0x0000000089600000| Complete 
| 119|0x0000000089700000, 0x0000000089800000, 0x0000000089800000|100%| S|CS|TAMS 0x0000000089700000, 0x0000000089700000| Complete 
| 120|0x0000000089800000, 0x0000000089900000, 0x0000000089900000|100%| S|CS|TAMS 0x0000000089800000, 0x0000000089800000| Complete 
| 121|0x0000000089900000, 0x0000000089900000, 0x0000000089a00000|  0%| F|  |TAMS 0x0000000089900000, 0x0000000089900000| Untracked 
| 122|0x0000000089a00000, 0x0000000089a00000, 0x0000000089b00000|  0%| F|  |TAMS 0x0000000089a00000, 0x0000000089a00000| Untracked 
| 123|0x0000000089b00000, 0x0000000089b00000, 0x0000000089c00000|  0%| F|  |TAMS 0x0000000089b00000, 0x0000000089b00000| Untracked 
| 124|0x0000000089c00000, 0x0000000089c80800, 0x0000000089d00000| 50%| E|  |TAMS 0x0000000089c00000, 0x0000000089c00000| Complete 
| 125|0x0000000089d00000, 0x0000000089e00000, 0x0000000089e00000|100%| E|CS|TAMS 0x0000000089d00000, 0x0000000089d00000| Complete 

Card table byte_map: [0x00000173442e0000,0x00000173446d0000] _byte_map_base: 0x0000017343ed0000

Marking Bits (Prev, Next): (CMBitMap*) 0x0000017331887810, (CMBitMap*) 0x0000017331887850
 Prev Bits: [0x0000017344ac0000, 0x0000017346a40000)
 Next Bits: [0x0000017346a40000, 0x00000173489c0000)

Polling page: 0x000001732f7a0000

Metaspace:

Usage:
  Non-class:     18.87 MB used.
      Class:      2.29 MB used.
       Both:     21.15 MB used.

Virtual space:
  Non-class space:       64.00 MB reserved,      18.94 MB ( 30%) committed,  1 nodes.
      Class space:        1.00 GB reserved,       2.38 MB ( <1%) committed,  1 nodes.
             Both:        1.06 GB reserved,      21.31 MB (  2%) committed. 

Chunk freelists:
   Non-Class:  12.12 MB
       Class:  13.47 MB
        Both:  25.59 MB

MaxMetaspaceSize: unlimited
CompressedClassSpaceSize: 1.00 GB
Initial GC threshold: 21.00 MB
Current GC threshold: 21.31 MB
CDS: off
MetaspaceReclaimPolicy: balanced
 - commit_granule_bytes: 65536.
 - commit_granule_words: 8192.
 - virtual_space_node_default_size: 8388608.
 - enlarge_chunks_in_place: 1.
 - new_chunks_are_fully_committed: 0.
 - uncommit_free_chunks: 1.
 - use_allocation_guard: 0.
 - handle_deallocations: 1.


Internal statistics:

num_allocs_failed_limit: 5.
num_arena_births: 158.
num_arena_deaths: 0.
num_vsnodes_births: 2.
num_vsnodes_deaths: 0.
num_space_committed: 341.
num_space_uncommitted: 0.
num_chunks_returned_to_freelist: 5.
num_chunks_taken_from_freelist: 470.
num_chunk_merges: 5.
num_chunk_splits: 291.
num_chunks_enlarged: 204.
num_inconsistent_stats: 0.

CodeHeap 'non-profiled nmethods': size=120000Kb used=504Kb max_used=504Kb free=119495Kb
 bounds [0x000001733c9c0000, 0x000001733cc30000, 0x0000017343ef0000]
CodeHeap 'profiled nmethods': size=120000Kb used=3058Kb max_used=3058Kb free=116941Kb
 bounds [0x0000017334ef0000, 0x00000173351f0000, 0x000001733c420000]
CodeHeap 'non-nmethods': size=5760Kb used=1196Kb max_used=1217Kb free=4563Kb
 bounds [0x000001733c420000, 0x000001733c690000, 0x000001733c9c0000]
 total_blobs=2164 nmethods=1663 adapters=414
 compilation: enabled
              stopped_count=0, restarted_count=0
 full_count=0

Compilation events (20 events):
Event: 1.851 Thread 0x000001734f0294d0 nmethod 1655 0x00000173351ea810 code [0x00000173351ea9a0, 0x00000173351eab18]
Event: 1.855 Thread 0x000001734f028bd0 nmethod 1649 0x000001733ca3b010 code [0x000001733ca3b1c0, 0x000001733ca3b888]
Event: 1.855 Thread 0x000001734f028bd0 1656       4       jdk.internal.misc.Unsafe::allocateUninitializedArray (55 bytes)
Event: 1.861 Thread 0x000001734f028bd0 nmethod 1656 0x000001733ca3bc90 code [0x000001733ca3be20, 0x000001733ca3bfd8]
Event: 1.861 Thread 0x000001734f028bd0 1654   !   4       org.openqa.selenium.json.Input::init (71 bytes)
Event: 1.861 Thread 0x000001734f0294d0 1657   !   3       java.lang.ref.ReferenceQueue::remove (125 bytes)
Event: 1.862 Thread 0x000001734f0294d0 nmethod 1657 0x00000173351eab90 code [0x00000173351eada0, 0x00000173351eb558]
Event: 1.862 Thread 0x000001734f0294d0 1658   !   3       jdk.internal.ref.PhantomCleanable::isListEmpty (34 bytes)
Event: 1.862 Thread 0x000001734f0294d0 nmethod 1658 0x00000173351eb890 code [0x00000173351eba20, 0x00000173351ebc78]
Event: 1.862 Thread 0x000001734f0294d0 1659       3       jdk.internal.misc.InnocuousThread::eraseThreadLocals (23 bytes)
Event: 1.862 Thread 0x000001734f0294d0 nmethod 1659 0x00000173351ebd90 code [0x00000173351ebf20, 0x00000173351ec118]
Event: 1.874 Thread 0x000001734f028bd0 nmethod 1654 0x000001733ca3c110 code [0x000001733ca3c2e0, 0x000001733ca3cdb8]
Event: 1.878 Thread 0x000001734f028bd0 1660       4       java.lang.StringLatin1::indexOf (36 bytes)
Event: 1.879 Thread 0x000001734f028bd0 nmethod 1660 0x000001733ca3d590 code [0x000001733ca3d700, 0x000001733ca3d898]
Event: 1.884 Thread 0x000001734f028bd0 1661       4       java.lang.String::substring (58 bytes)
Event: 1.885 Thread 0x000001734f0294d0 1662       3       java.lang.StringUTF16::charAt (11 bytes)
Event: 1.885 Thread 0x000001734f0294d0 nmethod 1662 0x00000173351ec190 code [0x00000173351ec340, 0x00000173351ec548]
Event: 1.885 Thread 0x000001734f0294d0 1663       3       java.lang.StringUTF16::length (5 bytes)
Event: 1.885 Thread 0x000001734f0294d0 nmethod 1663 0x00000173351ec690 code [0x00000173351ec820, 0x00000173351ec918]
Event: 1.891 Thread 0x000001734f028bd0 nmethod 1661 0x000001733ca3d990 code [0x000001733ca3db40, 0x000001733ca3e0c8]

GC Heap History (6 events):
Event: 1.052 GC heap before
{Heap before GC invocations=0 (full 0):
 garbage-first heap   total 129024K, used 14336K [0x0000000082000000, 0x0000000100000000)
  region size 1024K, 13 young (13312K), 0 survivors (0K)
 Metaspace       used 14084K, committed 14272K, reserved 1114112K
  class space    used 1395K, committed 1472K, reserved 1048576K
}
Event: 1.058 GC heap after
{Heap after GC invocations=1 (full 0):
 garbage-first heap   total 129024K, used 3345K [0x0000000082000000, 0x0000000100000000)
  region size 1024K, 2 young (2048K), 2 survivors (2048K)
 Metaspace       used 14084K, committed 14272K, reserved 1114112K
  class space    used 1395K, committed 1472K, reserved 1048576K
}
Event: 1.724 GC heap before
{Heap before GC invocations=1 (full 0):
 garbage-first heap   total 129024K, used 18705K [0x0000000082000000, 0x0000000100000000)
  region size 1024K, 18 young (18432K), 2 survivors (2048K)
 Metaspace       used 20415K, committed 20672K, reserved 1114112K
  class space    used 2128K, committed 2240K, reserved 1048576K
}
Event: 1.732 GC heap after
{Heap after GC invocations=2 (full 0):
 garbage-first heap   total 129024K, used 6169K [0x0000000082000000, 0x0000000100000000)
  region size 1024K, 3 young (3072K), 3 survivors (3072K)
 Metaspace       used 20415K, committed 20672K, reserved 1114112K
  class space    used 2128K, committed 2240K, reserved 1048576K
}
Event: 1.856 GC heap before
{Heap before GC invocations=2 (full 0):
 garbage-first heap   total 129024K, used 10265K [0x0000000082000000, 0x0000000100000000)
  region size 1024K, 8 young (8192K), 3 survivors (3072K)
 Metaspace       used 21324K, committed 21504K, reserved 1114112K
  class space    used 2298K, committed 2368K, reserved 1048576K
}
Event: 1.860 GC heap after
{Heap after GC invocations=3 (full 0):
 garbage-first heap   total 129024K, used 6609K [0x0000000082000000, 0x0000000100000000)
  region size 1024K, 4 young (4096K), 4 survivors (4096K)
 Metaspace       used 21324K, committed 21504K, reserved 1114112K
  class space    used 2298K, committed 2368K, reserved 1048576K
}

Dll operation events (7 events):
Event: 0.013 Loaded shared library C:\Users\XSC-10286\.p2\pool\plugins\org.eclipse.justj.openjdk.hotspot.jre.full.win32.x86_64_17.0.7.v20230425-1502\jre\bin\java.dll
Event: 0.201 Loaded shared library C:\Users\XSC-10286\.p2\pool\plugins\org.eclipse.justj.openjdk.hotspot.jre.full.win32.x86_64_17.0.7.v20230425-1502\jre\bin\net.dll
Event: 0.203 Loaded shared library C:\Users\XSC-10286\.p2\pool\plugins\org.eclipse.justj.openjdk.hotspot.jre.full.win32.x86_64_17.0.7.v20230425-1502\jre\bin\nio.dll
Event: 0.214 Loaded shared library C:\Users\XSC-10286\.p2\pool\plugins\org.eclipse.justj.openjdk.hotspot.jre.full.win32.x86_64_17.0.7.v20230425-1502\jre\bin\zip.dll
Event: 0.370 Loaded shared library C:\Users\XSC-10286\.p2\pool\plugins\org.eclipse.justj.openjdk.hotspot.jre.full.win32.x86_64_17.0.7.v20230425-1502\jre\bin\jimage.dll
Event: 1.284 Loaded shared library C:\Users\XSC-10286\.p2\pool\plugins\org.eclipse.justj.openjdk.hotspot.jre.full.win32.x86_64_17.0.7.v20230425-1502\jre\bin\sunmscapi.dll
Event: 1.557 Loaded shared library C:\Users\XSC-10286\.p2\pool\plugins\org.eclipse.justj.openjdk.hotspot.jre.full.win32.x86_64_17.0.7.v20230425-1502\jre\bin\verify.dll

Deoptimization events (20 events):
Event: 1.777 Thread 0x000001733182bdf0 DEOPT PACKING pc=0x000001733ca37ec4 sp=0x00000032de6fcd30
Event: 1.777 Thread 0x000001733182bdf0 DEOPT UNPACKING pc=0x000001733c4769a3 sp=0x00000032de6fccb8 mode 2
Event: 1.777 Thread 0x000001733182bdf0 Uncommon trap: trap_request=0xffffffde fr.pc=0x000001733ca37ec4 relative=0x0000000000000124
Event: 1.777 Thread 0x000001733182bdf0 Uncommon trap: reason=class_check action=maybe_recompile pc=0x000001733ca37ec4 method=jdk.internal.misc.Unsafe.allocateUninitializedArray(Ljava/lang/Class;I)Ljava/lang/Object; @ 51 c2
Event: 1.777 Thread 0x000001733182bdf0 DEOPT PACKING pc=0x000001733ca37ec4 sp=0x00000032de6fc930
Event: 1.777 Thread 0x000001733182bdf0 DEOPT UNPACKING pc=0x000001733c4769a3 sp=0x00000032de6fc8b8 mode 2
Event: 1.781 Thread 0x000001733182bdf0 Uncommon trap: trap_request=0xffffffde fr.pc=0x000001733ca37ec4 relative=0x0000000000000124
Event: 1.781 Thread 0x000001733182bdf0 Uncommon trap: reason=class_check action=maybe_recompile pc=0x000001733ca37ec4 method=jdk.internal.misc.Unsafe.allocateUninitializedArray(Ljava/lang/Class;I)Ljava/lang/Object; @ 51 c2
Event: 1.781 Thread 0x000001733182bdf0 DEOPT PACKING pc=0x000001733ca37ec4 sp=0x00000032de6fc4c0
Event: 1.781 Thread 0x000001733182bdf0 DEOPT UNPACKING pc=0x000001733c4769a3 sp=0x00000032de6fc448 mode 2
Event: 1.781 Thread 0x000001733182bdf0 Uncommon trap: trap_request=0xffffffde fr.pc=0x000001733ca37ec4 relative=0x0000000000000124
Event: 1.781 Thread 0x000001733182bdf0 Uncommon trap: reason=class_check action=maybe_recompile pc=0x000001733ca37ec4 method=jdk.internal.misc.Unsafe.allocateUninitializedArray(Ljava/lang/Class;I)Ljava/lang/Object; @ 51 c2
Event: 1.781 Thread 0x000001733182bdf0 DEOPT PACKING pc=0x000001733ca37ec4 sp=0x00000032de6fc0c0
Event: 1.781 Thread 0x000001733182bdf0 DEOPT UNPACKING pc=0x000001733c4769a3 sp=0x00000032de6fc048 mode 2
Event: 1.795 Thread 0x000001733182bdf0 DEOPT PACKING pc=0x000001733518f8d6 sp=0x00000032de6fd0b0
Event: 1.795 Thread 0x000001733182bdf0 DEOPT UNPACKING pc=0x000001733c477143 sp=0x00000032de6fc550 mode 0
Event: 1.818 Thread 0x000001733182bdf0 DEOPT PACKING pc=0x00000173351961fe sp=0x00000032de6f8b20
Event: 1.818 Thread 0x000001733182bdf0 DEOPT UNPACKING pc=0x000001733c477143 sp=0x00000032de6f7f90 mode 0
Event: 1.878 Thread 0x000001733182bdf0 DEOPT PACKING pc=0x00000173351961fe sp=0x00000032de6f8580
Event: 1.878 Thread 0x000001733182bdf0 DEOPT UNPACKING pc=0x000001733c477143 sp=0x00000032de6f79f0 mode 0

Classes unloaded (0 events):
No events

Classes redefined (0 events):
No events

Internal exceptions (20 events):
Event: 1.584 Thread 0x000001734f024bb0 Exception <a 'java/net/ConnectException'{0x0000000088d75718}: Connection refused: no further information> (0x0000000088d75718) 
thrown [s\src\hotspot\share\prims\jni.cpp, line 535]
Event: 1.584 Thread 0x000001734f024bb0 Exception <a 'java/net/SocketException'{0x0000000088d75a50}: Socket is not connected: shutdown> (0x0000000088d75a50) 
thrown [s\src\hotspot\share\prims\jni.cpp, line 535]
Event: 1.586 Thread 0x000001734f022060 Exception <a 'java/lang/NoSuchMethodError'{0x0000000088d8a368}: 'java.lang.Object java.lang.invoke.DirectMethodHandle$Holder.invokeStaticInit(java.lang.Object, java.lang.Object, long, java.lang.Object)'> (0x0000000088d8a368) 
thrown [s\src\hotspot\share\interpreter\linkResolver.cpp, line 759]
Event: 1.587 Thread 0x000001734f022060 Exception <a 'java/lang/NoSuchMethodError'{0x0000000088d903f0}: 'java.lang.Object java.lang.invoke.DirectMethodHandle$Holder.newInvokeSpecial(java.lang.Object, java.lang.Object, long)'> (0x0000000088d903f0) 
thrown [s\src\hotspot\share\interpreter\linkResolver.cpp, line 759]
Event: 1.588 Thread 0x000001734f022060 Exception <a 'java/lang/NoSuchMethodError'{0x0000000088d93f60}: 'java.lang.Object java.lang.invoke.Invokers$Holder.linkToTargetMethod(java.lang.Object, long, java.lang.Object)'> (0x0000000088d93f60) 
thrown [s\src\hotspot\share\interpreter\linkResolver.cpp, line 759]
Event: 1.602 Thread 0x000001734f024bb0 Exception <a 'java/net/ConnectException'{0x0000000088d76ab8}: Connection refused: no further information> (0x0000000088d76ab8) 
thrown [s\src\hotspot\share\prims\jni.cpp, line 535]
Event: 1.602 Thread 0x000001734f024bb0 Exception <a 'java/net/SocketException'{0x0000000088d76df0}: Socket is not connected: shutdown> (0x0000000088d76df0) 
thrown [s\src\hotspot\share\prims\jni.cpp, line 535]
Event: 1.634 Thread 0x000001734f024bb0 Exception <a 'java/net/ConnectException'{0x0000000088d77d88}: Connection refused: no further information> (0x0000000088d77d88) 
thrown [s\src\hotspot\share\prims\jni.cpp, line 535]
Event: 1.634 Thread 0x000001734f024bb0 Exception <a 'java/net/SocketException'{0x0000000088d780c0}: Socket is not connected: shutdown> (0x0000000088d780c0) 
thrown [s\src\hotspot\share\prims\jni.cpp, line 535]
Event: 1.700 Thread 0x000001733182bdf0 Exception <a 'java/lang/NoSuchMethodError'{0x0000000088c297f8}: 'java.lang.Object java.lang.invoke.DirectMethodHandle$Holder.invokeInterface(java.lang.Object, java.lang.Object, java.lang.Object)'> (0x0000000088c297f8) 
thrown [s\src\hotspot\share\interpreter\linkResolver.cpp, line 759]
Event: 1.701 Thread 0x000001733182bdf0 Exception <a 'java/lang/IncompatibleClassChangeError'{0x0000000088c2d360}: Found class java.lang.Object, but interface was expected> (0x0000000088c2d360) 
thrown [s\src\hotspot\share\interpreter\linkResolver.cpp, line 826]
Event: 1.702 Thread 0x000001733182bdf0 Exception <a 'java/lang/NoSuchMethodError'{0x0000000088c35ac0}: 'int java.lang.invoke.DirectMethodHandle$Holder.invokeSpecialIFC(java.lang.Object, java.lang.Object, java.lang.Object, java.lang.Object)'> (0x0000000088c35ac0) 
thrown [s\src\hotspot\share\interpreter\linkResolver.cpp, line 759]
Event: 1.703 Thread 0x000001733182bdf0 Exception <a 'java/lang/NoSuchMethodError'{0x0000000088c3dda0}: 'java.lang.Object java.lang.invoke.DirectMethodHandle$Holder.invokeInterface(java.lang.Object, java.lang.Object, java.lang.Object, java.lang.Object)'> (0x0000000088c3dda0) 
thrown [s\src\hotspot\share\interpreter\linkResolver.cpp, line 759]
Event: 1.709 Thread 0x000001733182bdf0 Exception <a 'java/lang/NoSuchMethodError'{0x0000000088c64210}: 'java.lang.Object java.lang.invoke.DirectMethodHandle$Holder.invokeVirtual(java.lang.Object, java.lang.Object, java.lang.Object)'> (0x0000000088c64210) 
thrown [s\src\hotspot\share\interpreter\linkResolver.cpp, line 759]
Event: 1.720 Thread 0x000001733182bdf0 Exception <a 'java/lang/NoSuchMethodError'{0x0000000088cd2f70}: 'void java.lang.invoke.DirectMethodHandle$Holder.invokeInterface(java.lang.Object, java.lang.Object, java.lang.Object)'> (0x0000000088cd2f70) 
thrown [s\src\hotspot\share\interpreter\linkResolver.cpp, line 759]
Event: 1.737 Thread 0x000001733182bdf0 Exception <a 'java/lang/NoSuchMethodError'{0x0000000089d28c30}: 'double java.lang.invoke.DirectMethodHandle$Holder.invokeVirtual(java.lang.Object, java.lang.Object)'> (0x0000000089d28c30) 
thrown [s\src\hotspot\share\interpreter\linkResolver.cpp, line 759]
Event: 1.738 Thread 0x000001733182bdf0 Exception <a 'java/lang/NoSuchMethodError'{0x0000000089d2f3b0}: 'float java.lang.invoke.DirectMethodHandle$Holder.invokeVirtual(java.lang.Object, java.lang.Object)'> (0x0000000089d2f3b0) 
thrown [s\src\hotspot\share\interpreter\linkResolver.cpp, line 759]
Event: 1.739 Thread 0x000001733182bdf0 Exception <a 'java/lang/NoSuchMethodError'{0x0000000089d38370}: 'long java.lang.invoke.DirectMethodHandle$Holder.invokeVirtual(java.lang.Object, java.lang.Object)'> (0x0000000089d38370) 
thrown [s\src\hotspot\share\interpreter\linkResolver.cpp, line 759]
Event: 1.777 Thread 0x000001733182bdf0 Exception <a 'java/lang/NoSuchMethodError'{0x0000000089c72870}: 'void java.lang.invoke.DirectMethodHandle$Holder.invokeSpecial(java.lang.Object, java.lang.Object, java.lang.Object, java.lang.Object, java.lang.Object)'> (0x0000000089c72870) 
thrown [s\src\hotspot\share\interpreter\linkResolver.cpp, line 759]
Event: 1.803 Thread 0x000001733182bdf0 Exception <a 'java/lang/NoSuchMethodError'{0x0000000089b262b0}: 'java.lang.Object java.lang.invoke.DirectMethodHandle$Holder.newInvokeSpecial(java.lang.Object, java.lang.Object, java.lang.Object, java.lang.Object, java.lang.Object)'> (0x0000000089b262b0) 
thrown [s\src\hotspot\share\interpreter\linkResolver.cpp, line 759]

VM Operations (20 events):
Event: 0.733 Executing VM operation: HandshakeAllThreads done
Event: 1.051 Executing VM operation: G1CollectForAllocation
Event: 1.058 Executing VM operation: G1CollectForAllocation done
Event: 1.175 Executing VM operation: HandshakeAllThreads
Event: 1.176 Executing VM operation: HandshakeAllThreads done
Event: 1.213 Executing VM operation: HandshakeAllThreads
Event: 1.213 Executing VM operation: HandshakeAllThreads done
Event: 1.269 Executing VM operation: HandshakeAllThreads
Event: 1.269 Executing VM operation: HandshakeAllThreads done
Event: 1.444 Executing VM operation: HandshakeAllThreads
Event: 1.444 Executing VM operation: HandshakeAllThreads done
Event: 1.684 Executing VM operation: HandshakeAllThreads
Event: 1.684 Executing VM operation: HandshakeAllThreads done
Event: 1.686 Executing VM operation: HandshakeAllThreads
Event: 1.686 Executing VM operation: HandshakeAllThreads done
Event: 1.724 Executing VM operation: G1CollectForAllocation
Event: 1.732 Executing VM operation: G1CollectForAllocation done
Event: 1.856 Executing VM operation: CollectForMetadataAllocation
Event: 1.861 Executing VM operation: CollectForMetadataAllocation done
Event: 1.888 Executing VM operation: CollectForMetadataAllocation

Events (20 events):
Event: 1.780 loading class java/util/function/UnaryOperator
Event: 1.780 loading class java/util/function/UnaryOperator done
Event: 1.808 loading class java/util/Collections$2
Event: 1.809 loading class java/util/Collections$2 done
Event: 1.809 loading class java/util/stream/ReferencePipeline$15
Event: 1.809 loading class java/util/stream/ReferencePipeline$15 done
Event: 1.810 loading class java/util/stream/ReferencePipeline$15$1
Event: 1.810 loading class java/util/stream/ReferencePipeline$15$1 done
Event: 1.829 loading class java/util/TreeMap$EntrySpliterator
Event: 1.830 loading class java/util/TreeMap$TreeMapSpliterator
Event: 1.830 loading class java/util/TreeMap$TreeMapSpliterator done
Event: 1.830 loading class java/util/TreeMap$EntrySpliterator done
Event: 1.831 loading class java/util/stream/DistinctOps
Event: 1.831 loading class java/util/stream/DistinctOps done
Event: 1.831 loading class java/util/stream/DistinctOps$1
Event: 1.831 loading class java/util/stream/DistinctOps$1 done
Event: 1.847 loading class java/util/stream/DistinctOps$1$2
Event: 1.847 loading class java/util/stream/DistinctOps$1$2 done
Event: 1.886 loading class java/util/DualPivotQuicksort
Event: 1.887 loading class java/util/DualPivotQuicksort done


Dynamic libraries:
0x00007ff733c80000 - 0x00007ff733c8e000 	C:\Users\XSC-10286\.p2\pool\plugins\org.eclipse.justj.openjdk.hotspot.jre.full.win32.x86_64_17.0.7.v20230425-1502\jre\bin\javaw.exe
0x00007fffc5ab0000 - 0x00007fffc5ca8000 	C:\WINDOWS\SYSTEM32\ntdll.dll
0x00007fffc5600000 - 0x00007fffc56bf000 	C:\WINDOWS\System32\KERNEL32.DLL
0x00007fffc36f0000 - 0x00007fffc39e6000 	C:\WINDOWS\System32\KERNELBASE.dll
0x00007fffc3250000 - 0x00007fffc3350000 	C:\WINDOWS\System32\ucrtbase.dll
0x00007fffbcb90000 - 0x00007fffbcba7000 	C:\Users\XSC-10286\.p2\pool\plugins\org.eclipse.justj.openjdk.hotspot.jre.full.win32.x86_64_17.0.7.v20230425-1502\jre\bin\jli.dll
0x00007fffc3c40000 - 0x00007fffc3ddd000 	C:\WINDOWS\System32\USER32.dll
0x00007fffc3220000 - 0x00007fffc3242000 	C:\WINDOWS\System32\win32u.dll
0x00007fffc55d0000 - 0x00007fffc55fc000 	C:\WINDOWS\System32\GDI32.dll
0x00007fffc3350000 - 0x00007fffc3465000 	C:\WINDOWS\System32\gdi32full.dll
0x00007fffc3650000 - 0x00007fffc36ed000 	C:\WINDOWS\System32\msvcp_win.dll
0x00007fffbcae0000 - 0x00007fffbcaf9000 	C:\Users\XSC-10286\.p2\pool\plugins\org.eclipse.justj.openjdk.hotspot.jre.full.win32.x86_64_17.0.7.v20230425-1502\jre\bin\VCRUNTIME140.dll
0x00007fffc2520000 - 0x00007fffc27ba000 	C:\WINDOWS\WinSxS\amd64_microsoft.windows.common-controls_6595b64144ccf1df_6.0.19041.1110_none_60b5254171f9507e\COMCTL32.dll
0x00007fffc5700000 - 0x00007fffc579e000 	C:\WINDOWS\System32\msvcrt.dll
0x00007fffc56d0000 - 0x00007fffc5700000 	C:\WINDOWS\System32\IMM32.DLL
0x00007fffbcad0000 - 0x00007fffbcadc000 	C:\Users\XSC-10286\.p2\pool\plugins\org.eclipse.justj.openjdk.hotspot.jre.full.win32.x86_64_17.0.7.v20230425-1502\jre\bin\vcruntime140_1.dll
0x00007fffa29e0000 - 0x00007fffa2a71000 	C:\Users\XSC-10286\.p2\pool\plugins\org.eclipse.justj.openjdk.hotspot.jre.full.win32.x86_64_17.0.7.v20230425-1502\jre\bin\msvcp140.dll
0x00007fff653b0000 - 0x00007fff65ff8000 	C:\Users\XSC-10286\.p2\pool\plugins\org.eclipse.justj.openjdk.hotspot.jre.full.win32.x86_64_17.0.7.v20230425-1502\jre\bin\server\jvm.dll
0x00007fffc57a0000 - 0x00007fffc584f000 	C:\WINDOWS\System32\ADVAPI32.dll
0x00007fffc5850000 - 0x00007fffc58ec000 	C:\WINDOWS\System32\sechost.dll
0x00007fffc5240000 - 0x00007fffc5366000 	C:\WINDOWS\System32\RPCRT4.dll
0x00007fffaf990000 - 0x00007fffaf999000 	C:\WINDOWS\SYSTEM32\WSOCK32.dll
0x00007fffc4940000 - 0x00007fffc49ab000 	C:\WINDOWS\System32\WS2_32.dll
0x00007fffb3c00000 - 0x00007fffb3c27000 	C:\WINDOWS\SYSTEM32\WINMM.dll
0x00007fffc0f50000 - 0x00007fffc0f5a000 	C:\WINDOWS\SYSTEM32\VERSION.dll
0x00007fffc0bc0000 - 0x00007fffc0bd2000 	C:\WINDOWS\SYSTEM32\kernel.appcore.dll
0x00007fffc0fb0000 - 0x00007fffc0fba000 	C:\Users\XSC-10286\.p2\pool\plugins\org.eclipse.justj.openjdk.hotspot.jre.full.win32.x86_64_17.0.7.v20230425-1502\jre\bin\jimage.dll
0x00007fffc2ba0000 - 0x00007fffc2d84000 	C:\WINDOWS\SYSTEM32\DBGHELP.DLL
0x00007fffc2940000 - 0x00007fffc2974000 	C:\WINDOWS\SYSTEM32\dbgcore.DLL
0x00007fffc3190000 - 0x00007fffc3212000 	C:\WINDOWS\System32\bcryptPrimitives.dll
0x00007fffb8fa0000 - 0x00007fffb8fc5000 	C:\Users\XSC-10286\.p2\pool\plugins\org.eclipse.justj.openjdk.hotspot.jre.full.win32.x86_64_17.0.7.v20230425-1502\jre\bin\java.dll
0x00007fffb9130000 - 0x00007fffb9148000 	C:\Users\XSC-10286\.p2\pool\plugins\org.eclipse.justj.openjdk.hotspot.jre.full.win32.x86_64_17.0.7.v20230425-1502\jre\bin\zip.dll
0x00007fffc49b0000 - 0x00007fffc50f4000 	C:\WINDOWS\System32\SHELL32.dll
0x00007fffc0250000 - 0x00007fffc09e3000 	C:\WINDOWS\SYSTEM32\windows.storage.dll
0x00007fffc45d0000 - 0x00007fffc4924000 	C:\WINDOWS\System32\combase.dll
0x00007fffc24f0000 - 0x00007fffc251e000 	C:\WINDOWS\SYSTEM32\Wldp.dll
0x00007fffc5370000 - 0x00007fffc541d000 	C:\WINDOWS\System32\SHCORE.dll
0x00007fffc3f70000 - 0x00007fffc3fc5000 	C:\WINDOWS\System32\shlwapi.dll
0x00007fffc30d0000 - 0x00007fffc30ef000 	C:\WINDOWS\SYSTEM32\profapi.dll
0x00007fffb8f10000 - 0x00007fffb8f29000 	C:\Users\XSC-10286\.p2\pool\plugins\org.eclipse.justj.openjdk.hotspot.jre.full.win32.x86_64_17.0.7.v20230425-1502\jre\bin\net.dll
0x00007fffb4d10000 - 0x00007fffb4e1a000 	C:\WINDOWS\SYSTEM32\WINHTTP.dll
0x00007fffc23d0000 - 0x00007fffc243a000 	C:\WINDOWS\system32\mswsock.dll
0x00007fffb5530000 - 0x00007fffb5545000 	C:\Users\XSC-10286\.p2\pool\plugins\org.eclipse.justj.openjdk.hotspot.jre.full.win32.x86_64_17.0.7.v20230425-1502\jre\bin\nio.dll
0x00007fffc1e30000 - 0x00007fffc1efb000 	C:\WINDOWS\SYSTEM32\DNSAPI.dll
0x00007fffc2130000 - 0x00007fffc216c000 	C:\WINDOWS\SYSTEM32\IPHLPAPI.DLL
0x00007fffc56c0000 - 0x00007fffc56c8000 	C:\WINDOWS\System32\NSI.dll
0x00007fffb3b90000 - 0x00007fffb3b9a000 	C:\Windows\System32\rasadhlp.dll
0x00007fffb3ff0000 - 0x00007fffb4072000 	C:\WINDOWS\System32\fwpuclnt.dll
0x00007fffc3470000 - 0x00007fffc3497000 	C:\WINDOWS\System32\bcrypt.dll
0x00007fffc2eb0000 - 0x00007fffc2ec8000 	C:\WINDOWS\SYSTEM32\CRYPTSP.dll
0x00007fffc1ba0000 - 0x00007fffc1bd4000 	C:\WINDOWS\system32\rsaenh.dll
0x00007fffc3050000 - 0x00007fffc307e000 	C:\WINDOWS\SYSTEM32\USERENV.dll
0x00007fffc2320000 - 0x00007fffc232c000 	C:\WINDOWS\SYSTEM32\CRYPTBASE.dll
0x00007fffb5290000 - 0x00007fffb52a7000 	C:\WINDOWS\SYSTEM32\dhcpcsvc6.DLL
0x00007fffb5360000 - 0x00007fffb537d000 	C:\WINDOWS\SYSTEM32\dhcpcsvc.DLL
0x00007fffb54e0000 - 0x00007fffb54ee000 	C:\Users\XSC-10286\.p2\pool\plugins\org.eclipse.justj.openjdk.hotspot.jre.full.win32.x86_64_17.0.7.v20230425-1502\jre\bin\sunmscapi.dll
0x00007fffc34f0000 - 0x00007fffc364e000 	C:\WINDOWS\System32\CRYPT32.dll
0x00007fffc2800000 - 0x00007fffc2828000 	C:\WINDOWS\SYSTEM32\ncrypt.dll
0x00007fffc27c0000 - 0x00007fffc27fb000 	C:\WINDOWS\SYSTEM32\NTASN1.dll
0x00007fffba040000 - 0x00007fffba050000 	C:\Users\XSC-10286\.p2\pool\plugins\org.eclipse.justj.openjdk.hotspot.jre.full.win32.x86_64_17.0.7.v20230425-1502\jre\bin\verify.dll

dbghelp: loaded successfully - version: 4.0.5 - missing functions: none
symbol engine: initialized successfully - sym options: 0x614 - pdb path: .;C:\Users\XSC-10286\.p2\pool\plugins\org.eclipse.justj.openjdk.hotspot.jre.full.win32.x86_64_17.0.7.v20230425-1502\jre\bin;C:\WINDOWS\SYSTEM32;C:\WINDOWS\WinSxS\amd64_microsoft.windows.common-controls_6595b64144ccf1df_6.0.19041.1110_none_60b5254171f9507e;C:\Users\XSC-10286\.p2\pool\plugins\org.eclipse.justj.openjdk.hotspot.jre.full.win32.x86_64_17.0.7.v20230425-1502\jre\bin\server

VM Arguments:
jvm_args: -ea -Dfile.encoding=UTF-8 -XX:+ShowCodeDetailsInExceptionMessages 
java_command: org.testng.remote.RemoteTestNG -serport 50069 -protocol json -d C:\Users\XSC-10286\eclipse-workspace\Intel_School_Live\test-output C:\Users\XSC-10~1\AppData\Local\Temp\testng-eclipse--1821165928\testng-customsuite.xml
java_class_path (initial): C:\Users\XSC-10286\eclipse\java-2023-032\eclipse\configuration\org.eclipse.osgi\446\0\.cp\lib\testng-remote.jar;C:\Users\XSC-10286\eclipse-workspace\Intel_School_Live\bin;C:\Users\XSC-10286\Desktop\Selenium\selenium-server-standalone-3.141.5.jar;C:\Users\XSC-10286\.p2\pool\plugins\org.testng_7.4.0.r202105021533.jar;C:\Users\XSC-10286\.p2\pool\plugins\com.beust.jcommander_1.78.0.jar;C:\Users\XSC-10286\.p2\pool\plugins\org.apache-extras.beanshell.bsh_2.0.0.b6.jar;C:\Users\XSC-10286\.p2\pool\plugins\org.yaml.snakeyaml_1.27.0.v20221112-0806.jar;C:\Users\XSC-10286\.p2\pool\plugins\org.webjars.jquery_3.5.1.jar;C:\Users\XSC-10286\.m2\repository\org\seleniumhq\selenium\selenium-support\4.9.1\selenium-support-4.9.1.jar
Launcher Type: SUN_STANDARD

[Global flags]
     intx CICompilerCount                          = 3                                         {product} {ergonomic}
     uint ConcGCThreads                            = 1                                         {product} {ergonomic}
     uint G1ConcRefinementThreads                  = 4                                         {product} {ergonomic}
   size_t G1HeapRegionSize                         = 1048576                                   {product} {ergonomic}
    uintx GCDrainStackTargetSize                   = 64                                        {product} {ergonomic}
   size_t InitialHeapSize                          = 132120576                                 {product} {ergonomic}
   size_t MarkStackSize                            = 4194304                                   {product} {ergonomic}
   size_t MaxHeapSize                              = 2113929216                                {product} {ergonomic}
   size_t MaxNewSize                               = 1267728384                                {product} {ergonomic}
   size_t MinHeapDeltaBytes                        = 1048576                                   {product} {ergonomic}
   size_t MinHeapSize                              = 8388608                                   {product} {ergonomic}
    uintx NonNMethodCodeHeapSize                   = 5832780                                {pd product} {ergonomic}
    uintx NonProfiledCodeHeapSize                  = 122912730                              {pd product} {ergonomic}
    uintx ProfiledCodeHeapSize                     = 122912730                              {pd product} {ergonomic}
    uintx ReservedCodeCacheSize                    = 251658240                              {pd product} {ergonomic}
     bool SegmentedCodeCache                       = true                                      {product} {ergonomic}
     bool ShowCodeDetailsInExceptionMessages       = true                                   {manageable} {command line}
   size_t SoftMaxHeapSize                          = 2113929216                             {manageable} {ergonomic}
     bool UseCompressedClassPointers               = true                           {product lp64_product} {ergonomic}
     bool UseCompressedOops                        = true                           {product lp64_product} {ergonomic}
     bool UseG1GC                                  = true                                      {product} {ergonomic}
     bool UseLargePagesIndividualAllocation        = false                                  {pd product} {ergonomic}

Logging:
Log output configuration:
 #0: stdout all=warning uptime,level,tags
 #1: stderr all=off uptime,level,tags

Environment Variables:
PATH=C:/Users/XSC-10286/.p2/pool/plugins/org.eclipse.justj.openjdk.hotspot.jre.full.win32.x86_64_17.0.7.v20230425-1502/jre/bin/server;C:/Users/XSC-10286/.p2/pool/plugins/org.eclipse.justj.openjdk.hotspot.jre.full.win32.x86_64_17.0.7.v20230425-1502/jre/bin;C:\Program Files (x86)\Common Files\Oracle\Java\javapath;C:\Program Files (x86)\Intel\Intel(R) Management Engine Components\iCLS\;C:\Program Files\Intel\Intel(R) Management Engine Components\iCLS\;C:\WINDOWS\system32;C:\WINDOWS;C:\WINDOWS\System32\Wbem;C:\WINDOWS\System32\WindowsPowerShell\v1.0\;C:\WINDOWS\System32\OpenSSH\;C:\Program Files (x86)\Intel\Intel(R) Management Engine Components\DAL;C:\Program Files\Intel\Intel(R) Management Engine Components\DAL;C:\Program Files (x86)\Intel\Intel(R) Management Engine Components\IPT;C:\Program Files\Intel\Intel(R) Management Engine Components\IPT;C:\Program Files\Intel\WiFi\bin\;C:\Program Files\Common Files\Intel\WirelessCommon\;C:\Program Files\PuTTY\;C:\Users\XSC-10286\AppData\Local\Microsoft\WindowsApps;;C:\WINDOWS\system32;
USERNAME=XSC-10286
OS=Windows_NT
PROCESSOR_IDENTIFIER=Intel64 Family 6 Model 142 Stepping 9, GenuineIntel
TMP=C:\Users\XSC-10~1\AppData\Local\Temp
TEMP=C:\Users\XSC-10~1\AppData\Local\Temp



---------------  S Y S T E M  ---------------

OS:
 Windows 10 , 64 bit Build 19041 (10.0.19041.2913)
OS uptime: 0 days 5:45 hours

CPU: total 4 (initial active 4) (2 cores per cpu, 2 threads per core) family 6 model 142 stepping 9 microcode 0xb4, cx8, cmov, fxsr, ht, mmx, 3dnowpref, sse, sse2, sse3, ssse3, sse4.1, sse4.2, popcnt, lzcnt, tsc, tscinvbit, avx, avx2, aes, erms, clmul, bmi1, bmi2, adx, fma, vzeroupper, clflush, clflushopt

Memory: 4k page, system-wide physical 8058M (2155M free)
TotalPageFile size 16250M (AvailPageFile size 8412M)
current process WorkingSet (physical memory assigned to process): 91M, peak: 91M
current process commit charge ("private bytes"): 222M, peak: 222M

vm_info: OpenJDK 64-Bit Server VM (17.0.7+7) for windows-amd64 JRE (17.0.7+7), built on Apr 18 2023 22:10:42 by "temurin" with MS VC++ 16.7 (VS2019)

END.
